{"/home/deekshitha.t/jobapplicationportal2/controllers/indexcontroller.js":{"path":"/home/deekshitha.t/jobapplicationportal2/controllers/indexcontroller.js","statementMap":{"0":{"start":{"line":1,"column":15},"end":{"line":1,"column":32}},"1":{"start":{"line":2,"column":14},"end":{"line":2,"column":32}},"2":{"start":{"line":3,"column":11},"end":{"line":3,"column":26}},"3":{"start":{"line":4,"column":10},"end":{"line":4,"column":19}},"4":{"start":{"line":5,"column":0},"end":{"line":5,"column":27}},"5":{"start":{"line":7,"column":21},"end":{"line":7,"column":45}},"6":{"start":{"line":8,"column":13},"end":{"line":8,"column":30}},"7":{"start":{"line":9,"column":17},"end":{"line":9,"column":38}},"8":{"start":{"line":10,"column":0},"end":{"line":10,"column":55}},"9":{"start":{"line":11,"column":0},"end":{"line":11,"column":30}},"10":{"start":{"line":12,"column":0},"end":{"line":12,"column":48}},"11":{"start":{"line":13,"column":15},"end":{"line":13,"column":34}},"12":{"start":{"line":16,"column":0},"end":{"line":16,"column":63}},"13":{"start":{"line":18,"column":10},"end":{"line":18,"column":33}},"14":{"start":{"line":19,"column":19},"end":{"line":19,"column":43}},"15":{"start":{"line":20,"column":0},"end":{"line":20,"column":23}},"16":{"start":{"line":21,"column":0},"end":{"line":21,"column":41}},"17":{"start":{"line":24,"column":14},"end":{"line":24,"column":36}},"18":{"start":{"line":26,"column":13},"end":{"line":26,"column":38}},"19":{"start":{"line":27,"column":15},"end":{"line":27,"column":45}},"20":{"start":{"line":28,"column":24},"end":{"line":28,"column":57}},"21":{"start":{"line":29,"column":26},"end":{"line":29,"column":59}},"22":{"start":{"line":33,"column":12},"end":{"line":64,"column":1}},"23":{"start":{"line":34,"column":4},"end":{"line":63,"column":4}},"24":{"start":{"line":36,"column":7},"end":{"line":59,"column":8}},"25":{"start":{"line":37,"column":11},"end":{"line":37,"column":40}},"26":{"start":{"line":38,"column":22},"end":{"line":38,"column":93}},"27":{"start":{"line":39,"column":7},"end":{"line":39,"column":56}},"28":{"start":{"line":40,"column":7},"end":{"line":40,"column":59}},"29":{"start":{"line":42,"column":12},"end":{"line":59,"column":8}},"30":{"start":{"line":44,"column":11},"end":{"line":44,"column":48}},"31":{"start":{"line":45,"column":22},"end":{"line":45,"column":101}},"32":{"start":{"line":46,"column":7},"end":{"line":46,"column":56}},"33":{"start":{"line":47,"column":7},"end":{"line":47,"column":67}},"34":{"start":{"line":58,"column":7},"end":{"line":58,"column":40}},"35":{"start":{"line":61,"column":7},"end":{"line":61,"column":55}},"36":{"start":{"line":66,"column":28},"end":{"line":128,"column":1}},"37":{"start":{"line":67,"column":4},"end":{"line":127,"column":5}},"38":{"start":{"line":68,"column":8},"end":{"line":68,"column":30}},"39":{"start":{"line":69,"column":8},"end":{"line":69,"column":30}},"40":{"start":{"line":70,"column":29},"end":{"line":70,"column":45}},"41":{"start":{"line":71,"column":8},"end":{"line":71,"column":34}},"42":{"start":{"line":74,"column":20},"end":{"line":78,"column":10}},"43":{"start":{"line":81,"column":8},"end":{"line":124,"column":9}},"44":{"start":{"line":82,"column":27},"end":{"line":95,"column":14}},"45":{"start":{"line":97,"column":33},"end":{"line":97,"column":52}},"46":{"start":{"line":98,"column":12},"end":{"line":98,"column":38}},"47":{"start":{"line":100,"column":35},"end":{"line":100,"column":57}},"48":{"start":{"line":101,"column":12},"end":{"line":101,"column":40}},"49":{"start":{"line":103,"column":34},"end":{"line":103,"column":75}},"50":{"start":{"line":104,"column":31},"end":{"line":111,"column":14}},"51":{"start":{"line":113,"column":29},"end":{"line":113,"column":65}},"52":{"start":{"line":114,"column":12},"end":{"line":114,"column":34}},"53":{"start":{"line":115,"column":12},"end":{"line":115,"column":36}},"54":{"start":{"line":117,"column":12},"end":{"line":119,"column":15}},"55":{"start":{"line":121,"column":12},"end":{"line":123,"column":15}},"56":{"start":{"line":126,"column":8},"end":{"line":126,"column":27}},"57":{"start":{"line":131,"column":15},"end":{"line":168,"column":1}},"58":{"start":{"line":132,"column":4},"end":{"line":132,"column":39}},"59":{"start":{"line":133,"column":18},"end":{"line":133,"column":35}},"60":{"start":{"line":134,"column":19},"end":{"line":134,"column":33}},"61":{"start":{"line":135,"column":18},"end":{"line":135,"column":31}},"62":{"start":{"line":137,"column":4},"end":{"line":167,"column":5}},"63":{"start":{"line":138,"column":22},"end":{"line":138,"column":72}},"64":{"start":{"line":140,"column":8},"end":{"line":163,"column":9}},"65":{"start":{"line":141,"column":12},"end":{"line":141,"column":50}},"66":{"start":{"line":142,"column":12},"end":{"line":142,"column":90}},"67":{"start":{"line":144,"column":24},"end":{"line":148,"column":14}},"68":{"start":{"line":150,"column":26},"end":{"line":150,"column":55}},"69":{"start":{"line":151,"column":12},"end":{"line":151,"column":36}},"70":{"start":{"line":152,"column":12},"end":{"line":152,"column":31}},"71":{"start":{"line":160,"column":12},"end":{"line":160,"column":29}},"72":{"start":{"line":162,"column":12},"end":{"line":162,"column":75}},"73":{"start":{"line":165,"column":8},"end":{"line":165,"column":53}},"74":{"start":{"line":166,"column":2},"end":{"line":166,"column":14}},"75":{"start":{"line":172,"column":16},"end":{"line":212,"column":1}},"76":{"start":{"line":173,"column":17},"end":{"line":173,"column":32}},"77":{"start":{"line":174,"column":15},"end":{"line":174,"column":33}},"78":{"start":{"line":175,"column":17},"end":{"line":175,"column":57}},"79":{"start":{"line":176,"column":17},"end":{"line":176,"column":64}},"80":{"start":{"line":178,"column":3},"end":{"line":209,"column":6}},"81":{"start":{"line":179,"column":3},"end":{"line":206,"column":4}},"82":{"start":{"line":181,"column":19},"end":{"line":181,"column":59}},"83":{"start":{"line":182,"column":16},"end":{"line":182,"column":38}},"84":{"start":{"line":183,"column":3},"end":{"line":183,"column":21}},"85":{"start":{"line":184,"column":3},"end":{"line":199,"column":4}},"86":{"start":{"line":186,"column":7},"end":{"line":189,"column":10}},"87":{"start":{"line":190,"column":7},"end":{"line":190,"column":41}},"88":{"start":{"line":191,"column":7},"end":{"line":191,"column":59}},"89":{"start":{"line":194,"column":7},"end":{"line":194,"column":27}},"90":{"start":{"line":195,"column":7},"end":{"line":195,"column":26}},"91":{"start":{"line":196,"column":7},"end":{"line":196,"column":28}},"92":{"start":{"line":197,"column":7},"end":{"line":197,"column":28}},"93":{"start":{"line":198,"column":7},"end":{"line":198,"column":68}},"94":{"start":{"line":203,"column":7},"end":{"line":203,"column":27}},"95":{"start":{"line":204,"column":7},"end":{"line":204,"column":28}},"96":{"start":{"line":205,"column":7},"end":{"line":205,"column":76}},"97":{"start":{"line":208,"column":7},"end":{"line":208,"column":58}},"98":{"start":{"line":215,"column":18},"end":{"line":245,"column":1}},"99":{"start":{"line":216,"column":4},"end":{"line":244,"column":5}},"100":{"start":{"line":218,"column":35},"end":{"line":218,"column":43}},"101":{"start":{"line":219,"column":8},"end":{"line":221,"column":9}},"102":{"start":{"line":220,"column":12},"end":{"line":220,"column":77}},"103":{"start":{"line":223,"column":8},"end":{"line":223,"column":30}},"104":{"start":{"line":224,"column":8},"end":{"line":224,"column":26}},"105":{"start":{"line":227,"column":30},"end":{"line":227,"column":71}},"106":{"start":{"line":230,"column":20},"end":{"line":230,"column":63}},"107":{"start":{"line":232,"column":8},"end":{"line":232,"column":25}},"108":{"start":{"line":235,"column":8},"end":{"line":240,"column":11}},"109":{"start":{"line":242,"column":8},"end":{"line":242,"column":52}},"110":{"start":{"line":243,"column":8},"end":{"line":243,"column":54}},"111":{"start":{"line":248,"column":11},"end":{"line":254,"column":2}},"112":{"start":{"line":249,"column":4},"end":{"line":249,"column":32}},"113":{"start":{"line":250,"column":15},"end":{"line":250,"column":33}},"114":{"start":{"line":251,"column":15},"end":{"line":251,"column":53}},"115":{"start":{"line":252,"column":16},"end":{"line":252,"column":32}},"116":{"start":{"line":253,"column":5},"end":{"line":253,"column":93}},"117":{"start":{"line":255,"column":22},"end":{"line":328,"column":1}},"118":{"start":{"line":256,"column":14},"end":{"line":256,"column":31}},"119":{"start":{"line":257,"column":17},"end":{"line":257,"column":35}},"120":{"start":{"line":258,"column":4},"end":{"line":258,"column":26}},"121":{"start":{"line":259,"column":4},"end":{"line":259,"column":23}},"122":{"start":{"line":261,"column":4},"end":{"line":325,"column":1}},"123":{"start":{"line":262,"column":28},"end":{"line":262,"column":62}},"124":{"start":{"line":263,"column":8},"end":{"line":270,"column":13}},"125":{"start":{"line":275,"column":8},"end":{"line":298,"column":5}},"126":{"start":{"line":276,"column":28},"end":{"line":276,"column":62}},"127":{"start":{"line":278,"column":5},"end":{"line":297,"column":9}},"128":{"start":{"line":299,"column":4},"end":{"line":322,"column":5}},"129":{"start":{"line":300,"column":24},"end":{"line":300,"column":58}},"130":{"start":{"line":302,"column":5},"end":{"line":321,"column":9}},"131":{"start":{"line":326,"column":0},"end":{"line":326,"column":17}},"132":{"start":{"line":327,"column":0},"end":{"line":327,"column":14}},"133":{"start":{"line":331,"column":13},"end":{"line":350,"column":6}},"134":{"start":{"line":332,"column":4},"end":{"line":347,"column":5}},"135":{"start":{"line":333,"column":8},"end":{"line":343,"column":9}},"136":{"start":{"line":335,"column":25},"end":{"line":335,"column":95}},"137":{"start":{"line":336,"column":4},"end":{"line":336,"column":47}},"138":{"start":{"line":337,"column":4},"end":{"line":337,"column":39}},"139":{"start":{"line":338,"column":4},"end":{"line":338,"column":28}},"140":{"start":{"line":339,"column":4},"end":{"line":339,"column":56}},"141":{"start":{"line":341,"column":8},"end":{"line":341,"column":27}},"142":{"start":{"line":342,"column":8},"end":{"line":342,"column":77}},"143":{"start":{"line":346,"column":8},"end":{"line":346,"column":26}},"144":{"start":{"line":351,"column":21},"end":{"line":370,"column":10}},"145":{"start":{"line":352,"column":8},"end":{"line":367,"column":9}},"146":{"start":{"line":353,"column":12},"end":{"line":363,"column":13}},"147":{"start":{"line":355,"column":29},"end":{"line":355,"column":99}},"148":{"start":{"line":356,"column":8},"end":{"line":356,"column":51}},"149":{"start":{"line":357,"column":8},"end":{"line":357,"column":43}},"150":{"start":{"line":358,"column":8},"end":{"line":358,"column":32}},"151":{"start":{"line":359,"column":8},"end":{"line":359,"column":60}},"152":{"start":{"line":361,"column":12},"end":{"line":361,"column":31}},"153":{"start":{"line":362,"column":12},"end":{"line":362,"column":81}},"154":{"start":{"line":366,"column":12},"end":{"line":366,"column":30}},"155":{"start":{"line":371,"column":13},"end":{"line":377,"column":6}},"156":{"start":{"line":372,"column":8},"end":{"line":372,"column":31}},"157":{"start":{"line":373,"column":8},"end":{"line":373,"column":39}},"158":{"start":{"line":374,"column":8},"end":{"line":374,"column":36}},"159":{"start":{"line":376,"column":8},"end":{"line":376,"column":41}},"160":{"start":{"line":378,"column":20},"end":{"line":395,"column":10}},"161":{"start":{"line":380,"column":8},"end":{"line":395,"column":9}},"162":{"start":{"line":381,"column":12},"end":{"line":391,"column":13}},"163":{"start":{"line":383,"column":25},"end":{"line":383,"column":95}},"164":{"start":{"line":384,"column":8},"end":{"line":384,"column":51}},"165":{"start":{"line":385,"column":8},"end":{"line":385,"column":43}},"166":{"start":{"line":386,"column":8},"end":{"line":386,"column":33}},"167":{"start":{"line":387,"column":8},"end":{"line":387,"column":59}},"168":{"start":{"line":389,"column":12},"end":{"line":389,"column":31}},"169":{"start":{"line":390,"column":12},"end":{"line":390,"column":81}},"170":{"start":{"line":394,"column":12},"end":{"line":394,"column":30}},"171":{"start":{"line":397,"column":16},"end":{"line":410,"column":9}},"172":{"start":{"line":398,"column":12},"end":{"line":398,"column":40}},"173":{"start":{"line":400,"column":12},"end":{"line":408,"column":13}},"174":{"start":{"line":401,"column":24},"end":{"line":401,"column":47}},"175":{"start":{"line":402,"column":16},"end":{"line":402,"column":31}},"176":{"start":{"line":403,"column":16},"end":{"line":403,"column":28}},"177":{"start":{"line":407,"column":16},"end":{"line":407,"column":37}},"178":{"start":{"line":411,"column":19},"end":{"line":456,"column":9}},"179":{"start":{"line":412,"column":12},"end":{"line":412,"column":40}},"180":{"start":{"line":413,"column":26},"end":{"line":413,"column":74}},"181":{"start":{"line":414,"column":26},"end":{"line":414,"column":81}},"182":{"start":{"line":416,"column":12},"end":{"line":454,"column":9}},"183":{"start":{"line":417,"column":12},"end":{"line":450,"column":13}},"184":{"start":{"line":420,"column":23},"end":{"line":420,"column":99}},"185":{"start":{"line":421,"column":16},"end":{"line":424,"column":19}},"186":{"start":{"line":425,"column":34},"end":{"line":431,"column":26}},"187":{"start":{"line":432,"column":44},"end":{"line":437,"column":27}},"188":{"start":{"line":438,"column":21},"end":{"line":444,"column":23}},"189":{"start":{"line":439,"column":28},"end":{"line":443,"column":29}},"190":{"start":{"line":440,"column":30},"end":{"line":440,"column":75}},"191":{"start":{"line":442,"column":30},"end":{"line":442,"column":72}},"192":{"start":{"line":446,"column":16},"end":{"line":446,"column":80}},"193":{"start":{"line":449,"column":16},"end":{"line":449,"column":76}},"194":{"start":{"line":453,"column":12},"end":{"line":453,"column":31}},"195":{"start":{"line":458,"column":16},"end":{"line":470,"column":9}},"196":{"start":{"line":459,"column":24},"end":{"line":459,"column":38}},"197":{"start":{"line":460,"column":12},"end":{"line":460,"column":34}},"198":{"start":{"line":461,"column":29},"end":{"line":461,"column":44}},"199":{"start":{"line":462,"column":29},"end":{"line":462,"column":41}},"200":{"start":{"line":463,"column":12},"end":{"line":463,"column":41}},"201":{"start":{"line":464,"column":12},"end":{"line":469,"column":13}},"202":{"start":{"line":465,"column":12},"end":{"line":465,"column":84}},"203":{"start":{"line":468,"column":16},"end":{"line":468,"column":94}},"204":{"start":{"line":471,"column":25},"end":{"line":485,"column":10}},"205":{"start":{"line":472,"column":12},"end":{"line":485,"column":9}},"206":{"start":{"line":474,"column":8},"end":{"line":474,"column":36}},"207":{"start":{"line":475,"column":8},"end":{"line":475,"column":42}},"208":{"start":{"line":476,"column":26},"end":{"line":476,"column":46}},"209":{"start":{"line":477,"column":31},"end":{"line":477,"column":65}},"210":{"start":{"line":479,"column":26},"end":{"line":479,"column":105}},"211":{"start":{"line":480,"column":12},"end":{"line":480,"column":33}},"212":{"start":{"line":481,"column":12},"end":{"line":481,"column":80}},"213":{"start":{"line":484,"column":8},"end":{"line":484,"column":80}},"214":{"start":{"line":486,"column":28},"end":{"line":495,"column":9}},"215":{"start":{"line":487,"column":12},"end":{"line":494,"column":13}},"216":{"start":{"line":488,"column":16},"end":{"line":488,"column":43}},"217":{"start":{"line":489,"column":12},"end":{"line":489,"column":80}},"218":{"start":{"line":493,"column":16},"end":{"line":493,"column":34}},"219":{"start":{"line":496,"column":23},"end":{"line":514,"column":9}},"220":{"start":{"line":497,"column":12},"end":{"line":513,"column":13}},"221":{"start":{"line":498,"column":16},"end":{"line":509,"column":17}},"222":{"start":{"line":500,"column":29},"end":{"line":500,"column":99}},"223":{"start":{"line":501,"column":12},"end":{"line":501,"column":55}},"224":{"start":{"line":502,"column":12},"end":{"line":502,"column":47}},"225":{"start":{"line":503,"column":12},"end":{"line":503,"column":32}},"226":{"start":{"line":504,"column":22},"end":{"line":504,"column":76}},"227":{"start":{"line":505,"column":12},"end":{"line":505,"column":93}},"228":{"start":{"line":507,"column":16},"end":{"line":507,"column":35}},"229":{"start":{"line":508,"column":16},"end":{"line":508,"column":85}},"230":{"start":{"line":512,"column":16},"end":{"line":512,"column":34}},"231":{"start":{"line":516,"column":26},"end":{"line":529,"column":9}},"232":{"start":{"line":517,"column":12},"end":{"line":517,"column":40}},"233":{"start":{"line":519,"column":12},"end":{"line":527,"column":13}},"234":{"start":{"line":520,"column":24},"end":{"line":520,"column":44}},"235":{"start":{"line":521,"column":16},"end":{"line":521,"column":31}},"236":{"start":{"line":522,"column":16},"end":{"line":522,"column":28}},"237":{"start":{"line":526,"column":16},"end":{"line":526,"column":35}},"238":{"start":{"line":532,"column":29},"end":{"line":545,"column":9}},"239":{"start":{"line":533,"column":12},"end":{"line":533,"column":40}},"240":{"start":{"line":534,"column":32},"end":{"line":534,"column":72}},"241":{"start":{"line":535,"column":12},"end":{"line":543,"column":13}},"242":{"start":{"line":536,"column":24},"end":{"line":536,"column":50}},"243":{"start":{"line":537,"column":16},"end":{"line":537,"column":31}},"244":{"start":{"line":538,"column":16},"end":{"line":538,"column":28}},"245":{"start":{"line":542,"column":16},"end":{"line":542,"column":35}},"246":{"start":{"line":546,"column":0},"end":{"line":546,"column":223}}},"fnMap":{"0":{"name":"(anonymous_0)","decl":{"start":{"line":33,"column":12},"end":{"line":33,"column":13}},"loc":{"start":{"line":33,"column":29},"end":{"line":64,"column":1}},"line":33},"1":{"name":"(anonymous_1)","decl":{"start":{"line":66,"column":28},"end":{"line":66,"column":29}},"loc":{"start":{"line":66,"column":48},"end":{"line":128,"column":1}},"line":66},"2":{"name":"(anonymous_2)","decl":{"start":{"line":131,"column":15},"end":{"line":131,"column":16}},"loc":{"start":{"line":131,"column":35},"end":{"line":168,"column":1}},"line":131},"3":{"name":"(anonymous_3)","decl":{"start":{"line":172,"column":16},"end":{"line":172,"column":17}},"loc":{"start":{"line":172,"column":32},"end":{"line":212,"column":1}},"line":172},"4":{"name":"(anonymous_4)","decl":{"start":{"line":215,"column":18},"end":{"line":215,"column":19}},"loc":{"start":{"line":215,"column":38},"end":{"line":245,"column":1}},"line":215},"5":{"name":"(anonymous_5)","decl":{"start":{"line":248,"column":11},"end":{"line":248,"column":12}},"loc":{"start":{"line":248,"column":27},"end":{"line":254,"column":2}},"line":248},"6":{"name":"(anonymous_6)","decl":{"start":{"line":255,"column":22},"end":{"line":255,"column":23}},"loc":{"start":{"line":255,"column":38},"end":{"line":328,"column":1}},"line":255},"7":{"name":"(anonymous_7)","decl":{"start":{"line":331,"column":13},"end":{"line":331,"column":14}},"loc":{"start":{"line":331,"column":29},"end":{"line":350,"column":6}},"line":331},"8":{"name":"(anonymous_8)","decl":{"start":{"line":351,"column":21},"end":{"line":351,"column":22}},"loc":{"start":{"line":351,"column":37},"end":{"line":370,"column":10}},"line":351},"9":{"name":"(anonymous_9)","decl":{"start":{"line":371,"column":13},"end":{"line":371,"column":14}},"loc":{"start":{"line":371,"column":24},"end":{"line":377,"column":6}},"line":371},"10":{"name":"(anonymous_10)","decl":{"start":{"line":378,"column":20},"end":{"line":378,"column":21}},"loc":{"start":{"line":378,"column":36},"end":{"line":395,"column":10}},"line":378},"11":{"name":"(anonymous_11)","decl":{"start":{"line":397,"column":16},"end":{"line":397,"column":17}},"loc":{"start":{"line":397,"column":32},"end":{"line":410,"column":9}},"line":397},"12":{"name":"(anonymous_12)","decl":{"start":{"line":411,"column":19},"end":{"line":411,"column":20}},"loc":{"start":{"line":411,"column":35},"end":{"line":456,"column":9}},"line":411},"13":{"name":"(anonymous_13)","decl":{"start":{"line":438,"column":55},"end":{"line":438,"column":56}},"loc":{"start":{"line":438,"column":72},"end":{"line":444,"column":21}},"line":438},"14":{"name":"(anonymous_14)","decl":{"start":{"line":458,"column":16},"end":{"line":458,"column":17}},"loc":{"start":{"line":458,"column":27},"end":{"line":470,"column":9}},"line":458},"15":{"name":"(anonymous_15)","decl":{"start":{"line":471,"column":25},"end":{"line":471,"column":26}},"loc":{"start":{"line":471,"column":47},"end":{"line":485,"column":10}},"line":471},"16":{"name":"(anonymous_16)","decl":{"start":{"line":486,"column":28},"end":{"line":486,"column":29}},"loc":{"start":{"line":486,"column":39},"end":{"line":495,"column":9}},"line":486},"17":{"name":"(anonymous_17)","decl":{"start":{"line":496,"column":23},"end":{"line":496,"column":24}},"loc":{"start":{"line":496,"column":39},"end":{"line":514,"column":9}},"line":496},"18":{"name":"(anonymous_18)","decl":{"start":{"line":516,"column":26},"end":{"line":516,"column":27}},"loc":{"start":{"line":516,"column":42},"end":{"line":529,"column":9}},"line":516},"19":{"name":"(anonymous_19)","decl":{"start":{"line":532,"column":29},"end":{"line":532,"column":30}},"loc":{"start":{"line":532,"column":45},"end":{"line":545,"column":9}},"line":532}},"branchMap":{"0":{"loc":{"start":{"line":36,"column":7},"end":{"line":59,"column":8}},"type":"if","locations":[{"start":{"line":36,"column":7},"end":{"line":59,"column":8}},{"start":{"line":36,"column":7},"end":{"line":59,"column":8}}],"line":36},"1":{"loc":{"start":{"line":42,"column":12},"end":{"line":59,"column":8}},"type":"if","locations":[{"start":{"line":42,"column":12},"end":{"line":59,"column":8}},{"start":{"line":42,"column":12},"end":{"line":59,"column":8}}],"line":42},"2":{"loc":{"start":{"line":81,"column":8},"end":{"line":124,"column":9}},"type":"if","locations":[{"start":{"line":81,"column":8},"end":{"line":124,"column":9}},{"start":{"line":81,"column":8},"end":{"line":124,"column":9}}],"line":81},"3":{"loc":{"start":{"line":140,"column":8},"end":{"line":163,"column":9}},"type":"if","locations":[{"start":{"line":140,"column":8},"end":{"line":163,"column":9}},{"start":{"line":140,"column":8},"end":{"line":163,"column":9}}],"line":140},"4":{"loc":{"start":{"line":179,"column":3},"end":{"line":206,"column":4}},"type":"if","locations":[{"start":{"line":179,"column":3},"end":{"line":206,"column":4}},{"start":{"line":179,"column":3},"end":{"line":206,"column":4}}],"line":179},"5":{"loc":{"start":{"line":184,"column":3},"end":{"line":199,"column":4}},"type":"if","locations":[{"start":{"line":184,"column":3},"end":{"line":199,"column":4}},{"start":{"line":184,"column":3},"end":{"line":199,"column":4}}],"line":184},"6":{"loc":{"start":{"line":219,"column":8},"end":{"line":221,"column":9}},"type":"if","locations":[{"start":{"line":219,"column":8},"end":{"line":221,"column":9}},{"start":{"line":219,"column":8},"end":{"line":221,"column":9}}],"line":219},"7":{"loc":{"start":{"line":219,"column":12},"end":{"line":219,"column":30}},"type":"binary-expr","locations":[{"start":{"line":219,"column":12},"end":{"line":219,"column":21}},{"start":{"line":219,"column":25},"end":{"line":219,"column":30}}],"line":219},"8":{"loc":{"start":{"line":261,"column":4},"end":{"line":325,"column":1}},"type":"if","locations":[{"start":{"line":261,"column":4},"end":{"line":325,"column":1}},{"start":{"line":261,"column":4},"end":{"line":325,"column":1}}],"line":261},"9":{"loc":{"start":{"line":275,"column":8},"end":{"line":298,"column":5}},"type":"if","locations":[{"start":{"line":275,"column":8},"end":{"line":298,"column":5}},{"start":{"line":275,"column":8},"end":{"line":298,"column":5}}],"line":275},"10":{"loc":{"start":{"line":299,"column":4},"end":{"line":322,"column":5}},"type":"if","locations":[{"start":{"line":299,"column":4},"end":{"line":322,"column":5}},{"start":{"line":299,"column":4},"end":{"line":322,"column":5}}],"line":299},"11":{"loc":{"start":{"line":333,"column":8},"end":{"line":343,"column":9}},"type":"if","locations":[{"start":{"line":333,"column":8},"end":{"line":343,"column":9}},{"start":{"line":333,"column":8},"end":{"line":343,"column":9}}],"line":333},"12":{"loc":{"start":{"line":353,"column":12},"end":{"line":363,"column":13}},"type":"if","locations":[{"start":{"line":353,"column":12},"end":{"line":363,"column":13}},{"start":{"line":353,"column":12},"end":{"line":363,"column":13}}],"line":353},"13":{"loc":{"start":{"line":381,"column":12},"end":{"line":391,"column":13}},"type":"if","locations":[{"start":{"line":381,"column":12},"end":{"line":391,"column":13}},{"start":{"line":381,"column":12},"end":{"line":391,"column":13}}],"line":381},"14":{"loc":{"start":{"line":417,"column":12},"end":{"line":450,"column":13}},"type":"if","locations":[{"start":{"line":417,"column":12},"end":{"line":450,"column":13}},{"start":{"line":417,"column":12},"end":{"line":450,"column":13}}],"line":417},"15":{"loc":{"start":{"line":439,"column":28},"end":{"line":443,"column":29}},"type":"if","locations":[{"start":{"line":439,"column":28},"end":{"line":443,"column":29}},{"start":{"line":439,"column":28},"end":{"line":443,"column":29}}],"line":439},"16":{"loc":{"start":{"line":464,"column":12},"end":{"line":469,"column":13}},"type":"if","locations":[{"start":{"line":464,"column":12},"end":{"line":469,"column":13}},{"start":{"line":464,"column":12},"end":{"line":469,"column":13}}],"line":464},"17":{"loc":{"start":{"line":472,"column":12},"end":{"line":485,"column":9}},"type":"if","locations":[{"start":{"line":472,"column":12},"end":{"line":485,"column":9}},{"start":{"line":472,"column":12},"end":{"line":485,"column":9}}],"line":472},"18":{"loc":{"start":{"line":498,"column":16},"end":{"line":509,"column":17}},"type":"if","locations":[{"start":{"line":498,"column":16},"end":{"line":509,"column":17}},{"start":{"line":498,"column":16},"end":{"line":509,"column":17}}],"line":498}},"s":{"0":1,"1":1,"2":1,"3":1,"4":1,"5":1,"6":1,"7":1,"8":1,"9":1,"10":1,"11":1,"12":1,"13":1,"14":1,"15":1,"16":1,"17":1,"18":1,"19":1,"20":1,"21":1,"22":1,"23":0,"24":0,"25":0,"26":0,"27":0,"28":0,"29":0,"30":0,"31":0,"32":0,"33":0,"34":0,"35":0,"36":1,"37":0,"38":0,"39":0,"40":0,"41":0,"42":0,"43":0,"44":0,"45":0,"46":0,"47":0,"48":0,"49":0,"50":0,"51":0,"52":0,"53":0,"54":0,"55":0,"56":0,"57":1,"58":0,"59":0,"60":0,"61":0,"62":0,"63":0,"64":0,"65":0,"66":0,"67":0,"68":0,"69":0,"70":0,"71":0,"72":0,"73":0,"74":0,"75":1,"76":0,"77":0,"78":0,"79":0,"80":0,"81":0,"82":0,"83":0,"84":0,"85":0,"86":0,"87":0,"88":0,"89":0,"90":0,"91":0,"92":0,"93":0,"94":0,"95":0,"96":0,"97":0,"98":1,"99":0,"100":0,"101":0,"102":0,"103":0,"104":0,"105":0,"106":0,"107":0,"108":0,"109":0,"110":0,"111":1,"112":0,"113":0,"114":0,"115":0,"116":0,"117":1,"118":0,"119":0,"120":0,"121":0,"122":0,"123":0,"124":0,"125":0,"126":0,"127":0,"128":0,"129":0,"130":0,"131":0,"132":0,"133":1,"134":0,"135":0,"136":0,"137":0,"138":0,"139":0,"140":0,"141":0,"142":0,"143":0,"144":1,"145":0,"146":0,"147":0,"148":0,"149":0,"150":0,"151":0,"152":0,"153":0,"154":0,"155":1,"156":0,"157":0,"158":0,"159":0,"160":1,"161":0,"162":0,"163":0,"164":0,"165":0,"166":0,"167":0,"168":0,"169":0,"170":0,"171":1,"172":0,"173":0,"174":0,"175":0,"176":0,"177":0,"178":1,"179":0,"180":0,"181":0,"182":0,"183":0,"184":0,"185":0,"186":0,"187":0,"188":0,"189":0,"190":0,"191":0,"192":0,"193":0,"194":0,"195":1,"196":0,"197":0,"198":0,"199":0,"200":0,"201":0,"202":0,"203":0,"204":1,"205":0,"206":0,"207":0,"208":0,"209":0,"210":0,"211":0,"212":0,"213":0,"214":1,"215":0,"216":0,"217":0,"218":0,"219":1,"220":0,"221":0,"222":0,"223":0,"224":0,"225":0,"226":0,"227":0,"228":0,"229":0,"230":0,"231":1,"232":0,"233":0,"234":0,"235":0,"236":0,"237":0,"238":1,"239":0,"240":0,"241":0,"242":0,"243":0,"244":0,"245":0,"246":1},"f":{"0":0,"1":0,"2":0,"3":0,"4":0,"5":0,"6":0,"7":0,"8":0,"9":0,"10":0,"11":0,"12":0,"13":0,"14":0,"15":0,"16":0,"17":0,"18":0,"19":0},"b":{"0":[0,0],"1":[0,0],"2":[0,0],"3":[0,0],"4":[0,0],"5":[0,0],"6":[0,0],"7":[0,0],"8":[0,0],"9":[0,0],"10":[0,0],"11":[0,0],"12":[0,0],"13":[0,0],"14":[0,0],"15":[0,0],"16":[0,0],"17":[0,0],"18":[0,0]},"_coverageSchema":"1a1c01bbd47fc00a2c39e90264f33305004495a9","hash":"28b632f9191d714e7182f2113d8f0eee38e6a7a1","contentHash":"10129927db742ff6dc08a55f1ae603731bdea1c00d2b744951cc58906aeeb7a9"},"/home/deekshitha.t/jobapplicationportal2/model/signupcoll.js":{"path":"/home/deekshitha.t/jobapplicationportal2/model/signupcoll.js","statementMap":{"0":{"start":{"line":2,"column":17},"end":{"line":2,"column":36}},"1":{"start":{"line":3,"column":12},"end":{"line":3,"column":35}},"2":{"start":{"line":4,"column":15},"end":{"line":4,"column":32}},"3":{"start":{"line":6,"column":19},"end":{"line":13,"column":2}},"4":{"start":{"line":14,"column":0},"end":{"line":22,"column":2}},"5":{"start":{"line":15,"column":4},"end":{"line":20,"column":5}},"6":{"start":{"line":16,"column":12},"end":{"line":16,"column":63}},"7":{"start":{"line":17,"column":12},"end":{"line":17,"column":54}},"8":{"start":{"line":18,"column":12},"end":{"line":18,"column":64}},"9":{"start":{"line":21,"column":4},"end":{"line":21,"column":11}},"10":{"start":{"line":24,"column":0},"end":{"line":38,"column":1}},"11":{"start":{"line":25,"column":4},"end":{"line":36,"column":1}},"12":{"start":{"line":26,"column":24},"end":{"line":26,"column":123}},"13":{"start":{"line":27,"column":12},"end":{"line":27,"column":51}},"14":{"start":{"line":28,"column":12},"end":{"line":28,"column":31}},"15":{"start":{"line":29,"column":12},"end":{"line":29,"column":30}},"16":{"start":{"line":30,"column":12},"end":{"line":30,"column":25}},"17":{"start":{"line":35,"column":4},"end":{"line":35,"column":36}},"18":{"start":{"line":39,"column":15},"end":{"line":39,"column":57}},"19":{"start":{"line":40,"column":0},"end":{"line":40,"column":26}}},"fnMap":{"0":{"name":"(anonymous_0)","decl":{"start":{"line":14,"column":24},"end":{"line":14,"column":25}},"loc":{"start":{"line":14,"column":44},"end":{"line":22,"column":1}},"line":14},"1":{"name":"(anonymous_1)","decl":{"start":{"line":24,"column":39},"end":{"line":24,"column":40}},"loc":{"start":{"line":24,"column":55},"end":{"line":38,"column":1}},"line":24}},"branchMap":{"0":{"loc":{"start":{"line":15,"column":4},"end":{"line":20,"column":5}},"type":"if","locations":[{"start":{"line":15,"column":4},"end":{"line":20,"column":5}},{"start":{"line":15,"column":4},"end":{"line":20,"column":5}}],"line":15}},"s":{"0":1,"1":1,"2":1,"3":1,"4":1,"5":0,"6":0,"7":0,"8":0,"9":0,"10":1,"11":0,"12":0,"13":0,"14":0,"15":0,"16":0,"17":0,"18":1,"19":1},"f":{"0":0,"1":0},"b":{"0":[0,0]},"_coverageSchema":"1a1c01bbd47fc00a2c39e90264f33305004495a9","hash":"120d647d8dc4550b14560c2c24d20eaa72ab63d6","contentHash":"d9f34f58704c8103d5d883a56d8d77c087a0ac18ada511445696f5089092c669"},"/home/deekshitha.t/jobapplicationportal2/model/jobschemacoll.js":{"path":"/home/deekshitha.t/jobapplicationportal2/model/jobschemacoll.js","statementMap":{"0":{"start":{"line":1,"column":13},"end":{"line":1,"column":32}},"1":{"start":{"line":2,"column":16},"end":{"line":30,"column":4}},"2":{"start":{"line":31,"column":19},"end":{"line":31,"column":59}},"3":{"start":{"line":32,"column":15},"end":{"line":32,"column":51}},"4":{"start":{"line":33,"column":0},"end":{"line":33,"column":47}}},"fnMap":{},"branchMap":{},"s":{"0":1,"1":1,"2":1,"3":1,"4":1},"f":{},"b":{},"_coverageSchema":"1a1c01bbd47fc00a2c39e90264f33305004495a9","hash":"d2c1a128c5c1d8f67df53c377bb62964fa1442b1","contentHash":"d558c2b99f0f084b5e764799bfd9cf4c6247653011237093822c3460ac6c2276"},"/home/deekshitha.t/jobapplicationportal2/model/appschemacoll.js":{"path":"/home/deekshitha.t/jobapplicationportal2/model/appschemacoll.js","statementMap":{"0":{"start":{"line":1,"column":15},"end":{"line":1,"column":34}},"1":{"start":{"line":3,"column":17},"end":{"line":24,"column":2}},"2":{"start":{"line":26,"column":28},"end":{"line":26,"column":71}},"3":{"start":{"line":27,"column":0},"end":{"line":27,"column":37}}},"fnMap":{},"branchMap":{},"s":{"0":1,"1":1,"2":1,"3":1},"f":{},"b":{},"_coverageSchema":"1a1c01bbd47fc00a2c39e90264f33305004495a9","hash":"920a9c6b5251bd5858e82cacd04fd14d53a42565","contentHash":"7f5664c961a1be4ba4d52c21a8c6792d4c2e3e5b54fc0d48b28c8e671cd4a76e"},"/home/deekshitha.t/jobapplicationportal2/model/employerschemacoll.js":{"path":"/home/deekshitha.t/jobapplicationportal2/model/employerschemacoll.js","statementMap":{"0":{"start":{"line":1,"column":17},"end":{"line":1,"column":36}},"1":{"start":{"line":2,"column":12},"end":{"line":2,"column":35}},"2":{"start":{"line":3,"column":15},"end":{"line":3,"column":32}},"3":{"start":{"line":4,"column":21},"end":{"line":36,"column":4}},"4":{"start":{"line":37,"column":0},"end":{"line":44,"column":13}},"5":{"start":{"line":38,"column":4},"end":{"line":43,"column":5}},"6":{"start":{"line":39,"column":12},"end":{"line":39,"column":63}},"7":{"start":{"line":40,"column":12},"end":{"line":40,"column":54}},"8":{"start":{"line":41,"column":12},"end":{"line":41,"column":64}},"9":{"start":{"line":44,"column":4},"end":{"line":44,"column":11}},"10":{"start":{"line":45,"column":0},"end":{"line":57,"column":2}},"11":{"start":{"line":46,"column":4},"end":{"line":57,"column":1}},"12":{"start":{"line":47,"column":24},"end":{"line":47,"column":123}},"13":{"start":{"line":48,"column":12},"end":{"line":48,"column":51}},"14":{"start":{"line":49,"column":12},"end":{"line":49,"column":31}},"15":{"start":{"line":50,"column":12},"end":{"line":50,"column":30}},"16":{"start":{"line":51,"column":12},"end":{"line":51,"column":25}},"17":{"start":{"line":56,"column":4},"end":{"line":56,"column":36}},"18":{"start":{"line":58,"column":21},"end":{"line":58,"column":69}},"19":{"start":{"line":59,"column":0},"end":{"line":59,"column":30}}},"fnMap":{"0":{"name":"(anonymous_0)","decl":{"start":{"line":37,"column":26},"end":{"line":37,"column":27}},"loc":{"start":{"line":37,"column":46},"end":{"line":44,"column":12}},"line":37},"1":{"name":"(anonymous_1)","decl":{"start":{"line":45,"column":41},"end":{"line":45,"column":42}},"loc":{"start":{"line":45,"column":57},"end":{"line":57,"column":2}},"line":45}},"branchMap":{"0":{"loc":{"start":{"line":38,"column":4},"end":{"line":43,"column":5}},"type":"if","locations":[{"start":{"line":38,"column":4},"end":{"line":43,"column":5}},{"start":{"line":38,"column":4},"end":{"line":43,"column":5}}],"line":38}},"s":{"0":1,"1":1,"2":1,"3":1,"4":1,"5":0,"6":0,"7":0,"8":0,"9":0,"10":1,"11":0,"12":0,"13":0,"14":0,"15":0,"16":0,"17":0,"18":1,"19":1},"f":{"0":0,"1":0},"b":{"0":[0,0]},"_coverageSchema":"1a1c01bbd47fc00a2c39e90264f33305004495a9","hash":"f63f84b1ac5c149a0da57aba6971a45e738750f9","contentHash":"1d2684e5cdf2a878467521b144e2f63c45f44e05c39a4ebbdca76dc90cfdacd1"},"/home/deekshitha.t/jobapplicationportal2/controllers/admincontroller.js":{"path":"/home/deekshitha.t/jobapplicationportal2/controllers/admincontroller.js","statementMap":{"0":{"start":{"line":1,"column":14},"end":{"line":1,"column":32}},"1":{"start":{"line":2,"column":15},"end":{"line":2,"column":32}},"2":{"start":{"line":3,"column":13},"end":{"line":3,"column":29}},"3":{"start":{"line":4,"column":16},"end":{"line":4,"column":42}},"4":{"start":{"line":5,"column":13},"end":{"line":5,"column":30}},"5":{"start":{"line":6,"column":17},"end":{"line":6,"column":38}},"6":{"start":{"line":7,"column":10},"end":{"line":7,"column":33}},"7":{"start":{"line":8,"column":21},"end":{"line":8,"column":45}},"8":{"start":{"line":9,"column":19},"end":{"line":9,"column":43}},"9":{"start":{"line":10,"column":19},"end":{"line":10,"column":57}},"10":{"start":{"line":11,"column":21},"end":{"line":11,"column":58}},"11":{"start":{"line":12,"column":26},"end":{"line":12,"column":59}},"12":{"start":{"line":13,"column":15},"end":{"line":23,"column":3}},"13":{"start":{"line":14,"column":4},"end":{"line":22,"column":5}},"14":{"start":{"line":15,"column":23},"end":{"line":15,"column":99}},"15":{"start":{"line":16,"column":22},"end":{"line":16,"column":64}},"16":{"start":{"line":17,"column":6},"end":{"line":17,"column":90}},"17":{"start":{"line":21,"column":6},"end":{"line":21,"column":67}},"18":{"start":{"line":24,"column":19},"end":{"line":53,"column":1}},"19":{"start":{"line":25,"column":15},"end":{"line":25,"column":30}},"20":{"start":{"line":26,"column":15},"end":{"line":26,"column":33}},"21":{"start":{"line":27,"column":16},"end":{"line":27,"column":76}},"22":{"start":{"line":28,"column":4},"end":{"line":51,"column":5}},"23":{"start":{"line":30,"column":19},"end":{"line":30,"column":72}},"24":{"start":{"line":31,"column":24},"end":{"line":31,"column":63}},"25":{"start":{"line":32,"column":21},"end":{"line":32,"column":43}},"26":{"start":{"line":33,"column":8},"end":{"line":33,"column":26}},"27":{"start":{"line":34,"column":8},"end":{"line":47,"column":5}},"28":{"start":{"line":36,"column":8},"end":{"line":39,"column":11}},"29":{"start":{"line":40,"column":26},"end":{"line":40,"column":68}},"30":{"start":{"line":42,"column":8},"end":{"line":42,"column":31}},"31":{"start":{"line":43,"column":8},"end":{"line":43,"column":91}},"32":{"start":{"line":46,"column":8},"end":{"line":46,"column":75}},"33":{"start":{"line":50,"column":8},"end":{"line":50,"column":75}},"34":{"start":{"line":54,"column":19},"end":{"line":99,"column":1}},"35":{"start":{"line":55,"column":2},"end":{"line":55,"column":30}},"36":{"start":{"line":56,"column":16},"end":{"line":56,"column":79}},"37":{"start":{"line":57,"column":16},"end":{"line":57,"column":86}},"38":{"start":{"line":59,"column":2},"end":{"line":97,"column":1}},"39":{"start":{"line":60,"column":2},"end":{"line":93,"column":3}},"40":{"start":{"line":63,"column":13},"end":{"line":63,"column":89}},"41":{"start":{"line":64,"column":6},"end":{"line":67,"column":9}},"42":{"start":{"line":68,"column":24},"end":{"line":74,"column":16}},"43":{"start":{"line":75,"column":34},"end":{"line":80,"column":17}},"44":{"start":{"line":81,"column":11},"end":{"line":87,"column":13}},"45":{"start":{"line":82,"column":18},"end":{"line":86,"column":19}},"46":{"start":{"line":83,"column":20},"end":{"line":83,"column":65}},"47":{"start":{"line":85,"column":20},"end":{"line":85,"column":62}},"48":{"start":{"line":89,"column":6},"end":{"line":89,"column":80}},"49":{"start":{"line":92,"column":6},"end":{"line":92,"column":73}},"50":{"start":{"line":96,"column":2},"end":{"line":96,"column":21}},"51":{"start":{"line":100,"column":26},"end":{"line":112,"column":1}},"52":{"start":{"line":101,"column":14},"end":{"line":101,"column":28}},"53":{"start":{"line":102,"column":2},"end":{"line":102,"column":24}},"54":{"start":{"line":103,"column":19},"end":{"line":103,"column":34}},"55":{"start":{"line":104,"column":19},"end":{"line":104,"column":31}},"56":{"start":{"line":105,"column":2},"end":{"line":105,"column":31}},"57":{"start":{"line":106,"column":2},"end":{"line":111,"column":3}},"58":{"start":{"line":107,"column":2},"end":{"line":107,"column":84}},"59":{"start":{"line":110,"column":6},"end":{"line":110,"column":89}},"60":{"start":{"line":114,"column":32},"end":{"line":128,"column":2}},"61":{"start":{"line":115,"column":2},"end":{"line":128,"column":1}},"62":{"start":{"line":117,"column":0},"end":{"line":117,"column":28}},"63":{"start":{"line":118,"column":0},"end":{"line":118,"column":34}},"64":{"start":{"line":119,"column":18},"end":{"line":119,"column":38}},"65":{"start":{"line":120,"column":23},"end":{"line":120,"column":57}},"66":{"start":{"line":122,"column":16},"end":{"line":122,"column":99}},"67":{"start":{"line":123,"column":2},"end":{"line":123,"column":23}},"68":{"start":{"line":124,"column":2},"end":{"line":124,"column":74}},"69":{"start":{"line":127,"column":0},"end":{"line":127,"column":82}},"70":{"start":{"line":130,"column":21},"end":{"line":167,"column":1}},"71":{"start":{"line":131,"column":2},"end":{"line":165,"column":3}},"72":{"start":{"line":132,"column":13},"end":{"line":132,"column":28}},"73":{"start":{"line":133,"column":2},"end":{"line":133,"column":20}},"74":{"start":{"line":134,"column":10},"end":{"line":134,"column":79}},"75":{"start":{"line":135,"column":2},"end":{"line":135,"column":17}},"76":{"start":{"line":136,"column":20},"end":{"line":142,"column":4}},"77":{"start":{"line":143,"column":22},"end":{"line":148,"column":5}},"78":{"start":{"line":149,"column":0},"end":{"line":155,"column":3}},"79":{"start":{"line":150,"column":6},"end":{"line":154,"column":7}},"80":{"start":{"line":151,"column":8},"end":{"line":151,"column":53}},"81":{"start":{"line":153,"column":8},"end":{"line":153,"column":50}},"82":{"start":{"line":157,"column":20},"end":{"line":157,"column":71}},"83":{"start":{"line":159,"column":2},"end":{"line":159,"column":25}},"84":{"start":{"line":160,"column":2},"end":{"line":160,"column":88}},"85":{"start":{"line":164,"column":6},"end":{"line":164,"column":25}},"86":{"start":{"line":168,"column":21},"end":{"line":203,"column":1}},"87":{"start":{"line":169,"column":2},"end":{"line":201,"column":3}},"88":{"start":{"line":170,"column":13},"end":{"line":170,"column":28}},"89":{"start":{"line":171,"column":10},"end":{"line":171,"column":54}},"90":{"start":{"line":172,"column":2},"end":{"line":172,"column":17}},"91":{"start":{"line":173,"column":20},"end":{"line":173,"column":71}},"92":{"start":{"line":174,"column":20},"end":{"line":180,"column":4}},"93":{"start":{"line":181,"column":22},"end":{"line":186,"column":5}},"94":{"start":{"line":187,"column":0},"end":{"line":193,"column":3}},"95":{"start":{"line":188,"column":6},"end":{"line":192,"column":7}},"96":{"start":{"line":189,"column":8},"end":{"line":189,"column":53}},"97":{"start":{"line":191,"column":8},"end":{"line":191,"column":50}},"98":{"start":{"line":195,"column":2},"end":{"line":195,"column":25}},"99":{"start":{"line":196,"column":2},"end":{"line":196,"column":88}},"100":{"start":{"line":200,"column":6},"end":{"line":200,"column":25}},"101":{"start":{"line":206,"column":19},"end":{"line":242,"column":1}},"102":{"start":{"line":207,"column":2},"end":{"line":240,"column":3}},"103":{"start":{"line":208,"column":13},"end":{"line":208,"column":28}},"104":{"start":{"line":209,"column":10},"end":{"line":209,"column":78}},"105":{"start":{"line":210,"column":20},"end":{"line":216,"column":4}},"106":{"start":{"line":217,"column":22},"end":{"line":222,"column":5}},"107":{"start":{"line":223,"column":0},"end":{"line":229,"column":3}},"108":{"start":{"line":224,"column":6},"end":{"line":228,"column":7}},"109":{"start":{"line":225,"column":8},"end":{"line":225,"column":53}},"110":{"start":{"line":227,"column":8},"end":{"line":227,"column":50}},"111":{"start":{"line":231,"column":2},"end":{"line":231,"column":17}},"112":{"start":{"line":232,"column":20},"end":{"line":232,"column":71}},"113":{"start":{"line":234,"column":2},"end":{"line":234,"column":25}},"114":{"start":{"line":235,"column":2},"end":{"line":235,"column":88}},"115":{"start":{"line":239,"column":6},"end":{"line":239,"column":25}},"116":{"start":{"line":243,"column":33},"end":{"line":294,"column":1}},"117":{"start":{"line":244,"column":2},"end":{"line":293,"column":3}},"118":{"start":{"line":245,"column":24},"end":{"line":245,"column":43}},"119":{"start":{"line":248,"column":6},"end":{"line":266,"column":7}},"120":{"start":{"line":249,"column":10},"end":{"line":249,"column":33}},"121":{"start":{"line":250,"column":10},"end":{"line":250,"column":41}},"122":{"start":{"line":251,"column":13},"end":{"line":266,"column":7}},"123":{"start":{"line":252,"column":10},"end":{"line":252,"column":33}},"124":{"start":{"line":253,"column":10},"end":{"line":253,"column":53}},"125":{"start":{"line":254,"column":13},"end":{"line":266,"column":7}},"126":{"start":{"line":255,"column":10},"end":{"line":255,"column":33}},"127":{"start":{"line":256,"column":10},"end":{"line":256,"column":54}},"128":{"start":{"line":257,"column":13},"end":{"line":266,"column":7}},"129":{"start":{"line":258,"column":10},"end":{"line":258,"column":33}},"130":{"start":{"line":259,"column":10},"end":{"line":259,"column":55}},"131":{"start":{"line":260,"column":13},"end":{"line":266,"column":7}},"132":{"start":{"line":261,"column":10},"end":{"line":261,"column":33}},"133":{"start":{"line":262,"column":10},"end":{"line":262,"column":55}},"134":{"start":{"line":263,"column":13},"end":{"line":266,"column":7}},"135":{"start":{"line":264,"column":10},"end":{"line":264,"column":33}},"136":{"start":{"line":265,"column":10},"end":{"line":265,"column":55}},"137":{"start":{"line":268,"column":24},"end":{"line":284,"column":8}},"138":{"start":{"line":286,"column":21},"end":{"line":286,"column":50}},"139":{"start":{"line":286,"column":42},"end":{"line":286,"column":49}},"140":{"start":{"line":287,"column":29},"end":{"line":287,"column":60}},"141":{"start":{"line":287,"column":50},"end":{"line":287,"column":59}},"142":{"start":{"line":289,"column":6},"end":{"line":289,"column":43}},"143":{"start":{"line":291,"column":6},"end":{"line":291,"column":56}},"144":{"start":{"line":292,"column":6},"end":{"line":292,"column":63}},"145":{"start":{"line":295,"column":0},"end":{"line":295,"column":162}}},"fnMap":{"0":{"name":"(anonymous_0)","decl":{"start":{"line":13,"column":15},"end":{"line":13,"column":16}},"loc":{"start":{"line":13,"column":31},"end":{"line":23,"column":3}},"line":13},"1":{"name":"(anonymous_1)","decl":{"start":{"line":24,"column":19},"end":{"line":24,"column":20}},"loc":{"start":{"line":24,"column":35},"end":{"line":53,"column":1}},"line":24},"2":{"name":"(anonymous_2)","decl":{"start":{"line":54,"column":19},"end":{"line":54,"column":20}},"loc":{"start":{"line":54,"column":35},"end":{"line":99,"column":1}},"line":54},"3":{"name":"(anonymous_3)","decl":{"start":{"line":81,"column":45},"end":{"line":81,"column":46}},"loc":{"start":{"line":81,"column":62},"end":{"line":87,"column":11}},"line":81},"4":{"name":"(anonymous_4)","decl":{"start":{"line":100,"column":26},"end":{"line":100,"column":27}},"loc":{"start":{"line":100,"column":37},"end":{"line":112,"column":1}},"line":100},"5":{"name":"(anonymous_5)","decl":{"start":{"line":114,"column":32},"end":{"line":114,"column":33}},"loc":{"start":{"line":114,"column":49},"end":{"line":128,"column":2}},"line":114},"6":{"name":"(anonymous_6)","decl":{"start":{"line":130,"column":21},"end":{"line":130,"column":22}},"loc":{"start":{"line":130,"column":37},"end":{"line":167,"column":1}},"line":130},"7":{"name":"(anonymous_7)","decl":{"start":{"line":149,"column":34},"end":{"line":149,"column":35}},"loc":{"start":{"line":149,"column":51},"end":{"line":155,"column":1}},"line":149},"8":{"name":"(anonymous_8)","decl":{"start":{"line":168,"column":21},"end":{"line":168,"column":22}},"loc":{"start":{"line":168,"column":37},"end":{"line":203,"column":1}},"line":168},"9":{"name":"(anonymous_9)","decl":{"start":{"line":187,"column":34},"end":{"line":187,"column":35}},"loc":{"start":{"line":187,"column":51},"end":{"line":193,"column":1}},"line":187},"10":{"name":"(anonymous_10)","decl":{"start":{"line":206,"column":19},"end":{"line":206,"column":20}},"loc":{"start":{"line":206,"column":35},"end":{"line":242,"column":1}},"line":206},"11":{"name":"(anonymous_11)","decl":{"start":{"line":223,"column":34},"end":{"line":223,"column":35}},"loc":{"start":{"line":223,"column":51},"end":{"line":229,"column":1}},"line":223},"12":{"name":"(anonymous_12)","decl":{"start":{"line":243,"column":33},"end":{"line":243,"column":34}},"loc":{"start":{"line":243,"column":49},"end":{"line":294,"column":1}},"line":243},"13":{"name":"(anonymous_13)","decl":{"start":{"line":286,"column":35},"end":{"line":286,"column":36}},"loc":{"start":{"line":286,"column":42},"end":{"line":286,"column":49}},"line":286},"14":{"name":"(anonymous_14)","decl":{"start":{"line":287,"column":43},"end":{"line":287,"column":44}},"loc":{"start":{"line":287,"column":50},"end":{"line":287,"column":59}},"line":287}},"branchMap":{"0":{"loc":{"start":{"line":14,"column":4},"end":{"line":22,"column":5}},"type":"if","locations":[{"start":{"line":14,"column":4},"end":{"line":22,"column":5}},{"start":{"line":14,"column":4},"end":{"line":22,"column":5}}],"line":14},"1":{"loc":{"start":{"line":28,"column":4},"end":{"line":51,"column":5}},"type":"if","locations":[{"start":{"line":28,"column":4},"end":{"line":51,"column":5}},{"start":{"line":28,"column":4},"end":{"line":51,"column":5}}],"line":28},"2":{"loc":{"start":{"line":34,"column":8},"end":{"line":47,"column":5}},"type":"if","locations":[{"start":{"line":34,"column":8},"end":{"line":47,"column":5}},{"start":{"line":34,"column":8},"end":{"line":47,"column":5}}],"line":34},"3":{"loc":{"start":{"line":60,"column":2},"end":{"line":93,"column":3}},"type":"if","locations":[{"start":{"line":60,"column":2},"end":{"line":93,"column":3}},{"start":{"line":60,"column":2},"end":{"line":93,"column":3}}],"line":60},"4":{"loc":{"start":{"line":82,"column":18},"end":{"line":86,"column":19}},"type":"if","locations":[{"start":{"line":82,"column":18},"end":{"line":86,"column":19}},{"start":{"line":82,"column":18},"end":{"line":86,"column":19}}],"line":82},"5":{"loc":{"start":{"line":106,"column":2},"end":{"line":111,"column":3}},"type":"if","locations":[{"start":{"line":106,"column":2},"end":{"line":111,"column":3}},{"start":{"line":106,"column":2},"end":{"line":111,"column":3}}],"line":106},"6":{"loc":{"start":{"line":115,"column":2},"end":{"line":128,"column":1}},"type":"if","locations":[{"start":{"line":115,"column":2},"end":{"line":128,"column":1}},{"start":{"line":115,"column":2},"end":{"line":128,"column":1}}],"line":115},"7":{"loc":{"start":{"line":150,"column":6},"end":{"line":154,"column":7}},"type":"if","locations":[{"start":{"line":150,"column":6},"end":{"line":154,"column":7}},{"start":{"line":150,"column":6},"end":{"line":154,"column":7}}],"line":150},"8":{"loc":{"start":{"line":188,"column":6},"end":{"line":192,"column":7}},"type":"if","locations":[{"start":{"line":188,"column":6},"end":{"line":192,"column":7}},{"start":{"line":188,"column":6},"end":{"line":192,"column":7}}],"line":188},"9":{"loc":{"start":{"line":224,"column":6},"end":{"line":228,"column":7}},"type":"if","locations":[{"start":{"line":224,"column":6},"end":{"line":228,"column":7}},{"start":{"line":224,"column":6},"end":{"line":228,"column":7}}],"line":224},"10":{"loc":{"start":{"line":248,"column":6},"end":{"line":266,"column":7}},"type":"if","locations":[{"start":{"line":248,"column":6},"end":{"line":266,"column":7}},{"start":{"line":248,"column":6},"end":{"line":266,"column":7}}],"line":248},"11":{"loc":{"start":{"line":251,"column":13},"end":{"line":266,"column":7}},"type":"if","locations":[{"start":{"line":251,"column":13},"end":{"line":266,"column":7}},{"start":{"line":251,"column":13},"end":{"line":266,"column":7}}],"line":251},"12":{"loc":{"start":{"line":254,"column":13},"end":{"line":266,"column":7}},"type":"if","locations":[{"start":{"line":254,"column":13},"end":{"line":266,"column":7}},{"start":{"line":254,"column":13},"end":{"line":266,"column":7}}],"line":254},"13":{"loc":{"start":{"line":257,"column":13},"end":{"line":266,"column":7}},"type":"if","locations":[{"start":{"line":257,"column":13},"end":{"line":266,"column":7}},{"start":{"line":257,"column":13},"end":{"line":266,"column":7}}],"line":257},"14":{"loc":{"start":{"line":260,"column":13},"end":{"line":266,"column":7}},"type":"if","locations":[{"start":{"line":260,"column":13},"end":{"line":266,"column":7}},{"start":{"line":260,"column":13},"end":{"line":266,"column":7}}],"line":260},"15":{"loc":{"start":{"line":263,"column":13},"end":{"line":266,"column":7}},"type":"if","locations":[{"start":{"line":263,"column":13},"end":{"line":266,"column":7}},{"start":{"line":263,"column":13},"end":{"line":266,"column":7}}],"line":263}},"s":{"0":1,"1":1,"2":1,"3":1,"4":1,"5":1,"6":1,"7":1,"8":1,"9":1,"10":1,"11":1,"12":1,"13":0,"14":0,"15":0,"16":0,"17":0,"18":1,"19":0,"20":0,"21":0,"22":0,"23":0,"24":0,"25":0,"26":0,"27":0,"28":0,"29":0,"30":0,"31":0,"32":0,"33":0,"34":1,"35":0,"36":0,"37":0,"38":0,"39":0,"40":0,"41":0,"42":0,"43":0,"44":0,"45":0,"46":0,"47":0,"48":0,"49":0,"50":0,"51":1,"52":0,"53":0,"54":0,"55":0,"56":0,"57":0,"58":0,"59":0,"60":1,"61":0,"62":0,"63":0,"64":0,"65":0,"66":0,"67":0,"68":0,"69":0,"70":1,"71":0,"72":0,"73":0,"74":0,"75":0,"76":0,"77":0,"78":0,"79":0,"80":0,"81":0,"82":0,"83":0,"84":0,"85":0,"86":1,"87":0,"88":0,"89":0,"90":0,"91":0,"92":0,"93":0,"94":0,"95":0,"96":0,"97":0,"98":0,"99":0,"100":0,"101":1,"102":0,"103":0,"104":0,"105":0,"106":0,"107":0,"108":0,"109":0,"110":0,"111":0,"112":0,"113":0,"114":0,"115":0,"116":1,"117":0,"118":0,"119":0,"120":0,"121":0,"122":0,"123":0,"124":0,"125":0,"126":0,"127":0,"128":0,"129":0,"130":0,"131":0,"132":0,"133":0,"134":0,"135":0,"136":0,"137":0,"138":0,"139":0,"140":0,"141":0,"142":0,"143":0,"144":0,"145":1},"f":{"0":0,"1":0,"2":0,"3":0,"4":0,"5":0,"6":0,"7":0,"8":0,"9":0,"10":0,"11":0,"12":0,"13":0,"14":0},"b":{"0":[0,0],"1":[0,0],"2":[0,0],"3":[0,0],"4":[0,0],"5":[0,0],"6":[0,0],"7":[0,0],"8":[0,0],"9":[0,0],"10":[0,0],"11":[0,0],"12":[0,0],"13":[0,0],"14":[0,0],"15":[0,0]},"_coverageSchema":"1a1c01bbd47fc00a2c39e90264f33305004495a9","hash":"207532d14fbb3df8be3204e7325a0f90bc11b0fe","contentHash":"e89da6d4b02dd7ae45178c52702af4d2a03680beaaf902e66c239706433ad25c"},"/home/deekshitha.t/jobapplicationportal2/middleware/adminprotect.js":{"path":"/home/deekshitha.t/jobapplicationportal2/middleware/adminprotect.js","statementMap":{"0":{"start":{"line":1,"column":12},"end":{"line":1,"column":35}},"1":{"start":{"line":2,"column":21},"end":{"line":2,"column":53}},"2":{"start":{"line":4,"column":21},"end":{"line":32,"column":2}},"3":{"start":{"line":6,"column":16},"end":{"line":6,"column":36}},"4":{"start":{"line":8,"column":2},"end":{"line":10,"column":3}},"5":{"start":{"line":9,"column":4},"end":{"line":9,"column":49}},"6":{"start":{"line":12,"column":2},"end":{"line":30,"column":3}},"7":{"start":{"line":13,"column":20},"end":{"line":13,"column":81}},"8":{"start":{"line":15,"column":4},"end":{"line":17,"column":5}},"9":{"start":{"line":16,"column":6},"end":{"line":16,"column":78}},"10":{"start":{"line":19,"column":4},"end":{"line":19,"column":30}},"11":{"start":{"line":20,"column":4},"end":{"line":20,"column":40}},"12":{"start":{"line":21,"column":4},"end":{"line":21,"column":35}},"13":{"start":{"line":22,"column":5},"end":{"line":22,"column":33}},"14":{"start":{"line":23,"column":5},"end":{"line":23,"column":30}},"15":{"start":{"line":24,"column":4},"end":{"line":24,"column":11}},"16":{"start":{"line":26,"column":4},"end":{"line":26,"column":48}},"17":{"start":{"line":27,"column":4},"end":{"line":29,"column":66}},"18":{"start":{"line":34,"column":0},"end":{"line":34,"column":34}}},"fnMap":{"0":{"name":"(anonymous_0)","decl":{"start":{"line":4,"column":34},"end":{"line":4,"column":35}},"loc":{"start":{"line":4,"column":60},"end":{"line":32,"column":1}},"line":4}},"branchMap":{"0":{"loc":{"start":{"line":8,"column":2},"end":{"line":10,"column":3}},"type":"if","locations":[{"start":{"line":8,"column":2},"end":{"line":10,"column":3}},{"start":{"line":8,"column":2},"end":{"line":10,"column":3}}],"line":8},"1":{"loc":{"start":{"line":15,"column":4},"end":{"line":17,"column":5}},"type":"if","locations":[{"start":{"line":15,"column":4},"end":{"line":17,"column":5}},{"start":{"line":15,"column":4},"end":{"line":17,"column":5}}],"line":15}},"s":{"0":1,"1":1,"2":1,"3":0,"4":0,"5":0,"6":0,"7":0,"8":0,"9":0,"10":0,"11":0,"12":0,"13":0,"14":0,"15":0,"16":0,"17":0,"18":1},"f":{"0":0},"b":{"0":[0,0],"1":[0,0]},"_coverageSchema":"1a1c01bbd47fc00a2c39e90264f33305004495a9","hash":"0aea617a21a12bb01c14970a81f5717c358483d8","contentHash":"34170cc0a30d748efcab0dd3e078168a6c3d6f7375f9ba1745f2cf8d8159a41f"},"/home/deekshitha.t/jobapplicationportal2/controllers/employerlogincontroller.js":{"path":"/home/deekshitha.t/jobapplicationportal2/controllers/employerlogincontroller.js","statementMap":{"0":{"start":{"line":1,"column":15},"end":{"line":1,"column":32}},"1":{"start":{"line":2,"column":14},"end":{"line":2,"column":32}},"2":{"start":{"line":3,"column":11},"end":{"line":3,"column":26}},"3":{"start":{"line":4,"column":10},"end":{"line":4,"column":19}},"4":{"start":{"line":5,"column":16},"end":{"line":5,"column":42}},"5":{"start":{"line":6,"column":21},"end":{"line":6,"column":45}},"6":{"start":{"line":7,"column":13},"end":{"line":7,"column":30}},"7":{"start":{"line":8,"column":17},"end":{"line":8,"column":38}},"8":{"start":{"line":9,"column":15},"end":{"line":9,"column":34}},"9":{"start":{"line":10,"column":18},"end":{"line":10,"column":36}},"10":{"start":{"line":11,"column":13},"end":{"line":11,"column":37}},"11":{"start":{"line":12,"column":0},"end":{"line":12,"column":27}},"12":{"start":{"line":13,"column":16},"end":{"line":13,"column":36}},"13":{"start":{"line":16,"column":10},"end":{"line":16,"column":33}},"14":{"start":{"line":17,"column":19},"end":{"line":17,"column":43}},"15":{"start":{"line":18,"column":19},"end":{"line":18,"column":41}},"16":{"start":{"line":21,"column":22},"end":{"line":21,"column":44}},"17":{"start":{"line":22,"column":13},"end":{"line":22,"column":29}},"18":{"start":{"line":23,"column":14},"end":{"line":23,"column":36}},"19":{"start":{"line":24,"column":13},"end":{"line":24,"column":38}},"20":{"start":{"line":25,"column":0},"end":{"line":25,"column":51}},"21":{"start":{"line":26,"column":24},"end":{"line":26,"column":64}},"22":{"start":{"line":27,"column":36},"end":{"line":27,"column":69}},"23":{"start":{"line":28,"column":26},"end":{"line":28,"column":59}},"24":{"start":{"line":29,"column":19},"end":{"line":29,"column":57}},"25":{"start":{"line":32,"column":27},"end":{"line":52,"column":6}},"26":{"start":{"line":34,"column":4},"end":{"line":49,"column":5}},"27":{"start":{"line":35,"column":8},"end":{"line":45,"column":9}},"28":{"start":{"line":37,"column":25},"end":{"line":37,"column":103}},"29":{"start":{"line":38,"column":4},"end":{"line":38,"column":47}},"30":{"start":{"line":39,"column":4},"end":{"line":39,"column":39}},"31":{"start":{"line":40,"column":4},"end":{"line":40,"column":29}},"32":{"start":{"line":41,"column":4},"end":{"line":41,"column":63}},"33":{"start":{"line":43,"column":8},"end":{"line":43,"column":27}},"34":{"start":{"line":44,"column":8},"end":{"line":44,"column":63}},"35":{"start":{"line":48,"column":8},"end":{"line":48,"column":26}},"36":{"start":{"line":54,"column":22},"end":{"line":98,"column":5}},"37":{"start":{"line":55,"column":8},"end":{"line":55,"column":36}},"38":{"start":{"line":56,"column":22},"end":{"line":56,"column":74}},"39":{"start":{"line":57,"column":22},"end":{"line":57,"column":81}},"40":{"start":{"line":59,"column":8},"end":{"line":96,"column":5}},"41":{"start":{"line":60,"column":8},"end":{"line":92,"column":9}},"42":{"start":{"line":62,"column":19},"end":{"line":62,"column":95}},"43":{"start":{"line":63,"column":12},"end":{"line":66,"column":15}},"44":{"start":{"line":67,"column":30},"end":{"line":73,"column":22}},"45":{"start":{"line":74,"column":40},"end":{"line":79,"column":23}},"46":{"start":{"line":80,"column":17},"end":{"line":86,"column":19}},"47":{"start":{"line":81,"column":24},"end":{"line":85,"column":25}},"48":{"start":{"line":82,"column":26},"end":{"line":82,"column":71}},"49":{"start":{"line":84,"column":26},"end":{"line":84,"column":68}},"50":{"start":{"line":88,"column":12},"end":{"line":88,"column":89}},"51":{"start":{"line":91,"column":12},"end":{"line":91,"column":86}},"52":{"start":{"line":95,"column":8},"end":{"line":95,"column":27}},"53":{"start":{"line":100,"column":35},"end":{"line":112,"column":5}},"54":{"start":{"line":101,"column":20},"end":{"line":101,"column":34}},"55":{"start":{"line":102,"column":8},"end":{"line":102,"column":30}},"56":{"start":{"line":103,"column":25},"end":{"line":103,"column":40}},"57":{"start":{"line":104,"column":25},"end":{"line":104,"column":37}},"58":{"start":{"line":105,"column":8},"end":{"line":105,"column":37}},"59":{"start":{"line":106,"column":8},"end":{"line":111,"column":9}},"60":{"start":{"line":107,"column":8},"end":{"line":107,"column":93}},"61":{"start":{"line":110,"column":12},"end":{"line":110,"column":98}},"62":{"start":{"line":113,"column":35},"end":{"line":127,"column":2}},"63":{"start":{"line":114,"column":8},"end":{"line":127,"column":1}},"64":{"start":{"line":116,"column":4},"end":{"line":116,"column":32}},"65":{"start":{"line":117,"column":4},"end":{"line":117,"column":38}},"66":{"start":{"line":118,"column":22},"end":{"line":118,"column":42}},"67":{"start":{"line":119,"column":27},"end":{"line":119,"column":61}},"68":{"start":{"line":121,"column":22},"end":{"line":121,"column":105}},"69":{"start":{"line":122,"column":8},"end":{"line":122,"column":29}},"70":{"start":{"line":123,"column":8},"end":{"line":123,"column":83}},"71":{"start":{"line":126,"column":4},"end":{"line":126,"column":89}},"72":{"start":{"line":129,"column":20},"end":{"line":193,"column":4}},"73":{"start":{"line":130,"column":4},"end":{"line":191,"column":4}},"74":{"start":{"line":130,"column":16},"end":{"line":130,"column":21}},"75":{"start":{"line":131,"column":16},"end":{"line":131,"column":21}},"76":{"start":{"line":133,"column":17},"end":{"line":133,"column":33}},"77":{"start":{"line":134,"column":6},"end":{"line":178,"column":7}},"78":{"start":{"line":136,"column":7},"end":{"line":139,"column":8}},"79":{"start":{"line":138,"column":11},"end":{"line":138,"column":33}},"80":{"start":{"line":140,"column":7},"end":{"line":143,"column":8}},"81":{"start":{"line":142,"column":11},"end":{"line":142,"column":30}},"82":{"start":{"line":144,"column":7},"end":{"line":155,"column":8}},"83":{"start":{"line":146,"column":11},"end":{"line":151,"column":12}},"84":{"start":{"line":147,"column":11},"end":{"line":147,"column":144}},"85":{"start":{"line":150,"column":11},"end":{"line":150,"column":132}},"86":{"start":{"line":154,"column":10},"end":{"line":154,"column":75}},"87":{"start":{"line":158,"column":8},"end":{"line":161,"column":9}},"88":{"start":{"line":160,"column":12},"end":{"line":160,"column":34}},"89":{"start":{"line":162,"column":8},"end":{"line":165,"column":9}},"90":{"start":{"line":164,"column":12},"end":{"line":164,"column":31}},"91":{"start":{"line":166,"column":8},"end":{"line":177,"column":9}},"92":{"start":{"line":168,"column":12},"end":{"line":173,"column":13}},"93":{"start":{"line":169,"column":12},"end":{"line":169,"column":167}},"94":{"start":{"line":172,"column":12},"end":{"line":172,"column":155}},"95":{"start":{"line":176,"column":11},"end":{"line":176,"column":96}},"96":{"start":{"line":180,"column":16},"end":{"line":180,"column":32}},"97":{"start":{"line":181,"column":16},"end":{"line":181,"column":18}},"98":{"start":{"line":182,"column":10},"end":{"line":182,"column":18}},"99":{"start":{"line":183,"column":13},"end":{"line":183,"column":82}},"100":{"start":{"line":184,"column":3},"end":{"line":184,"column":22}},"101":{"start":{"line":185,"column":3},"end":{"line":185,"column":19}},"102":{"start":{"line":186,"column":3},"end":{"line":186,"column":122}},"103":{"start":{"line":190,"column":3},"end":{"line":190,"column":22}},"104":{"start":{"line":195,"column":30},"end":{"line":236,"column":4}},"105":{"start":{"line":196,"column":4},"end":{"line":234,"column":4}},"106":{"start":{"line":196,"column":16},"end":{"line":196,"column":21}},"107":{"start":{"line":197,"column":16},"end":{"line":197,"column":21}},"108":{"start":{"line":199,"column":18},"end":{"line":199,"column":34}},"109":{"start":{"line":200,"column":19},"end":{"line":200,"column":36}},"110":{"start":{"line":201,"column":8},"end":{"line":204,"column":9}},"111":{"start":{"line":203,"column":12},"end":{"line":203,"column":35}},"112":{"start":{"line":205,"column":8},"end":{"line":208,"column":9}},"113":{"start":{"line":207,"column":12},"end":{"line":207,"column":31}},"114":{"start":{"line":209,"column":8},"end":{"line":220,"column":9}},"115":{"start":{"line":211,"column":12},"end":{"line":216,"column":13}},"116":{"start":{"line":212,"column":12},"end":{"line":212,"column":164}},"117":{"start":{"line":215,"column":12},"end":{"line":215,"column":154}},"118":{"start":{"line":219,"column":11},"end":{"line":219,"column":97}},"119":{"start":{"line":223,"column":16},"end":{"line":223,"column":32}},"120":{"start":{"line":224,"column":16},"end":{"line":224,"column":18}},"121":{"start":{"line":225,"column":10},"end":{"line":225,"column":18}},"122":{"start":{"line":226,"column":13},"end":{"line":226,"column":82}},"123":{"start":{"line":227,"column":3},"end":{"line":227,"column":22}},"124":{"start":{"line":228,"column":3},"end":{"line":228,"column":19}},"125":{"start":{"line":229,"column":3},"end":{"line":229,"column":134}},"126":{"start":{"line":233,"column":3},"end":{"line":233,"column":22}},"127":{"start":{"line":239,"column":37},"end":{"line":283,"column":4}},"128":{"start":{"line":240,"column":4},"end":{"line":281,"column":4}},"129":{"start":{"line":241,"column":14},"end":{"line":241,"column":19}},"130":{"start":{"line":242,"column":16},"end":{"line":242,"column":21}},"131":{"start":{"line":244,"column":17},"end":{"line":244,"column":33}},"132":{"start":{"line":245,"column":19},"end":{"line":245,"column":36}},"133":{"start":{"line":247,"column":8},"end":{"line":250,"column":9}},"134":{"start":{"line":249,"column":12},"end":{"line":249,"column":35}},"135":{"start":{"line":251,"column":8},"end":{"line":254,"column":9}},"136":{"start":{"line":253,"column":12},"end":{"line":253,"column":31}},"137":{"start":{"line":255,"column":8},"end":{"line":255,"column":58}},"138":{"start":{"line":256,"column":8},"end":{"line":267,"column":9}},"139":{"start":{"line":258,"column":12},"end":{"line":263,"column":13}},"140":{"start":{"line":259,"column":12},"end":{"line":259,"column":163}},"141":{"start":{"line":262,"column":12},"end":{"line":262,"column":153}},"142":{"start":{"line":266,"column":11},"end":{"line":266,"column":96}},"143":{"start":{"line":270,"column":16},"end":{"line":270,"column":32}},"144":{"start":{"line":271,"column":16},"end":{"line":271,"column":18}},"145":{"start":{"line":272,"column":10},"end":{"line":272,"column":18}},"146":{"start":{"line":273,"column":13},"end":{"line":273,"column":82}},"147":{"start":{"line":274,"column":3},"end":{"line":274,"column":22}},"148":{"start":{"line":275,"column":3},"end":{"line":275,"column":19}},"149":{"start":{"line":276,"column":3},"end":{"line":276,"column":141}},"150":{"start":{"line":280,"column":3},"end":{"line":280,"column":22}},"151":{"start":{"line":286,"column":21},"end":{"line":326,"column":1}},"152":{"start":{"line":288,"column":4},"end":{"line":323,"column":7}},"153":{"start":{"line":294,"column":20},"end":{"line":294,"column":34}},"154":{"start":{"line":295,"column":21},"end":{"line":295,"column":34}},"155":{"start":{"line":296,"column":21},"end":{"line":296,"column":35}},"156":{"start":{"line":297,"column":21},"end":{"line":297,"column":37}},"157":{"start":{"line":298,"column":17},"end":{"line":298,"column":35}},"158":{"start":{"line":301,"column":8},"end":{"line":313,"column":9}},"159":{"start":{"line":303,"column":12},"end":{"line":309,"column":13}},"160":{"start":{"line":304,"column":12},"end":{"line":304,"column":188}},"161":{"start":{"line":308,"column":12},"end":{"line":308,"column":176}},"162":{"start":{"line":312,"column":11},"end":{"line":312,"column":119}},"163":{"start":{"line":314,"column":8},"end":{"line":319,"column":9}},"164":{"start":{"line":315,"column":10},"end":{"line":315,"column":30}},"165":{"start":{"line":318,"column":10},"end":{"line":318,"column":64}},"166":{"start":{"line":321,"column":8},"end":{"line":321,"column":58}},"167":{"start":{"line":322,"column":8},"end":{"line":322,"column":65}},"168":{"start":{"line":329,"column":26},"end":{"line":371,"column":3}},"169":{"start":{"line":331,"column":4},"end":{"line":370,"column":7}},"170":{"start":{"line":337,"column":20},"end":{"line":337,"column":34}},"171":{"start":{"line":338,"column":20},"end":{"line":338,"column":38}},"172":{"start":{"line":339,"column":21},"end":{"line":339,"column":34}},"173":{"start":{"line":340,"column":22},"end":{"line":340,"column":39}},"174":{"start":{"line":341,"column":21},"end":{"line":341,"column":37}},"175":{"start":{"line":342,"column":21},"end":{"line":342,"column":35}},"176":{"start":{"line":347,"column":8},"end":{"line":359,"column":9}},"177":{"start":{"line":349,"column":12},"end":{"line":355,"column":13}},"178":{"start":{"line":350,"column":12},"end":{"line":350,"column":208}},"179":{"start":{"line":354,"column":12},"end":{"line":354,"column":196}},"180":{"start":{"line":358,"column":11},"end":{"line":358,"column":139}},"181":{"start":{"line":360,"column":8},"end":{"line":366,"column":9}},"182":{"start":{"line":361,"column":10},"end":{"line":361,"column":30}},"183":{"start":{"line":365,"column":10},"end":{"line":365,"column":64}},"184":{"start":{"line":368,"column":8},"end":{"line":368,"column":58}},"185":{"start":{"line":369,"column":8},"end":{"line":369,"column":65}},"186":{"start":{"line":373,"column":31},"end":{"line":445,"column":3}},"187":{"start":{"line":374,"column":4},"end":{"line":444,"column":5}},"188":{"start":{"line":375,"column":19},"end":{"line":375,"column":35}},"189":{"start":{"line":376,"column":20},"end":{"line":376,"column":35}},"190":{"start":{"line":377,"column":18},"end":{"line":377,"column":36}},"191":{"start":{"line":378,"column":19},"end":{"line":378,"column":32}},"192":{"start":{"line":379,"column":20},"end":{"line":379,"column":48}},"193":{"start":{"line":381,"column":6},"end":{"line":383,"column":7}},"194":{"start":{"line":382,"column":8},"end":{"line":382,"column":28}},"195":{"start":{"line":387,"column":6},"end":{"line":431,"column":7}},"196":{"start":{"line":388,"column":8},"end":{"line":416,"column":9}},"197":{"start":{"line":389,"column":10},"end":{"line":401,"column":13}},"198":{"start":{"line":403,"column":10},"end":{"line":415,"column":13}},"199":{"start":{"line":418,"column":8},"end":{"line":430,"column":11}},"200":{"start":{"line":433,"column":6},"end":{"line":440,"column":7}},"201":{"start":{"line":434,"column":29},"end":{"line":434,"column":58}},"202":{"start":{"line":434,"column":50},"end":{"line":434,"column":57}},"203":{"start":{"line":435,"column":8},"end":{"line":435,"column":54}},"204":{"start":{"line":436,"column":8},"end":{"line":436,"column":38}},"205":{"start":{"line":438,"column":8},"end":{"line":438,"column":42}},"206":{"start":{"line":439,"column":8},"end":{"line":439,"column":28}},"207":{"start":{"line":442,"column":6},"end":{"line":442,"column":56}},"208":{"start":{"line":443,"column":6},"end":{"line":443,"column":63}},"209":{"start":{"line":447,"column":22},"end":{"line":462,"column":3}},"210":{"start":{"line":448,"column":4},"end":{"line":461,"column":5}},"211":{"start":{"line":449,"column":17},"end":{"line":449,"column":29}},"212":{"start":{"line":450,"column":18},"end":{"line":450,"column":66}},"213":{"start":{"line":452,"column":6},"end":{"line":455,"column":7}},"214":{"start":{"line":454,"column":8},"end":{"line":454,"column":58}},"215":{"start":{"line":457,"column":6},"end":{"line":457,"column":52}},"216":{"start":{"line":459,"column":6},"end":{"line":459,"column":27}},"217":{"start":{"line":460,"column":6},"end":{"line":460,"column":52}},"218":{"start":{"line":464,"column":15},"end":{"line":485,"column":3}},"219":{"start":{"line":466,"column":4},"end":{"line":482,"column":3}},"220":{"start":{"line":467,"column":6},"end":{"line":478,"column":7}},"221":{"start":{"line":469,"column":23},"end":{"line":469,"column":101}},"222":{"start":{"line":470,"column":2},"end":{"line":470,"column":45}},"223":{"start":{"line":471,"column":2},"end":{"line":471,"column":31}},"224":{"start":{"line":472,"column":2},"end":{"line":472,"column":28}},"225":{"start":{"line":474,"column":2},"end":{"line":474,"column":145}},"226":{"start":{"line":476,"column":6},"end":{"line":476,"column":25}},"227":{"start":{"line":477,"column":6},"end":{"line":477,"column":102}},"228":{"start":{"line":481,"column":6},"end":{"line":481,"column":24}},"229":{"start":{"line":487,"column":17},"end":{"line":522,"column":3}},"230":{"start":{"line":489,"column":13},"end":{"line":489,"column":24}},"231":{"start":{"line":490,"column":18},"end":{"line":490,"column":34}},"232":{"start":{"line":491,"column":15},"end":{"line":491,"column":28}},"233":{"start":{"line":492,"column":4},"end":{"line":492,"column":24}},"234":{"start":{"line":493,"column":4},"end":{"line":493,"column":31}},"235":{"start":{"line":494,"column":24},"end":{"line":500,"column":6}},"236":{"start":{"line":501,"column":4},"end":{"line":501,"column":19}},"237":{"start":{"line":503,"column":24},"end":{"line":509,"column":5}},"238":{"start":{"line":511,"column":4},"end":{"line":521,"column":7}},"239":{"start":{"line":512,"column":6},"end":{"line":520,"column":7}},"240":{"start":{"line":513,"column":8},"end":{"line":513,"column":29}},"241":{"start":{"line":514,"column":8},"end":{"line":514,"column":45}},"242":{"start":{"line":516,"column":8},"end":{"line":516,"column":52}},"243":{"start":{"line":517,"column":15},"end":{"line":517,"column":171}},"244":{"start":{"line":518,"column":8},"end":{"line":518,"column":23}},"245":{"start":{"line":519,"column":7},"end":{"line":519,"column":50}},"246":{"start":{"line":524,"column":16},"end":{"line":536,"column":3}},"247":{"start":{"line":525,"column":4},"end":{"line":535,"column":3}},"248":{"start":{"line":527,"column":21},"end":{"line":527,"column":99}},"249":{"start":{"line":528,"column":2},"end":{"line":528,"column":45}},"250":{"start":{"line":529,"column":2},"end":{"line":529,"column":37}},"251":{"start":{"line":530,"column":2},"end":{"line":530,"column":27}},"252":{"start":{"line":531,"column":2},"end":{"line":531,"column":78}},"253":{"start":{"line":534,"column":4},"end":{"line":534,"column":44}},"254":{"start":{"line":538,"column":16},"end":{"line":558,"column":3}},"255":{"start":{"line":539,"column":4},"end":{"line":539,"column":26}},"256":{"start":{"line":540,"column":4},"end":{"line":540,"column":26}},"257":{"start":{"line":541,"column":20},"end":{"line":541,"column":69}},"258":{"start":{"line":542,"column":12},"end":{"line":555,"column":4}},"259":{"start":{"line":556,"column":4},"end":{"line":556,"column":21}},"260":{"start":{"line":557,"column":4},"end":{"line":557,"column":22}},"261":{"start":{"line":560,"column":20},"end":{"line":577,"column":3}},"262":{"start":{"line":561,"column":4},"end":{"line":574,"column":5}},"263":{"start":{"line":563,"column":21},"end":{"line":563,"column":99}},"264":{"start":{"line":564,"column":2},"end":{"line":564,"column":45}},"265":{"start":{"line":565,"column":2},"end":{"line":565,"column":37}},"266":{"start":{"line":566,"column":2},"end":{"line":566,"column":28}},"267":{"start":{"line":567,"column":15},"end":{"line":567,"column":67}},"268":{"start":{"line":568,"column":11},"end":{"line":568,"column":59}},"269":{"start":{"line":569,"column":2},"end":{"line":569,"column":95}},"270":{"start":{"line":573,"column":6},"end":{"line":573,"column":75}},"271":{"start":{"line":578,"column":17},"end":{"line":588,"column":1}},"272":{"start":{"line":580,"column":15},"end":{"line":580,"column":33}},"273":{"start":{"line":581,"column":13},"end":{"line":581,"column":25}},"274":{"start":{"line":582,"column":18},"end":{"line":582,"column":53}},"275":{"start":{"line":583,"column":12},"end":{"line":583,"column":45}},"276":{"start":{"line":584,"column":15},"end":{"line":584,"column":66}},"277":{"start":{"line":585,"column":11},"end":{"line":585,"column":58}},"278":{"start":{"line":586,"column":2},"end":{"line":586,"column":98}},"279":{"start":{"line":590,"column":22},"end":{"line":631,"column":1}},"280":{"start":{"line":593,"column":17},"end":{"line":593,"column":32}},"281":{"start":{"line":594,"column":16},"end":{"line":594,"column":34}},"282":{"start":{"line":595,"column":18},"end":{"line":595,"column":76}},"283":{"start":{"line":596,"column":18},"end":{"line":596,"column":83}},"284":{"start":{"line":598,"column":4},"end":{"line":628,"column":7}},"285":{"start":{"line":599,"column":4},"end":{"line":625,"column":5}},"286":{"start":{"line":601,"column":20},"end":{"line":601,"column":60}},"287":{"start":{"line":602,"column":17},"end":{"line":602,"column":39}},"288":{"start":{"line":603,"column":4},"end":{"line":603,"column":22}},"289":{"start":{"line":604,"column":4},"end":{"line":618,"column":5}},"290":{"start":{"line":606,"column":8},"end":{"line":609,"column":11}},"291":{"start":{"line":610,"column":8},"end":{"line":610,"column":68}},"292":{"start":{"line":613,"column":8},"end":{"line":613,"column":28}},"293":{"start":{"line":614,"column":8},"end":{"line":614,"column":27}},"294":{"start":{"line":615,"column":8},"end":{"line":615,"column":29}},"295":{"start":{"line":616,"column":8},"end":{"line":616,"column":29}},"296":{"start":{"line":617,"column":8},"end":{"line":617,"column":76}},"297":{"start":{"line":622,"column":8},"end":{"line":622,"column":28}},"298":{"start":{"line":623,"column":8},"end":{"line":623,"column":29}},"299":{"start":{"line":624,"column":8},"end":{"line":624,"column":84}},"300":{"start":{"line":627,"column":8},"end":{"line":627,"column":59}},"301":{"start":{"line":633,"column":0},"end":{"line":633,"column":312}}},"fnMap":{"0":{"name":"(anonymous_0)","decl":{"start":{"line":32,"column":27},"end":{"line":32,"column":28}},"loc":{"start":{"line":32,"column":43},"end":{"line":52,"column":6}},"line":32},"1":{"name":"(anonymous_1)","decl":{"start":{"line":54,"column":22},"end":{"line":54,"column":23}},"loc":{"start":{"line":54,"column":38},"end":{"line":98,"column":5}},"line":54},"2":{"name":"(anonymous_2)","decl":{"start":{"line":80,"column":51},"end":{"line":80,"column":52}},"loc":{"start":{"line":80,"column":68},"end":{"line":86,"column":17}},"line":80},"3":{"name":"(anonymous_3)","decl":{"start":{"line":100,"column":35},"end":{"line":100,"column":36}},"loc":{"start":{"line":100,"column":46},"end":{"line":112,"column":5}},"line":100},"4":{"name":"(anonymous_4)","decl":{"start":{"line":113,"column":35},"end":{"line":113,"column":36}},"loc":{"start":{"line":113,"column":52},"end":{"line":127,"column":2}},"line":113},"5":{"name":"(anonymous_5)","decl":{"start":{"line":129,"column":20},"end":{"line":129,"column":21}},"loc":{"start":{"line":129,"column":36},"end":{"line":193,"column":4}},"line":129},"6":{"name":"(anonymous_6)","decl":{"start":{"line":195,"column":30},"end":{"line":195,"column":31}},"loc":{"start":{"line":195,"column":46},"end":{"line":236,"column":4}},"line":195},"7":{"name":"(anonymous_7)","decl":{"start":{"line":239,"column":37},"end":{"line":239,"column":38}},"loc":{"start":{"line":239,"column":53},"end":{"line":283,"column":4}},"line":239},"8":{"name":"(anonymous_8)","decl":{"start":{"line":286,"column":21},"end":{"line":286,"column":22}},"loc":{"start":{"line":286,"column":37},"end":{"line":326,"column":1}},"line":286},"9":{"name":"(anonymous_9)","decl":{"start":{"line":329,"column":26},"end":{"line":329,"column":27}},"loc":{"start":{"line":329,"column":42},"end":{"line":371,"column":3}},"line":329},"10":{"name":"(anonymous_10)","decl":{"start":{"line":373,"column":31},"end":{"line":373,"column":32}},"loc":{"start":{"line":373,"column":51},"end":{"line":445,"column":3}},"line":373},"11":{"name":"(anonymous_11)","decl":{"start":{"line":434,"column":43},"end":{"line":434,"column":44}},"loc":{"start":{"line":434,"column":50},"end":{"line":434,"column":57}},"line":434},"12":{"name":"(anonymous_12)","decl":{"start":{"line":447,"column":22},"end":{"line":447,"column":23}},"loc":{"start":{"line":447,"column":42},"end":{"line":462,"column":3}},"line":447},"13":{"name":"(anonymous_13)","decl":{"start":{"line":464,"column":15},"end":{"line":464,"column":16}},"loc":{"start":{"line":465,"column":2},"end":{"line":485,"column":3}},"line":465},"14":{"name":"(anonymous_14)","decl":{"start":{"line":487,"column":17},"end":{"line":487,"column":18}},"loc":{"start":{"line":487,"
[...]
umn":1}},"line":48},"1":{"name":"(anonymous_1)","decl":{"start":{"line":70,"column":27},"end":{"line":70,"column":28}},"loc":{"start":{"line":70,"column":38},"end":{"line":72,"column":1}},"line":70},"2":{"name":"(anonymous_2)","decl":{"start":{"line":73,"column":35},"end":{"line":73,"column":36}},"loc":{"start":{"line":73,"column":55},"end":{"line":121,"column":1}},"line":73},"3":{"name":"(anonymous_3)","decl":{"start":{"line":113,"column":37},"end":{"line":113,"column":38}},"loc":{"start":{"line":113,"column":44},"end":{"line":113,"column":51}},"line":113},"4":{"name":"(anonymous_4)","decl":{"start":{"line":114,"column":45},"end":{"line":114,"column":46}},"loc":{"start":{"line":114,"column":52},"end":{"line":114,"column":61}},"line":114},"5":{"name":"(anonymous_5)","decl":{"start":{"line":123,"column":30},"end":{"line":123,"column":31}},"loc":{"start":{"line":123,"column":44},"end":{"line":126,"column":1}},"line":123}},"branchMap":{"0":{"loc":{"start":{"line":78,"column":8},"end":{"line":96,"column":9}},"type":"if","locations":[{"start":{"line":78,"column":8},"end":{"line":96,"column":9}},{"start":{"line":78,"column":8},"end":{"line":96,"column":9}}],"line":78},"1":{"loc":{"start":{"line":81,"column":15},"end":{"line":96,"column":9}},"type":"if","locations":[{"start":{"line":81,"column":15},"end":{"line":96,"column":9}},{"start":{"line":81,"column":15},"end":{"line":96,"column":9}}],"line":81},"2":{"loc":{"start":{"line":84,"column":15},"end":{"line":96,"column":9}},"type":"if","locations":[{"start":{"line":84,"column":15},"end":{"line":96,"column":9}},{"start":{"line":84,"column":15},"end":{"line":96,"column":9}}],"line":84},"3":{"loc":{"start":{"line":87,"column":15},"end":{"line":96,"column":9}},"type":"if","locations":[{"start":{"line":87,"column":15},"end":{"line":96,"column":9}},{"start":{"line":87,"column":15},"end":{"line":96,"column":9}}],"line":87},"4":{"loc":{"start":{"line":90,"column":15},"end":{"line":96,"column":9}},"type":"if","locations":[{"start":{"line":90,"column":15},"end":{"line":96,"column":9}},{"start":{"line":90,"column":15},"end":{"line":96,"column":9}}],"line":90},"5":{"loc":{"start":{"line":93,"column":15},"end":{"line":96,"column":9}},"type":"if","locations":[{"start":{"line":93,"column":15},"end":{"line":96,"column":9}},{"start":{"line":93,"column":15},"end":{"line":96,"column":9}}],"line":93}},"s":{"0":1,"1":1,"2":1,"3":1,"4":1,"5":1,"6":1,"7":1,"8":1,"9":1,"10":1,"11":0,"12":1,"13":1,"14":1,"15":1,"16":1,"17":1,"18":1,"19":1,"20":1,"21":1,"22":1,"23":1,"24":1,"25":1,"26":1,"27":1,"28":1,"29":0,"30":1,"31":0,"32":0,"33":0,"34":0,"35":0,"36":0,"37":0,"38":0,"39":0,"40":0,"41":0,"42":0,"43":0,"44":0,"45":0,"46":0,"47":0,"48":0,"49":0,"50":0,"51":0,"52":0,"53":0,"54":0,"55":0,"56":0,"57":0,"58":0,"59":1,"60":0,"61":1,"62":1},"f":{"0":0,"1":0,"2":0,"3":0,"4":0,"5":0},"b":{"0":[0,0],"1":[0,0],"2":[0,0],"3":[0,0],"4":[0,0],"5":[0,0]},"_coverageSchema":"1a1c01bbd47fc00a2c39e90264f33305004495a9","hash":"b578bcb4279b92f0d3a0318fa9f03f69f4627a4b","contentHash":"70b760c368614d97e97b88c5a545ec420825958114e67dbb0504c9b1e9502480"},"/home/deekshitha.t/jobapplicationportal2/routes/employer.js":{"path":"/home/deekshitha.t/jobapplicationportal2/routes/employer.js","statementMap":{"0":{"start":{"line":2,"column":15},"end":{"line":2,"column":33}},"1":{"start":{"line":20,"column":13},"end":{"line":20,"column":30}},"2":{"start":{"line":21,"column":13},"end":{"line":21,"column":38}},"3":{"start":{"line":23,"column":14},"end":{"line":23,"column":30}},"4":{"start":{"line":25,"column":46},"end":{"line":25,"column":101}},"5":{"start":{"line":27,"column":0},"end":{"line":29,"column":2}},"6":{"start":{"line":28,"column":4},"end":{"line":28,"column":52}},"7":{"start":{"line":67,"column":0},"end":{"line":67,"column":73}},"8":{"start":{"line":68,"column":0},"end":{"line":68,"column":34}},"9":{"start":{"line":69,"column":0},"end":{"line":69,"column":35}},"10":{"start":{"line":70,"column":0},"end":{"line":70,"column":21}}},"fnMap":{"0":{"name":"(anonymous_0)","decl":{"start":{"line":27,"column":37},"end":{"line":27,"column":38}},"loc":{"start":{"line":27,"column":48},"end":{"line":29,"column":1}},"line":27}},"branchMap":{},"s":{"0":1,"1":1,"2":1,"3":1,"4":1,"5":1,"6":0,"7":1,"8":1,"9":1,"10":1},"f":{"0":0},"b":{},"_coverageSchema":"1a1c01bbd47fc00a2c39e90264f33305004495a9","hash":"b70d29b2770284db2082a67d4cc481c6081633fa","contentHash":"5c8c239aedb1f9306c669ed4e35854ef94f901dfcd3de59be5df1a27c2e0caf9"},"/home/deekshitha.t/jobapplicationportal2/controllers/employerregistercontroller.js":{"path":"/home/deekshitha.t/jobapplicationportal2/controllers/employerregistercontroller.js","statementMap":{"0":{"start":{"line":1,"column":15},"end":{"line":1,"column":32}},"1":{"start":{"line":2,"column":14},"end":{"line":2,"column":32}},"2":{"start":{"line":3,"column":11},"end":{"line":3,"column":26}},"3":{"start":{"line":4,"column":10},"end":{"line":4,"column":19}},"4":{"start":{"line":6,"column":16},"end":{"line":6,"column":42}},"5":{"start":{"line":7,"column":21},"end":{"line":7,"column":45}},"6":{"start":{"line":8,"column":17},"end":{"line":8,"column":38}},"7":{"start":{"line":9,"column":15},"end":{"line":9,"column":34}},"8":{"start":{"line":12,"column":0},"end":{"line":12,"column":63}},"9":{"start":{"line":14,"column":10},"end":{"line":14,"column":33}},"10":{"start":{"line":15,"column":19},"end":{"line":15,"column":43}},"11":{"start":{"line":16,"column":0},"end":{"line":16,"column":23}},"12":{"start":{"line":17,"column":0},"end":{"line":17,"column":41}},"13":{"start":{"line":19,"column":22},"end":{"line":19,"column":44}},"14":{"start":{"line":20,"column":13},"end":{"line":20,"column":30}},"15":{"start":{"line":21,"column":13},"end":{"line":21,"column":38}},"16":{"start":{"line":23,"column":19},"end":{"line":23,"column":35}},"17":{"start":{"line":25,"column":13},"end":{"line":25,"column":29}},"18":{"start":{"line":26,"column":19},"end":{"line":26,"column":57}},"19":{"start":{"line":29,"column":23},"end":{"line":101,"column":1}},"20":{"start":{"line":30,"column":4},"end":{"line":99,"column":5}},"21":{"start":{"line":33,"column":18},"end":{"line":33,"column":77}},"22":{"start":{"line":34,"column":6},"end":{"line":92,"column":9}},"23":{"start":{"line":36,"column":21},"end":{"line":36,"column":95}},"24":{"start":{"line":37,"column":8},"end":{"line":43,"column":9}},"25":{"start":{"line":39,"column":13},"end":{"line":39,"column":129}},"26":{"start":{"line":42,"column":12},"end":{"line":42,"column":83}},"27":{"start":{"line":47,"column":18},"end":{"line":47,"column":208}},"28":{"start":{"line":48,"column":26},"end":{"line":54,"column":18}},"29":{"start":{"line":55,"column":36},"end":{"line":60,"column":19}},"30":{"start":{"line":61,"column":13},"end":{"line":91,"column":15}},"31":{"start":{"line":62,"column":20},"end":{"line":90,"column":21}},"32":{"start":{"line":63,"column":22},"end":{"line":63,"column":67}},"33":{"start":{"line":65,"column":22},"end":{"line":65,"column":59}},"34":{"start":{"line":68,"column":33},"end":{"line":68,"column":41}},"35":{"start":{"line":69,"column":6},"end":{"line":69,"column":24}},"36":{"start":{"line":70,"column":20},"end":{"line":70,"column":42}},"37":{"start":{"line":71,"column":6},"end":{"line":71,"column":27}},"38":{"start":{"line":72,"column":22},"end":{"line":72,"column":64}},"39":{"start":{"line":73,"column":30},"end":{"line":85,"column":22}},"40":{"start":{"line":86,"column":23},"end":{"line":86,"column":40}},"41":{"start":{"line":87,"column":36},"end":{"line":87,"column":65}},"42":{"start":{"line":88,"column":24},"end":{"line":88,"column":43}},"43":{"start":{"line":89,"column":22},"end":{"line":89,"column":65}},"44":{"start":{"line":98,"column":8},"end":{"line":98,"column":27}},"45":{"start":{"line":102,"column":17},"end":{"line":140,"column":5}},"46":{"start":{"line":103,"column":15},"end":{"line":103,"column":30}},"47":{"start":{"line":104,"column":4},"end":{"line":104,"column":23}},"48":{"start":{"line":105,"column":8},"end":{"line":138,"column":9}},"49":{"start":{"line":106,"column":19},"end":{"line":106,"column":95}},"50":{"start":{"line":107,"column":12},"end":{"line":110,"column":15}},"51":{"start":{"line":111,"column":30},"end":{"line":117,"column":22}},"52":{"start":{"line":118,"column":40},"end":{"line":123,"column":23}},"53":{"start":{"line":124,"column":17},"end":{"line":130,"column":19}},"54":{"start":{"line":125,"column":24},"end":{"line":129,"column":25}},"55":{"start":{"line":126,"column":26},"end":{"line":126,"column":71}},"56":{"start":{"line":128,"column":26},"end":{"line":128,"column":68}},"57":{"start":{"line":133,"column":12},"end":{"line":133,"column":110}},"58":{"start":{"line":137,"column":12},"end":{"line":137,"column":31}},"59":{"start":{"line":142,"column":16},"end":{"line":205,"column":5}},"60":{"start":{"line":143,"column":20},"end":{"line":143,"column":34}},"61":{"start":{"line":144,"column":8},"end":{"line":144,"column":30}},"62":{"start":{"line":145,"column":25},"end":{"line":145,"column":40}},"63":{"start":{"line":146,"column":25},"end":{"line":146,"column":37}},"64":{"start":{"line":147,"column":8},"end":{"line":147,"column":37}},"65":{"start":{"line":148,"column":8},"end":{"line":204,"column":9}},"66":{"start":{"line":159,"column":21},"end":{"line":198,"column":5}},"67":{"start":{"line":161,"column":12},"end":{"line":197,"column":9}},"68":{"start":{"line":163,"column":24},"end":{"line":163,"column":83}},"69":{"start":{"line":164,"column":12},"end":{"line":193,"column":13}},"70":{"start":{"line":166,"column":13},"end":{"line":166,"column":50}},"71":{"start":{"line":168,"column":14},"end":{"line":168,"column":95}},"72":{"start":{"line":173,"column":20},"end":{"line":182,"column":18}},"73":{"start":{"line":183,"column":32},"end":{"line":183,"column":55}},"74":{"start":{"line":184,"column":20},"end":{"line":184,"column":39}},"75":{"start":{"line":185,"column":20},"end":{"line":189,"column":22}},"76":{"start":{"line":191,"column":11},"end":{"line":191,"column":40}},"77":{"start":{"line":192,"column":11},"end":{"line":192,"column":89}},"78":{"start":{"line":196,"column":12},"end":{"line":196,"column":30}},"79":{"start":{"line":200,"column":8},"end":{"line":200,"column":17}},"80":{"start":{"line":203,"column":12},"end":{"line":203,"column":310}},"81":{"start":{"line":206,"column":0},"end":{"line":206,"column":53}}},"fnMap":{"0":{"name":"(anonymous_0)","decl":{"start":{"line":29,"column":23},"end":{"line":29,"column":24}},"loc":{"start":{"line":29,"column":39},"end":{"line":101,"column":1}},"line":29},"1":{"name":"(anonymous_1)","decl":{"start":{"line":61,"column":46},"end":{"line":61,"column":47}},"loc":{"start":{"line":61,"column":69},"end":{"line":91,"column":13}},"line":61},"2":{"name":"(anonymous_2)","decl":{"start":{"line":102,"column":17},"end":{"line":102,"column":18}},"loc":{"start":{"line":102,"column":28},"end":{"line":140,"column":5}},"line":102},"3":{"name":"(anonymous_3)","decl":{"start":{"line":124,"column":51},"end":{"line":124,"column":52}},"loc":{"start":{"line":124,"column":68},"end":{"line":130,"column":17}},"line":124},"4":{"name":"(anonymous_4)","decl":{"start":{"line":142,"column":16},"end":{"line":142,"column":17}},"loc":{"start":{"line":142,"column":27},"end":{"line":205,"column":5}},"line":142},"5":{"name":"(anonymous_5)","decl":{"start":{"line":159,"column":21},"end":{"line":159,"column":22}},"loc":{"start":{"line":159,"column":30},"end":{"line":198,"column":5}},"line":159}},"branchMap":{"0":{"loc":{"start":{"line":34,"column":6},"end":{"line":92,"column":9}},"type":"if","locations":[{"start":{"line":34,"column":6},"end":{"line":92,"column":9}},{"start":{"line":34,"column":6},"end":{"line":92,"column":9}}],"line":34},"1":{"loc":{"start":{"line":37,"column":8},"end":{"line":43,"column":9}},"type":"if","locations":[{"start":{"line":37,"column":8},"end":{"line":43,"column":9}},{"start":{"line":37,"column":8},"end":{"line":43,"column":9}}],"line":37},"2":{"loc":{"start":{"line":62,"column":20},"end":{"line":90,"column":21}},"type":"if","locations":[{"start":{"line":62,"column":20},"end":{"line":90,"column":21}},{"start":{"line":62,"column":20},"end":{"line":90,"column":21}}],"line":62},"3":{"loc":{"start":{"line":125,"column":24},"end":{"line":129,"column":25}},"type":"if","locations":[{"start":{"line":125,"column":24},"end":{"line":129,"column":25}},{"start":{"line":125,"column":24},"end":{"line":129,"column":25}}],"line":125},"4":{"loc":{"start":{"line":148,"column":8},"end":{"line":204,"column":9}},"type":"if","locations":[{"start":{"line":148,"column":8},"end":{"line":204,"column":9}},{"start":{"line":148,"column":8},"end":{"line":204,"column":9}}],"line":148},"5":{"loc":{"start":{"line":164,"column":12},"end":{"line":193,"column":13}},"type":"if","locations":[{"start":{"line":164,"column":12},"end":{"line":193,"column":13}},{"start":{"line":164,"column":12},"end":{"line":193,"column":13}}],"line":164}},"s":{"0":1,"1":1,"2":1,"3":1,"4":1,"5":1,"6":1,"7":1,"8":1,"9":1,"10":1,"11":1,"12":1,"13":1,"14":1,"15":1,"16":1,"17":1,"18":1,"19":1,"20":0,"21":0,"22":0,"23":0,"24":0,"25":0,"26":0,"27":0,"28":0,"29":0,"30":0,"31":0,"32":0,"33":0,"34":0,"35":0,"36":0,"37":0,"38":0,"39":0,"40":0,"41":0,"42":0,"43":0,"44":0,"45":1,"46":0,"47":0,"48":0,"49":0,"50":0,"51":0,"52":0,"53":0,"54":0,"55":0,"56":0,"57":0,"58":0,"59":1,"60":0,"61":0,"62":0,"63":0,"64":0,"65":0,"66":0,"67":0,"68":0,"69":0,"70":0,"71":0,"72":0,"73":0,"74":0,"75":0,"76":0,"77":0,"78":0,"79":0,"80":0,"81":1},"f":{"0":0,"1":0,"2":0,"3":0,"4":0,"5":0},"b":{"0":[0,0],"1":[0,0],"2":[0,0],"3":[0,0],"4":[0,0],"5":[0,0]},"_coverageSchema":"1a1c01bbd47fc00a2c39e90264f33305004495a9","hash":"eb11ac5be5b02b883e413dce1f616a38b0c36ebe","contentHash":"fe03cba75fa0878397a93702af13b9737525114f4a64688c74840a38a7111e83"},"/home/deekshitha.t/jobapplicationportal2/routes/employerlogin.js":{"path":"/home/deekshitha.t/jobapplicationportal2/routes/employerlogin.js","statementMap":{"0":{"start":{"line":1,"column":14},"end":{"line":1,"column":32}},"1":{"start":{"line":6,"column":14},"end":{"line":6,"column":31}},"2":{"start":{"line":8,"column":16},"end":{"line":8,"column":35}},"3":{"start":{"line":19,"column":14},"end":{"line":19,"column":30}},"4":{"start":{"line":20,"column":15},"end":{"line":20,"column":37}},"5":{"start":{"line":21,"column":14},"end":{"line":21,"column":39}},"6":{"start":{"line":23,"column":25},"end":{"line":23,"column":65}},"7":{"start":{"line":27,"column":304},"end":{"line":27,"column":356}},"8":{"start":{"line":28,"column":0},"end":{"line":28,"column":44}},"9":{"start":{"line":30,"column":0},"end":{"line":30,"column":56}},"10":{"start":{"line":32,"column":0},"end":{"line":34,"column":2}},"11":{"start":{"line":33,"column":4},"end":{"line":33,"column":45}},"12":{"start":{"line":36,"column":0},"end":{"line":36,"column":47}},"13":{"start":{"line":37,"column":0},"end":{"line":37,"column":61}},"14":{"start":{"line":39,"column":0},"end":{"line":39,"column":73}},"15":{"start":{"line":60,"column":0},"end":{"line":60,"column":53}},"16":{"start":{"line":61,"column":0},"end":{"line":61,"column":59}},"17":{"start":{"line":62,"column":0},"end":{"line":62,"column":72}},"18":{"start":{"line":63,"column":3},"end":{"line":63,"column":87}},"19":{"start":{"line":64,"column":3},"end":{"line":64,"column":59}},"20":{"start":{"line":65,"column":0},"end":{"line":65,"column":70}},"21":{"start":{"line":66,"column":0},"end":{"line":66,"column":76}},"22":{"start":{"line":67,"column":0},"end":{"line":67,"column":61}},"23":{"start":{"line":68,"column":0},"end":{"line":68,"column":48}},"24":{"start":{"line":70,"column":0},"end":{"line":70,"column":82}},"25":{"start":{"line":71,"column":0},"end":{"line":71,"column":46}},"26":{"start":{"line":72,"column":0},"end":{"line":72,"column":69}},"27":{"start":{"line":73,"column":0},"end":{"line":76,"column":3}},"28":{"start":{"line":75,"column":4},"end":{"line":75,"column":39}},"29":{"start":{"line":94,"column":0},"end":{"line":94,"column":58}},"30":{"start":{"line":101,"column":0},"end":{"line":101,"column":21}}},"fnMap":{"0":{"name":"(anonymous_0)","decl":{"start":{"line":32,"column":37},"end":{"line":32,"column":38}},"loc":{"start":{"line":32,"column":48},"end":{"line":34,"column":1}},"line":32},"1":{"name":"(anonymous_1)","decl":{"start":{"line":73,"column":38},"end":{"line":73,"column":39}},"loc":{"start":{"line":73,"column":52},"end":{"line":76,"column":1}},"line":73}},"branchMap":{},"s":{"0":1,"1":1,"2":1,"3":1,"4":1,"5":1,"6":1,"7":1,"8":1,"9":1,"10":1,"11":0,"12":1,"13":1,"14":1,"15":1,"16":1,"17":1,"18":1,"19":1,"20":1,"21":1,"22":1,"23":1,"24":1,"25":1,"26":1,"27":1,"28":0,"29":1,"30":1},"f":{"0":0,"1":0},"b":{},"_coverageSchema":"1a1c01bbd47fc00a2c39e90264f33305004495a9","hash":"86bcb1187bd183ad0d19588399a02836401ceee3","contentHash":"803d2527438400a829ce385e0754c556b93cd3471407d05cee15f0f4c2950bb3"},"/home/deekshitha.t/jobapplicationportal2/routes/admin.js":{"path":"/home/deekshitha.t/jobapplicationportal2/routes/admin.js","statementMap":{"0":{"start":{"line":1,"column":15},"end":{"line":1,"column":33}},"1":{"start":{"line":3,"column":14},"end":{"line":3,"column":30}},"2":{"start":{"line":11,"column":19},"end":{"line":11,"column":57}},"3":{"start":{"line":12,"column":21},"end":{"line":12,"column":58}},"4":{"start":{"line":13,"column":155},"end":{"line":13,"column":199}},"5":{"start":{"line":14,"column":0},"end":{"line":14,"column":23}},"6":{"start":{"line":15,"column":0},"end":{"line":15,"column":37}},"7":{"start":{"line":16,"column":0},"end":{"line":18,"column":2}},"8":{"start":{"line":17,"column":4},"end":{"line":17,"column":51}},"9":{"start":{"line":19,"column":0},"end":{"line":19,"column":41}},"10":{"start":{"line":20,"column":0},"end":{"line":20,"column":55}},"11":{"start":{"line":21,"column":0},"end":{"line":21,"column":67}},"12":{"start":{"line":23,"column":0},"end":{"line":23,"column":57}},"13":{"start":{"line":24,"column":0},"end":{"line":24,"column":57}},"14":{"start":{"line":25,"column":0},"end":{"line":25,"column":51}},"15":{"start":{"line":26,"column":0},"end":{"line":28,"column":2}},"16":{"start":{"line":27,"column":0},"end":{"line":27,"column":51}},"17":{"start":{"line":29,"column":0},"end":{"line":35,"column":2}},"18":{"start":{"line":30,"column":0},"end":{"line":30,"column":22}},"19":{"start":{"line":31,"column":0},"end":{"line":31,"column":27}},"20":{"start":{"line":32,"column":12},"end":{"line":32,"column":63}},"21":{"start":{"line":33,"column":8},"end":{"line":33,"column":174}},"22":{"start":{"line":34,"column":1},"end":{"line":34,"column":16}},"23":{"start":{"line":36,"column":0},"end":{"line":38,"column":2}},"24":{"start":{"line":37,"column":4},"end":{"line":37,"column":48}},"25":{"start":{"line":39,"column":0},"end":{"line":39,"column":82}},"26":{"start":{"line":42,"column":0},"end":{"line":42,"column":21}}},"fnMap":{"0":{"name":"(anonymous_0)","decl":{"start":{"line":16,"column":34},"end":{"line":16,"column":35}},"loc":{"start":{"line":16,"column":45},"end":{"line":18,"column":1}},"line":16},"1":{"name":"(anonymous_1)","decl":{"start":{"line":26,"column":36},"end":{"line":26,"column":37}},"loc":{"start":{"line":26,"column":52},"end":{"line":28,"column":1}},"line":26},"2":{"name":"(anonymous_2)","decl":{"start":{"line":29,"column":39},"end":{"line":29,"column":40}},"loc":{"start":{"line":29,"column":55},"end":{"line":35,"column":1}},"line":29},"3":{"name":"(anonymous_3)","decl":{"start":{"line":36,"column":32},"end":{"line":36,"column":33}},"loc":{"start":{"line":36,"column":43},"end":{"line":38,"column":1}},"line":36}},"branchMap":{},"s":{"0":1,"1":1,"2":1,"3":1,"4":1,"5":1,"6":1,"7":1,"8":0,"9":1,"10":1,"11":1,"12":1,"13":1,"14":1,"15":1,"16":0,"17":1,"18":0,"19":0,"20":0,"21":0,"22":0,"23":1,"24":0,"25":1,"26":1},"f":{"0":0,"1":0,"2":0,"3":0},"b":{},"_coverageSchema":"1a1c01bbd47fc00a2c39e90264f33305004495a9","hash":"09b4aeddcf5cf1dd839a369f4ea4b14a65c74dea","contentHash":"ac4a1b08ad9ab060f3ef7cef182a404b101102c81962c94dac8b9af4dd193976"}}