{"/home/deekshitha.t/jobapplicationportal2/controllers/indexcontroller.js":{"path":"/home/deekshitha.t/jobapplicationportal2/controllers/indexcontroller.js","statementMap":{"0":{"start":{"line":1,"column":15},"end":{"line":1,"column":32}},"1":{"start":{"line":2,"column":14},"end":{"line":2,"column":32}},"2":{"start":{"line":3,"column":11},"end":{"line":3,"column":26}},"3":{"start":{"line":4,"column":10},"end":{"line":4,"column":19}},"4":{"start":{"line":5,"column":0},"end":{"line":5,"column":27}},"5":{"start":{"line":7,"column":21},"end":{"line":7,"column":45}},"6":{"start":{"line":8,"column":13},"end":{"line":8,"column":30}},"7":{"start":{"line":9,"column":17},"end":{"line":9,"column":38}},"8":{"start":{"line":10,"column":0},"end":{"line":10,"column":55}},"9":{"start":{"line":11,"column":0},"end":{"line":11,"column":30}},"10":{"start":{"line":12,"column":0},"end":{"line":12,"column":48}},"11":{"start":{"line":13,"column":15},"end":{"line":13,"column":34}},"12":{"start":{"line":15,"column":0},"end":{"line":15,"column":63}},"13":{"start":{"line":17,"column":10},"end":{"line":17,"column":33}},"14":{"start":{"line":18,"column":19},"end":{"line":18,"column":43}},"15":{"start":{"line":19,"column":0},"end":{"line":19,"column":23}},"16":{"start":{"line":20,"column":0},"end":{"line":20,"column":41}},"17":{"start":{"line":22,"column":14},"end":{"line":22,"column":36}},"18":{"start":{"line":24,"column":13},"end":{"line":24,"column":38}},"19":{"start":{"line":25,"column":15},"end":{"line":25,"column":45}},"20":{"start":{"line":26,"column":24},"end":{"line":26,"column":57}},"21":{"start":{"line":27,"column":26},"end":{"line":27,"column":59}},"22":{"start":{"line":31,"column":12},"end":{"line":56,"column":1}},"23":{"start":{"line":32,"column":4},"end":{"line":55,"column":4}},"24":{"start":{"line":34,"column":7},"end":{"line":51,"column":8}},"25":{"start":{"line":35,"column":11},"end":{"line":35,"column":40}},"26":{"start":{"line":36,"column":22},"end":{"line":36,"column":93}},"27":{"start":{"line":37,"column":7},"end":{"line":37,"column":56}},"28":{"start":{"line":38,"column":7},"end":{"line":38,"column":59}},"29":{"start":{"line":40,"column":12},"end":{"line":51,"column":8}},"30":{"start":{"line":42,"column":11},"end":{"line":42,"column":48}},"31":{"start":{"line":43,"column":22},"end":{"line":43,"column":101}},"32":{"start":{"line":44,"column":7},"end":{"line":44,"column":56}},"33":{"start":{"line":45,"column":7},"end":{"line":45,"column":67}},"34":{"start":{"line":50,"column":7},"end":{"line":50,"column":40}},"35":{"start":{"line":53,"column":7},"end":{"line":53,"column":55}},"36":{"start":{"line":57,"column":20},"end":{"line":74,"column":6}},"37":{"start":{"line":59,"column":4},"end":{"line":74,"column":5}},"38":{"start":{"line":60,"column":8},"end":{"line":70,"column":9}},"39":{"start":{"line":62,"column":21},"end":{"line":62,"column":91}},"40":{"start":{"line":63,"column":4},"end":{"line":63,"column":47}},"41":{"start":{"line":64,"column":4},"end":{"line":64,"column":39}},"42":{"start":{"line":65,"column":4},"end":{"line":65,"column":29}},"43":{"start":{"line":66,"column":4},"end":{"line":66,"column":55}},"44":{"start":{"line":68,"column":8},"end":{"line":68,"column":27}},"45":{"start":{"line":69,"column":8},"end":{"line":69,"column":77}},"46":{"start":{"line":73,"column":8},"end":{"line":73,"column":26}},"47":{"start":{"line":75,"column":28},"end":{"line":137,"column":1}},"48":{"start":{"line":76,"column":4},"end":{"line":136,"column":5}},"49":{"start":{"line":77,"column":8},"end":{"line":77,"column":30}},"50":{"start":{"line":78,"column":8},"end":{"line":78,"column":30}},"51":{"start":{"line":79,"column":29},"end":{"line":79,"column":45}},"52":{"start":{"line":80,"column":8},"end":{"line":80,"column":34}},"53":{"start":{"line":83,"column":20},"end":{"line":87,"column":10}},"54":{"start":{"line":90,"column":8},"end":{"line":133,"column":9}},"55":{"start":{"line":91,"column":27},"end":{"line":104,"column":14}},"56":{"start":{"line":106,"column":33},"end":{"line":106,"column":52}},"57":{"start":{"line":107,"column":12},"end":{"line":107,"column":38}},"58":{"start":{"line":109,"column":35},"end":{"line":109,"column":57}},"59":{"start":{"line":110,"column":12},"end":{"line":110,"column":40}},"60":{"start":{"line":112,"column":34},"end":{"line":112,"column":75}},"61":{"start":{"line":113,"column":31},"end":{"line":120,"column":14}},"62":{"start":{"line":122,"column":29},"end":{"line":122,"column":65}},"63":{"start":{"line":123,"column":12},"end":{"line":123,"column":34}},"64":{"start":{"line":124,"column":12},"end":{"line":124,"column":36}},"65":{"start":{"line":126,"column":12},"end":{"line":128,"column":15}},"66":{"start":{"line":130,"column":12},"end":{"line":132,"column":15}},"67":{"start":{"line":135,"column":8},"end":{"line":135,"column":27}},"68":{"start":{"line":140,"column":15},"end":{"line":177,"column":1}},"69":{"start":{"line":141,"column":4},"end":{"line":141,"column":39}},"70":{"start":{"line":142,"column":18},"end":{"line":142,"column":35}},"71":{"start":{"line":143,"column":19},"end":{"line":143,"column":33}},"72":{"start":{"line":144,"column":18},"end":{"line":144,"column":31}},"73":{"start":{"line":146,"column":4},"end":{"line":176,"column":5}},"74":{"start":{"line":147,"column":22},"end":{"line":147,"column":72}},"75":{"start":{"line":149,"column":8},"end":{"line":172,"column":9}},"76":{"start":{"line":150,"column":12},"end":{"line":150,"column":50}},"77":{"start":{"line":151,"column":12},"end":{"line":151,"column":90}},"78":{"start":{"line":153,"column":24},"end":{"line":157,"column":14}},"79":{"start":{"line":159,"column":26},"end":{"line":159,"column":55}},"80":{"start":{"line":160,"column":12},"end":{"line":160,"column":36}},"81":{"start":{"line":161,"column":12},"end":{"line":161,"column":31}},"82":{"start":{"line":169,"column":12},"end":{"line":169,"column":29}},"83":{"start":{"line":171,"column":12},"end":{"line":171,"column":75}},"84":{"start":{"line":174,"column":8},"end":{"line":174,"column":53}},"85":{"start":{"line":175,"column":2},"end":{"line":175,"column":14}},"86":{"start":{"line":181,"column":16},"end":{"line":221,"column":1}},"87":{"start":{"line":182,"column":17},"end":{"line":182,"column":32}},"88":{"start":{"line":183,"column":15},"end":{"line":183,"column":33}},"89":{"start":{"line":184,"column":17},"end":{"line":184,"column":57}},"90":{"start":{"line":185,"column":17},"end":{"line":185,"column":64}},"91":{"start":{"line":187,"column":3},"end":{"line":218,"column":6}},"92":{"start":{"line":188,"column":3},"end":{"line":215,"column":4}},"93":{"start":{"line":190,"column":19},"end":{"line":190,"column":59}},"94":{"start":{"line":191,"column":16},"end":{"line":191,"column":38}},"95":{"start":{"line":192,"column":3},"end":{"line":192,"column":21}},"96":{"start":{"line":193,"column":3},"end":{"line":208,"column":4}},"97":{"start":{"line":195,"column":7},"end":{"line":198,"column":10}},"98":{"start":{"line":199,"column":7},"end":{"line":199,"column":41}},"99":{"start":{"line":200,"column":7},"end":{"line":200,"column":59}},"100":{"start":{"line":203,"column":7},"end":{"line":203,"column":27}},"101":{"start":{"line":204,"column":7},"end":{"line":204,"column":26}},"102":{"start":{"line":205,"column":7},"end":{"line":205,"column":28}},"103":{"start":{"line":206,"column":7},"end":{"line":206,"column":28}},"104":{"start":{"line":207,"column":7},"end":{"line":207,"column":68}},"105":{"start":{"line":212,"column":7},"end":{"line":212,"column":27}},"106":{"start":{"line":213,"column":7},"end":{"line":213,"column":28}},"107":{"start":{"line":214,"column":7},"end":{"line":214,"column":76}},"108":{"start":{"line":217,"column":7},"end":{"line":217,"column":58}},"109":{"start":{"line":224,"column":18},"end":{"line":254,"column":1}},"110":{"start":{"line":225,"column":4},"end":{"line":253,"column":5}},"111":{"start":{"line":227,"column":35},"end":{"line":227,"column":43}},"112":{"start":{"line":228,"column":8},"end":{"line":230,"column":9}},"113":{"start":{"line":229,"column":12},"end":{"line":229,"column":77}},"114":{"start":{"line":232,"column":8},"end":{"line":232,"column":30}},"115":{"start":{"line":233,"column":8},"end":{"line":233,"column":26}},"116":{"start":{"line":236,"column":30},"end":{"line":236,"column":71}},"117":{"start":{"line":239,"column":20},"end":{"line":239,"column":63}},"118":{"start":{"line":241,"column":8},"end":{"line":241,"column":25}},"119":{"start":{"line":244,"column":8},"end":{"line":249,"column":11}},"120":{"start":{"line":251,"column":8},"end":{"line":251,"column":52}},"121":{"start":{"line":252,"column":8},"end":{"line":252,"column":54}},"122":{"start":{"line":257,"column":11},"end":{"line":263,"column":2}},"123":{"start":{"line":258,"column":4},"end":{"line":258,"column":32}},"124":{"start":{"line":259,"column":15},"end":{"line":259,"column":33}},"125":{"start":{"line":260,"column":15},"end":{"line":260,"column":53}},"126":{"start":{"line":261,"column":16},"end":{"line":261,"column":32}},"127":{"start":{"line":262,"column":5},"end":{"line":262,"column":93}},"128":{"start":{"line":264,"column":22},"end":{"line":337,"column":1}},"129":{"start":{"line":265,"column":14},"end":{"line":265,"column":31}},"130":{"start":{"line":266,"column":17},"end":{"line":266,"column":35}},"131":{"start":{"line":267,"column":4},"end":{"line":267,"column":26}},"132":{"start":{"line":268,"column":4},"end":{"line":268,"column":23}},"133":{"start":{"line":270,"column":4},"end":{"line":334,"column":1}},"134":{"start":{"line":271,"column":28},"end":{"line":271,"column":62}},"135":{"start":{"line":272,"column":8},"end":{"line":279,"column":13}},"136":{"start":{"line":284,"column":8},"end":{"line":307,"column":5}},"137":{"start":{"line":285,"column":28},"end":{"line":285,"column":62}},"138":{"start":{"line":287,"column":5},"end":{"line":306,"column":9}},"139":{"start":{"line":308,"column":4},"end":{"line":331,"column":5}},"140":{"start":{"line":309,"column":24},"end":{"line":309,"column":58}},"141":{"start":{"line":311,"column":5},"end":{"line":330,"column":9}},"142":{"start":{"line":335,"column":0},"end":{"line":335,"column":17}},"143":{"start":{"line":336,"column":0},"end":{"line":336,"column":14}},"144":{"start":{"line":340,"column":13},"end":{"line":359,"column":6}},"145":{"start":{"line":341,"column":4},"end":{"line":356,"column":5}},"146":{"start":{"line":342,"column":8},"end":{"line":352,"column":9}},"147":{"start":{"line":344,"column":25},"end":{"line":344,"column":95}},"148":{"start":{"line":345,"column":4},"end":{"line":345,"column":47}},"149":{"start":{"line":346,"column":4},"end":{"line":346,"column":39}},"150":{"start":{"line":347,"column":4},"end":{"line":347,"column":28}},"151":{"start":{"line":348,"column":4},"end":{"line":348,"column":56}},"152":{"start":{"line":350,"column":8},"end":{"line":350,"column":27}},"153":{"start":{"line":351,"column":8},"end":{"line":351,"column":77}},"154":{"start":{"line":355,"column":8},"end":{"line":355,"column":26}},"155":{"start":{"line":380,"column":13},"end":{"line":386,"column":6}},"156":{"start":{"line":381,"column":8},"end":{"line":381,"column":31}},"157":{"start":{"line":382,"column":8},"end":{"line":382,"column":39}},"158":{"start":{"line":383,"column":8},"end":{"line":383,"column":36}},"159":{"start":{"line":385,"column":8},"end":{"line":385,"column":41}},"160":{"start":{"line":389,"column":16},"end":{"line":402,"column":9}},"161":{"start":{"line":390,"column":12},"end":{"line":390,"column":40}},"162":{"start":{"line":392,"column":12},"end":{"line":400,"column":13}},"163":{"start":{"line":393,"column":24},"end":{"line":393,"column":47}},"164":{"start":{"line":394,"column":16},"end":{"line":394,"column":31}},"165":{"start":{"line":395,"column":16},"end":{"line":395,"column":28}},"166":{"start":{"line":399,"column":16},"end":{"line":399,"column":37}},"167":{"start":{"line":403,"column":19},"end":{"line":448,"column":9}},"168":{"start":{"line":404,"column":12},"end":{"line":404,"column":40}},"169":{"start":{"line":405,"column":26},"end":{"line":405,"column":74}},"170":{"start":{"line":406,"column":26},"end":{"line":406,"column":81}},"171":{"start":{"line":408,"column":12},"end":{"line":446,"column":9}},"172":{"start":{"line":409,"column":12},"end":{"line":442,"column":13}},"173":{"start":{"line":412,"column":23},"end":{"line":412,"column":99}},"174":{"start":{"line":413,"column":16},"end":{"line":416,"column":19}},"175":{"start":{"line":417,"column":34},"end":{"line":423,"column":26}},"176":{"start":{"line":424,"column":44},"end":{"line":429,"column":27}},"177":{"start":{"line":430,"column":21},"end":{"line":436,"column":23}},"178":{"start":{"line":431,"column":28},"end":{"line":435,"column":29}},"179":{"start":{"line":432,"column":30},"end":{"line":432,"column":75}},"180":{"start":{"line":434,"column":30},"end":{"line":434,"column":72}},"181":{"start":{"line":438,"column":16},"end":{"line":438,"column":80}},"182":{"start":{"line":441,"column":16},"end":{"line":441,"column":76}},"183":{"start":{"line":445,"column":12},"end":{"line":445,"column":31}},"184":{"start":{"line":450,"column":16},"end":{"line":462,"column":9}},"185":{"start":{"line":451,"column":24},"end":{"line":451,"column":38}},"186":{"start":{"line":452,"column":12},"end":{"line":452,"column":34}},"187":{"start":{"line":453,"column":29},"end":{"line":453,"column":44}},"188":{"start":{"line":454,"column":29},"end":{"line":454,"column":41}},"189":{"start":{"line":455,"column":12},"end":{"line":455,"column":41}},"190":{"start":{"line":456,"column":12},"end":{"line":461,"column":13}},"191":{"start":{"line":457,"column":12},"end":{"line":457,"column":84}},"192":{"start":{"line":460,"column":16},"end":{"line":460,"column":94}},"193":{"start":{"line":463,"column":25},"end":{"line":477,"column":10}},"194":{"start":{"line":464,"column":12},"end":{"line":477,"column":9}},"195":{"start":{"line":466,"column":8},"end":{"line":466,"column":36}},"196":{"start":{"line":467,"column":8},"end":{"line":467,"column":42}},"197":{"start":{"line":468,"column":26},"end":{"line":468,"column":46}},"198":{"start":{"line":469,"column":31},"end":{"line":469,"column":65}},"199":{"start":{"line":471,"column":26},"end":{"line":471,"column":105}},"200":{"start":{"line":472,"column":12},"end":{"line":472,"column":33}},"201":{"start":{"line":473,"column":12},"end":{"line":473,"column":80}},"202":{"start":{"line":476,"column":8},"end":{"line":476,"column":80}},"203":{"start":{"line":490,"column":23},"end":{"line":500,"column":9}},"204":{"start":{"line":491,"column":12},"end":{"line":499,"column":13}},"205":{"start":{"line":493,"column":22},"end":{"line":493,"column":75}},"206":{"start":{"line":494,"column":12},"end":{"line":494,"column":93}},"207":{"start":{"line":498,"column":16},"end":{"line":498,"column":34}},"208":{"start":{"line":502,"column":26},"end":{"line":517,"column":9}},"209":{"start":{"line":503,"column":12},"end":{"line":503,"column":40}},"210":{"start":{"line":505,"column":32},"end":{"line":505,"column":68}},"211":{"start":{"line":506,"column":12},"end":{"line":514,"column":13}},"212":{"start":{"line":507,"column":24},"end":{"line":507,"column":50}},"213":{"start":{"line":508,"column":16},"end":{"line":508,"column":31}},"214":{"start":{"line":509,"column":16},"end":{"line":509,"column":28}},"215":{"start":{"line":513,"column":16},"end":{"line":513,"column":35}},"216":{"start":{"line":520,"column":29},"end":{"line":533,"column":9}},"217":{"start":{"line":521,"column":12},"end":{"line":521,"column":40}},"218":{"start":{"line":522,"column":32},"end":{"line":522,"column":72}},"219":{"start":{"line":523,"column":12},"end":{"line":531,"column":13}},"220":{"start":{"line":524,"column":24},"end":{"line":524,"column":50}},"221":{"start":{"line":525,"column":16},"end":{"line":525,"column":31}},"222":{"start":{"line":526,"column":16},"end":{"line":526,"column":28}},"223":{"start":{"line":530,"column":16},"end":{"line":530,"column":35}},"224":{"start":{"line":536,"column":24},"end":{"line":536,"column":34}},"225":{"start":{"line":537,"column":23},"end":{"line":537,"column":44}},"226":{"start":{"line":540,"column":30},"end":{"line":540,"column":49}},"227":{"start":{"line":543,"column":30},"end":{"line":543,"column":51}},"228":{"start":{"line":546,"column":28},"end":{"line":546,"column":69}},"229":{"start":{"line":549,"column":4},"end":{"line":549,"column":40}},"230":{"start":{"line":551,"column":4},"end":{"line":551,"column":22}},"231":{"start":{"line":554,"column":24},"end":{"line":554,"column":34}},"232":{"start":{"line":555,"column":23},"end":{"line":555,"column":44}},"233":{"start":{"line":558,"column":22},"end":{"line":558,"column":47}},"234":{"start":{"line":559,"column":23},"end":{"line":559,"column":45}},"235":{"start":{"line":562,"column":22},"end":{"line":562,"column":38}},"236":{"start":{"line":565,"column":4},"end":{"line":568,"column":5}},"237":{"start":{"line":566,"column":8},"end":{"line":566,"column":26}},"238":{"start":{"line":567,"column":8},"end":{"line":567,"column":22}},"239":{"start":{"line":571,"column":4},"end":{"line":571,"column":53}},"240":{"start":{"line":573,"column":4},"end":{"line":573,"column":22}},"241":{"start":{"line":579,"column":26},"end":{"line":628,"column":9}},"242":{"start":{"line":580,"column":2},"end":{"line":627,"column":13}},"243":{"start":{"line":581,"column":24},"end":{"line":581,"column":43}},"244":{"start":{"line":584,"column":6},"end":{"line":597,"column":7}},"245":{"start":{"line":585,"column":10},"end":{"line":585,"column":33}},"246":{"start":{"line":586,"column":10},"end":{"line":586,"column":41}},"247":{"start":{"line":587,"column":13},"end":{"line":597,"column":7}},"248":{"start":{"line":588,"column":8},"end":{"line":588,"column":37}},"249":{"start":{"line":589,"column":13},"end":{"line":597,"column":7}},"250":{"start":{"line":590,"column":8},"end":{"line":590,"column":38}},"251":{"start":{"line":591,"column":13},"end":{"line":597,"column":7}},"252":{"start":{"line":592,"column":8},"end":{"line":592,"column":39}},"253":{"start":{"line":593,"column":13},"end":{"line":597,"column":7}},"254":{"start":{"line":594,"column":8},"end":{"line":594,"column":40}},"255":{"start":{"line":595,"column":13},"end":{"line":597,"column":7}},"256":{"start":{"line":596,"column":8},"end":{"line":596,"column":39}},"257":{"start":{"line":598,"column":34},"end":{"line":618,"column":18}},"258":{"start":{"line":620,"column":31},"end":{"line":620,"column":60}},"259":{"start":{"line":620,"column":52},"end":{"line":620,"column":59}},"260":{"start":{"line":621,"column":39},"end":{"line":621,"column":70}},"261":{"start":{"line":621,"column":60},"end":{"line":621,"column":69}},"262":{"start":{"line":623,"column":16},"end":{"line":623,"column":53}},"263":{"start":{"line":625,"column":16},"end":{"line":625,"column":66}},"264":{"start":{"line":626,"column":16},"end":{"line":626,"column":73}},"265":{"start":{"line":629,"column":0},"end":{"line":629,"column":225}}},"fnMap":{"0":{"name":"(anonymous_0)","decl":{"start":{"line":31,"column":12},"end":{"line":31,"column":13}},"loc":{"start":{"line":31,"column":29},"end":{"line":56,"column":1}},"line":31},"1":{"name":"(anonymous_1)","decl":{"start":{"line":57,"column":20},"end":{"line":57,"column":21}},"loc":{"start":{"line":57,"column":36},"end":{"line":74,"column":6}},"line":57},"2":{"name":"(anonymous_2)","decl":{"start":{"line":75,"column":28},"end":{"line":75,"column":29}},"loc":{"start":{"line":75,"column":48},"end":{"line":137,"column":1}},"line":75},"3":{"name":"(anonymous_3)","decl":{"start":{"line":140,"column":15},"end":{"line":140,"column":16}},"loc":{"start":{"line":140,"column":40},"end":{"line":177,"column":1}},"line":140},"4":{"name":"(anonymous_4)","decl":{"start":{"line":181,"column":16},"end":{"line":181,"column":17}},"loc":{"start":{"line":181,"column":32},"end":{"line":221,"column":1}},"line":181},"5":{"name":"(anonymous_5)","decl":{"start":{"line":224,"column":18},"end":{"line":224,"column":19}},"loc":{"start":{"line":224,"column":38},"end":{"line":254,"column":1}},"line":224},"6":{"name":"(anonymous_6)","decl":{"start":{"line":257,"column":11},"end":{"line":257,"column":12}},"loc":{"start":{"line":257,"column":27},"end":{"line":263,"column":2}},"line":257},"7":{"name":"(anonymous_7)","decl":{"start":{"line":264,"column":22},"end":{"line":264,"column":23}},"loc":{"start":{"line":264,"column":38},"end":{"line":337,"column":1}},"line":264},"8":{"name":"(anonymous_8)","decl":{"start":{"line":340,"column":13},"end":{"line":340,"column":14}},"loc":{"start":{"line":340,"column":29},"end":{"line":359,"column":6}},"line":340},"9":{"name":"(anonymous_9)","decl":{"start":{"line":380,"column":13},"end":{"line":380,"column":14}},"loc":{"start":{"line":380,"column":24},"end":{"line":386,"column":6}},"line":380},"10":{"name":"(anonymous_10)","decl":{"start":{"line":389,"column":16},"end":{"line":389,"column":17}},"loc":{"start":{"line":389,"column":32},"end":{"line":402,"column":9}},"line":389},"11":{"name":"(anonymous_11)","decl":{"start":{"line":403,"column":19},"end":{"line":403,"column":20}},"loc":{"start":{"line":403,"column":35},"end":{"line":448,"column":9}},"line":403},"12":{"name":"(anonymous_12)","decl":{"start":{"line":430,"column":55},"end":{"line":430,"column":56}},"loc":{"start":{"line":430,"column":72},"end":{"line":436,"column":21}},"line":430},"13":{"name":"(anonymous_13)","decl":{"start":{"line":450,"column":16},"end":{"line":450,"column":17}},"loc":{"start":{"line":450,"column":27},"end":{"line":462,"column":9}},"line":450},"14":{"name":"(anonymous_14)","decl":{"start":{"line":463,"column":25},"end":{"line":463,"column":26}},"loc":{"start":{"line":463,"column":47},"end":{"line":477,"column":10}},"line":463},"15":{"name":"(anonymous_15)","decl":{"start":{"line":490,"column":23},"end":{"line":490,"column":24}},"loc":{"start":{"line":490,"column":39},"end":{"line":500,"column":9}},"line":490},"16":{"name":"(anonymous_16)","decl":{"start":{"line":502,"column":26},"end":{"line":502,"column":27}},"loc":{"start":{"line":502,"column":42},"end":{"line":517,"column":9}},"line":502},"17":{"name":"(anonymous_17)","decl":{"start":{"line":520,"column":29},"end":{"line":520,"column":30}},"loc":{"start":{"line":520,"column":45},"end":{"line":533,"column":9}},"line":520},"18":{"name":"getDateNDaysBack","decl":{"start":{"line":535,"column":17},"end":{"line":535,"column":33}},"loc":{"start":{"line":535,"column":37},"end":{"line":552,"column":1}},"line":535},"19":{"name":"getDateNMonthsBack","decl":{"start":{"line":553,"column":9},"end":{"line":553,"column":27}},"loc":{"start":{"line":553,"column":31},"end":{"line":574,"column":1}},"line":553},"20":{"name":"(anonymous_20)","decl":{"start":{"line":579,"column":26},"end":{"line":579,"column":27}},"loc":{"start":{"line":579,"column":42},"end":{"line":628,"column":9}},"line":579},"21":{"name":"(anonymous_21)","decl":{"start":{"line":620,"column":45},"end":{"line":620,"column":46}},"loc":{"start":{"line":620,"column":52},"end":{"line":620,"column":59}},"line":620},"22":{"name":"(anonymous_22)","decl":{"start":{"line":621,"column":53},"end":{"line":621,"column":54}},"loc":{"start":{"line":621,"column":60},"end":{"line":621,"column":69}},"line":621}},"branchMap":{"0":{"loc":{"start":{"line":34,"column":7},"end":{"line":51,"column":8}},"type":"if","locations":[{"start":{"line":34,"column":7},"end":{"line":51,"column":8}},{"start":{"line":34,"column":7},"end":{"line":51,"column":8}}],"line":34},"1":{"loc":{"start":{"line":40,"column":12},"end":{"line":51,"column":8}},"type":"if","locations":[{"start":{"line":40,"column":12},"end":{"line":51,"column":8}},{"start":{"line":40,"column":12},"end":{"line":51,"column":8}}],"line":40},"2":{"loc":{"start":{"line":60,"column":8},"end":{"line":70,"column":9}},"type":"if","locations":[{"start":{"line":60,"column":8},"end":{"line":70,"column":9}},{"start":{"line":60,"column":8},"end":{"line":70,"column":9}}],"line":60},"3":{"loc":{"start":{"line":90,"column":8},"end":{"line":133,"column":9}},"type":"if","locations":[{"start":{"line":90,"column":8},"end":{"line":133,"column":9}},{"start":{"line":90,"column":8},"end":{"line":133,"column":9}}],"line":90},"4":{"loc":{"start":{"line":149,"column":8},"end":{"line":172,"column":9}},"type":"if","locations":[{"start":{"line":149,"column":8},"end":{"line":172,"column":9}},{"start":{"line":149,"column":8},"end":{"line":172,"column":9}}],"line":149},"5":{"loc":{"start":{"line":188,"column":3},"end":{"line":215,"column":4}},"type":"if","locations":[{"start":{"line":188,"column":3},"end":{"line":215,"column":4}},{"start":{"line":188,"column":3},"end":{"line":215,"column":4}}],"line":188},"6":{"loc":{"start":{"line":193,"column":3},"end":{"line":208,"column":4}},"type":"if","locations":[{"start":{"line":193,"column":3},"end":{"line":208,"column":4}},{"start":{"line":193,"column":3},"end":{"line":208,"column":4}}],"line":193},"7":{"loc":{"start":{"line":228,"column":8},"end":{"line":230,"column":9}},"type":"if","locations":[{"start":{"line":228,"column":8},"end":{"line":230,"column":9}},{"start":{"line":228,"column":8},"end":{"line":230,"column":9}}],"line":228},"8":{"loc":{"start":{"line":228,"column":12},"end":{"line":228,"column":30}},"type":"binary-expr","locations":[{"start":{"line":228,"column":12},"end":{"line":228,"column":21}},{"start":{"line":228,"column":25},"end":{"line":228,"column":30}}],"line":228},"9":{"loc":{"start":{"line":270,"column":4},"end":{"line":334,"column":1}},"type":"if","locations":[{"start":{"line":270,"column":4},"end":{"line":334,"column":1}},{"start":{"line":270,"column":4},"end":{"line":334,"column":1}}],"line":270},"10":{"loc":{"start":{"line":270,"column":8},"end":{"line":270,"column":36}},"type":"binary-expr","locations":[{"start":{"line":270,"column":8},"end":{"line":270,"column":13}},{"start":{"line":270,"column":17},"end":{"line":270,"column":36}}],"line":270},"11":{"loc":{"start":{"line":284,"column":8},"end":{"line":307,"column":5}},"type":"if","locations":[{"start":{"line":284,"column":8},"end":{"line":307,"column":5}},{"start":{"line":284,"column":8},"end":{"line":307,"column":5}}],"line":284},"12":{"loc":{"start":{"line":308,"column":4},"end":{"line":331,"column":5}},"type":"if","locations":[{"start":{"line":308,"column":4},"end":{"line":331,"column":5}},{"start":{"line":308,"column":4},"end":{"line":331,"column":5}}],"line":308},"13":{"loc":{"start":{"line":342,"column":8},"end":{"line":352,"column":9}},"type":"if","locations":[{"start":{"line":342,"column":8},"end":{"line":352,"column":9}},{"start":{"line":342,"column":8},"end":{"line":352,"column":9}}],"line":342},"14":{"loc":{"start":{"line":409,"column":12},"end":{"line":442,"column":13}},"type":"if","locations":[{"start":{"line":409,"column":12},"end":{"line":442,"column":13}},{"start":{"line":409,"column":12},"end":{"line":442,"column":13}}],"line":409},"15":{"loc":{"start":{"line":431,"column":28},"end":{"line":435,"column":29}},"type":"if","locations":[{"start":{"line":431,"column":28},"end":{"line":435,"column":29}},{"start":{"line":431,"column":28},"end":{"line":435,"column":29}}],"line":431},"16":{"loc":{"start":{"line":456,"column":12},"end":{"line":461,"column":13}},"type":"if","locations":[{"start":{"line":456,"column":12},"end":{"line":461,"column":13}},{"start":{"line":456,"column":12},"end":{"line":461,"column":13}}],"line":456},"17":{"loc":{"start":{"line":464,"column":12},"end":{"line":477,"column":9}},"type":"if","locations":[{"start":{"line":464,"column":12},"end":{"line":477,"column":9}},{"start":{"line":464,"column":12},"end":{"line":477,"column":9}}],"line":464},"18":{"loc":{"start":{"line":565,"column":4},"end":{"line":568,"column":5}},"type":"if","locations":[{"start":{"line":565,"column":4},"end":{"line":568,"column":5}},{"start":{"line":565,"column":4},"end":{"line":568,"column":5}}],"line":565},"19":{"loc":{"start":{"line":584,"column":6},"end":{"line":597,"column":7}},"type":"if","locations":[{"start":{"line":584,"column":6},"end":{"line":597,"column":7}},{"start":{"line":584,"column":6},"end":{"line":597,"column":7}}],"line":584},"20":{"loc":{"start":{"line":587,"column":13},"end":{"line":597,"column":7}},"type":"if","locations":[{"start":{"line":587,"column":13},"end":{"line":597,"column":7}},{"start":{"line":587,"column":13},"end":{"line":597,"column":7}}],"line":587},"21":{"loc":{"start":{"line":589,"column":13},"end":{"line":597,"column":7}},"type":"if","locations":[{"start":{"line":589,"column":13},"end":{"line":597,"column":7}},{"start":{"line":589,"column":13},"end":{"line":597,"column":7}}],"line":589},"22":{"loc":{"start":{"line":591,"column":13},"end":{"line":597,"column":7}},"type":"if","locations":[{"start":{"line":591,"column":13},"end":{"line":597,"column":7}},{"start":{"line":591,"column":13},"end":{"line":597,"column":7}}],"line":591},"23":{"loc":{"start":{"line":593,"column":13},"end":{"line":597,"column":7}},"type":"if","locations":[{"start":{"line":593,"column":13},"end":{"line":597,"column":7}},{"start":{"line":593,"column":13},"end":{"line":597,"column":7}}],"line":593},"24":{"loc":{"start":{"line":595,"column":13},"end":{"line":597,"column":7}},"type":"if","locations":[{"start":{"line":595,"column":13},"end":{"line":597,"column":7}},{"start":{"line":595,"column":13},"end":{"line":597,"column":7}}],"line":595}},"s":{"0":1,"1":1,"2":1,"3":1,"4":1,"5":1,"6":1,"7":1,"8":1,"9":1,"10":1,"11":1,"12":1,"13":1,"14":1,"15":1,"16":1,"17":1,"18":1,"19":1,"20":1,"21":1,"22":1,"23":3,"24":3,"25":1,"26":1,"27":1,"28":1,"29":2,"30":1,"31":1,"32":1,"33":1,"34":1,"35":0,"36":1,"37":2,"38":2,"39":1,"40":1,"41":1,"42":1,"43":1,"44":1,"45":1,"46":0,"47":1,"48":0,"49":0,"50":0,"51":0,"52":0,"53":0,"54":0,"55":0,"56":0,"57":0,"58":0,"59":0,"60":0,"61":0,"62":0,"63":0,"64":0,"65":0,"66":0,"67":0,"68":1,"69":2,"70":2,"71":2,"72":2,"73":2,"74":2,"75":2,"76":1,"77":1,"78":1,"79":1,"80":1,"81":1,"82":1,"83":1,"84":0,"85":0,"86":1,"87":0,"88":0,"89":0,"90":0,"91":0,"92":0,"93":0,"94":0,"95":0,"96":0,"97":0,"98":0,"99":0,"100":0,"101":0,"102":0,"103":0,"104":0,"105":0,"106":0,"107":0,"108":0,"109":1,"110":4,"111":4,"112":4,"113":1,"114":3,"115":3,"116":3,"117":2,"118":2,"119":2,"120":1,"121":1,"122":1,"123":0,"124":0,"125":0,"126":0,"127":0,"128":1,"129":4,"130":4,"131":4,"132":4,"133":4,"134":0,"135":0,"136":4,"137":3,"138":3,"139":4,"140":1,"141":1,"142":4,"143":4,"144":1,"145":3,"146":3,"147":2,"148":1,"149":1,"150":1,"151":1,"152":1,"153":1,"154":1,"155":1,"156":1,"157":1,"158":1,"159":1,"160":1,"161":3,"162":3,"163":3,"164":2,"165":2,"166":1,"167":1,"168":0,"169":0,"170":0,"171":0,"172":0,"173":0,"174":0,"175":0,"176":0,"177":0,"178":0,"179":0,"180":0,"181":0,"182":0,"183":0,"184":1,"185":4,"186":4,"187":4,"188":4,"189":4,"190":4,"191":2,"192":2,"193":1,"194":2,"195":1,"196":1,"197":1,"198":1,"199":1,"200":1,"201":1,"202":1,"203":1,"204":2,"205":2,"206":1,"207":1,"208":1,"209":2,"210":2,"211":2,"212":2,"213":1,"214":1,"215":1,"216":1,"217":2,"218":2,"219":2,"220":2,"221":1,"222":1,"223":1,"224":0,"225":0,"226":0,"227":0,"228":0,"229":0,"230":0,"231":0,"232":0,"233":0,"234":0,"235":0,"236":0,"237":0,"238":0,"239":0,"240":0,"241":1,"242":2,"243":2,"244":2,"245":2,"246":2,"247":0,"248":0,"249":0,"250":0,"251":0,"252":0,"253":0,"254":0,"255":0,"256":0,"257":2,"258":1,"259":2,"260":1,"261":2,"262":1,"263":1,"264":1,"265":1},"f":{"0":3,"1":2,"2":0,"3":2,"4":0,"5":4,"6":0,"7":4,"8":3,"9":1,"10":3,"11":0,"12":0,"13":4,"14":2,"15":2,"16":2,"17":2,"18":0,"19":0,"20":2,"21":2,"22":2},"b":{"0":[1,2],"1":[1,1],"2":[1,1],"3":[0,0],"4":[1,1],"5":[0,0],"6":[0,0],"7":[1,3],"8":[4,3],"9":[0,4],"10":[4,3],"11":[3,1],"12":[1,3],"13":[2,1],"14":[0,0],"15":[0,0],"16":[2,2],"17":[1,1],"18":[0,0],"19":[2,0],"20":[0,0],"21":[0,0],"22":[0,0],"23":[0,0],"24":[0,0]},"_coverageSchema":"1a1c01bbd47fc00a2c39e90264f33305004495a9","hash":"0a83affde76523bb0b35650b529c1357c3f388eb","contentHash":"cda5bc2f5325436b0a0616a1dcb5cbcaa29990dd1c40f33f83c4bc5f9790ed02"},"/home/deekshitha.t/jobapplicationportal2/model/signupcoll.js":{"path":"/home/deekshitha.t/jobapplicationportal2/model/signupcoll.js","statementMap":{"0":{"start":{"line":2,"column":17},"end":{"line":2,"column":36}},"1":{"start":{"line":3,"column":12},"end":{"line":3,"column":35}},"2":{"start":{"line":4,"column":15},"end":{"line":4,"column":32}},"3":{"start":{"line":6,"column":19},"end":{"line":13,"column":2}},"4":{"start":{"line":14,"column":0},"end":{"line":22,"column":2}},"5":{"start":{"line":15,"column":4},"end":{"line":20,"column":5}},"6":{"start":{"line":16,"column":12},"end":{"line":16,"column":63}},"7":{"start":{"line":17,"column":12},"end":{"line":17,"column":54}},"8":{"start":{"line":18,"column":12},"end":{"line":18,"column":64}},"9":{"start":{"line":21,"column":4},"end":{"line":21,"column":11}},"10":{"start":{"line":24,"column":0},"end":{"line":38,"column":1}},"11":{"start":{"line":25,"column":4},"end":{"line":36,"column":1}},"12":{"start":{"line":26,"column":24},"end":{"line":26,"column":123}},"13":{"start":{"line":27,"column":12},"end":{"line":27,"column":51}},"14":{"start":{"line":28,"column":12},"end":{"line":28,"column":31}},"15":{"start":{"line":29,"column":12},"end":{"line":29,"column":30}},"16":{"start":{"line":30,"column":12},"end":{"line":30,"column":25}},"17":{"start":{"line":35,"column":4},"end":{"line":35,"column":36}},"18":{"start":{"line":39,"column":15},"end":{"line":39,"column":57}},"19":{"start":{"line":40,"column":0},"end":{"line":40,"column":26}}},"fnMap":{"0":{"name":"(anonymous_0)","decl":{"start":{"line":14,"column":24},"end":{"line":14,"column":25}},"loc":{"start":{"line":14,"column":44},"end":{"line":22,"column":1}},"line":14},"1":{"name":"(anonymous_1)","decl":{"start":{"line":24,"column":39},"end":{"line":24,"column":40}},"loc":{"start":{"line":24,"column":55},"end":{"line":38,"column":1}},"line":24}},"branchMap":{"0":{"loc":{"start":{"line":15,"column":4},"end":{"line":20,"column":5}},"type":"if","locations":[{"start":{"line":15,"column":4},"end":{"line":20,"column":5}},{"start":{"line":15,"column":4},"end":{"line":20,"column":5}}],"line":15}},"s":{"0":1,"1":1,"2":1,"3":1,"4":1,"5":1,"6":1,"7":1,"8":1,"9":1,"10":1,"11":2,"12":2,"13":1,"14":1,"15":1,"16":1,"17":1,"18":1,"19":1},"f":{"0":1,"1":2},"b":{"0":[1,0]},"_coverageSchema":"1a1c01bbd47fc00a2c39e90264f33305004495a9","hash":"120d647d8dc4550b14560c2c24d20eaa72ab63d6","contentHash":"d9f34f58704c8103d5d883a56d8d77c087a0ac18ada511445696f5089092c669"},"/home/deekshitha.t/jobapplicationportal2/model/jobschemacoll.js":{"path":"/home/deekshitha.t/jobapplicationportal2/model/jobschemacoll.js","statementMap":{"0":{"start":{"line":1,"column":13},"end":{"line":1,"column":32}},"1":{"start":{"line":2,"column":16},"end":{"line":30,"column":4}},"2":{"start":{"line":31,"column":19},"end":{"line":31,"column":59}},"3":{"start":{"line":32,"column":15},"end":{"line":32,"column":51}},"4":{"start":{"line":33,"column":0},"end":{"line":33,"column":47}}},"fnMap":{},"branchMap":{},"s":{"0":1,"1":1,"2":1,"3":1,"4":1},"f":{},"b":{},"_coverageSchema":"1a1c01bbd47fc00a2c39e90264f33305004495a9","hash":"d2c1a128c5c1d8f67df53c377bb62964fa1442b1","contentHash":"a564636354538cdc961ae65ac6f995eb0f5bc8d1c0f9b707a9605bc9be7bb88c"},"/home/deekshitha.t/jobapplicationportal2/model/appschemacoll.js":{"path":"/home/deekshitha.t/jobapplicationportal2/model/appschemacoll.js","statementMap":{"0":{"start":{"line":1,"column":15},"end":{"line":1,"column":34}},"1":{"start":{"line":3,"column":17},"end":{"line":24,"column":2}},"2":{"start":{"line":26,"column":28},"end":{"line":26,"column":71}},"3":{"start":{"line":27,"column":0},"end":{"line":27,"column":37}}},"fnMap":{},"branchMap":{},"s":{"0":1,"1":1,"2":1,"3":1},"f":{},"b":{},"_coverageSchema":"1a1c01bbd47fc00a2c39e90264f33305004495a9","hash":"920a9c6b5251bd5858e82cacd04fd14d53a42565","contentHash":"7f5664c961a1be4ba4d52c21a8c6792d4c2e3e5b54fc0d48b28c8e671cd4a76e"},"/home/deekshitha.t/jobapplicationportal2/model/employerschemacoll.js":{"path":"/home/deekshitha.t/jobapplicationportal2/model/employerschemacoll.js","statementMap":{"0":{"start":{"line":1,"column":17},"end":{"line":1,"column":36}},"1":{"start":{"line":2,"column":12},"end":{"line":2,"column":35}},"2":{"start":{"line":3,"column":15},"end":{"line":3,"column":32}},"3":{"start":{"line":4,"column":21},"end":{"line":36,"column":4}},"4":{"start":{"line":37,"column":0},"end":{"line":44,"column":13}},"5":{"start":{"line":38,"column":4},"end":{"line":43,"column":5}},"6":{"start":{"line":39,"column":12},"end":{"line":39,"column":63}},"7":{"start":{"line":40,"column":12},"end":{"line":40,"column":54}},"8":{"start":{"line":41,"column":12},"end":{"line":41,"column":64}},"9":{"start":{"line":44,"column":4},"end":{"line":44,"column":11}},"10":{"start":{"line":45,"column":0},"end":{"line":57,"column":2}},"11":{"start":{"line":46,"column":4},"end":{"line":57,"column":1}},"12":{"start":{"line":47,"column":24},"end":{"line":47,"column":123}},"13":{"start":{"line":48,"column":12},"end":{"line":48,"column":51}},"14":{"start":{"line":49,"column":12},"end":{"line":49,"column":31}},"15":{"start":{"line":50,"column":12},"end":{"line":50,"column":30}},"16":{"start":{"line":51,"column":12},"end":{"line":51,"column":25}},"17":{"start":{"line":56,"column":4},"end":{"line":56,"column":36}},"18":{"start":{"line":58,"column":21},"end":{"line":58,"column":69}},"19":{"start":{"line":59,"column":0},"end":{"line":59,"column":30}}},"fnMap":{"0":{"name":"(anonymous_0)","decl":{"start":{"line":37,"column":26},"end":{"line":37,"column":27}},"loc":{"start":{"line":37,"column":46},"end":{"line":44,"column":12}},"line":37},"1":{"name":"(anonymous_1)","decl":{"start":{"line":45,"column":41},"end":{"line":45,"column":42}},"loc":{"start":{"line":45,"column":57},"end":{"line":57,"column":2}},"line":45}},"branchMap":{"0":{"loc":{"start":{"line":38,"column":4},"end":{"line":43,"column":5}},"type":"if","locations":[{"start":{"line":38,"column":4},"end":{"line":43,"column":5}},{"start":{"line":38,"column":4},"end":{"line":43,"column":5}}],"line":38}},"s":{"0":1,"1":1,"2":1,"3":1,"4":1,"5":0,"6":0,"7":0,"8":0,"9":0,"10":1,"11":2,"12":2,"13":1,"14":1,"15":1,"16":1,"17":1,"18":1,"19":1},"f":{"0":0,"1":2},"b":{"0":[0,0]},"_coverageSchema":"1a1c01bbd47fc00a2c39e90264f33305004495a9","hash":"f63f84b1ac5c149a0da57aba6971a45e738750f9","contentHash":"1d2684e5cdf2a878467521b144e2f63c45f44e05c39a4ebbdca76dc90cfdacd1"},"/home/deekshitha.t/jobapplicationportal2/controllers/admincontroller.js":{"path":"/home/deekshitha.t/jobapplicationportal2/controllers/admincontroller.js","statementMap":{"0":{"start":{"line":1,"column":14},"end":{"line":1,"column":32}},"1":{"start":{"line":2,"column":15},"end":{"line":2,"column":32}},"2":{"start":{"line":3,"column":13},"end":{"line":3,"column":29}},"3":{"start":{"line":4,"column":0},"end":{"line":4,"column":27}},"4":{"start":{"line":7,"column":17},"end":{"line":7,"column":38}},"5":{"start":{"line":8,"column":10},"end":{"line":8,"column":33}},"6":{"start":{"line":9,"column":21},"end":{"line":9,"column":45}},"7":{"start":{"line":11,"column":19},"end":{"line":11,"column":57}},"8":{"start":{"line":13,"column":26},"end":{"line":13,"column":59}},"9":{"start":{"line":14,"column":15},"end":{"line":24,"column":3}},"10":{"start":{"line":15,"column":4},"end":{"line":23,"column":5}},"11":{"start":{"line":16,"column":23},"end":{"line":16,"column":99}},"12":{"start":{"line":17,"column":22},"end":{"line":17,"column":64}},"13":{"start":{"line":18,"column":6},"end":{"line":18,"column":90}},"14":{"start":{"line":22,"column":6},"end":{"line":22,"column":67}},"15":{"start":{"line":25,"column":19},"end":{"line":54,"column":1}},"16":{"start":{"line":26,"column":15},"end":{"line":26,"column":30}},"17":{"start":{"line":27,"column":15},"end":{"line":27,"column":33}},"18":{"start":{"line":28,"column":16},"end":{"line":28,"column":76}},"19":{"start":{"line":29,"column":4},"end":{"line":52,"column":5}},"20":{"start":{"line":31,"column":19},"end":{"line":31,"column":72}},"21":{"start":{"line":32,"column":24},"end":{"line":32,"column":63}},"22":{"start":{"line":33,"column":21},"end":{"line":33,"column":43}},"23":{"start":{"line":34,"column":8},"end":{"line":34,"column":26}},"24":{"start":{"line":35,"column":8},"end":{"line":48,"column":5}},"25":{"start":{"line":37,"column":8},"end":{"line":40,"column":11}},"26":{"start":{"line":41,"column":26},"end":{"line":41,"column":68}},"27":{"start":{"line":43,"column":8},"end":{"line":43,"column":31}},"28":{"start":{"line":44,"column":8},"end":{"line":44,"column":91}},"29":{"start":{"line":47,"column":8},"end":{"line":47,"column":75}},"30":{"start":{"line":51,"column":8},"end":{"line":51,"column":75}},"31":{"start":{"line":55,"column":19},"end":{"line":100,"column":1}},"32":{"start":{"line":56,"column":2},"end":{"line":56,"column":30}},"33":{"start":{"line":57,"column":16},"end":{"line":57,"column":79}},"34":{"start":{"line":58,"column":16},"end":{"line":58,"column":86}},"35":{"start":{"line":60,"column":2},"end":{"line":98,"column":1}},"36":{"start":{"line":61,"column":2},"end":{"line":94,"column":3}},"37":{"start":{"line":64,"column":13},"end":{"line":64,"column":89}},"38":{"start":{"line":65,"column":6},"end":{"line":68,"column":9}},"39":{"start":{"line":69,"column":24},"end":{"line":75,"column":16}},"40":{"start":{"line":76,"column":34},"end":{"line":81,"column":17}},"41":{"start":{"line":82,"column":11},"end":{"line":88,"column":13}},"42":{"start":{"line":83,"column":18},"end":{"line":87,"column":19}},"43":{"start":{"line":84,"column":20},"end":{"line":84,"column":65}},"44":{"start":{"line":86,"column":20},"end":{"line":86,"column":62}},"45":{"start":{"line":90,"column":6},"end":{"line":90,"column":80}},"46":{"start":{"line":93,"column":6},"end":{"line":93,"column":73}},"47":{"start":{"line":97,"column":2},"end":{"line":97,"column":21}},"48":{"start":{"line":101,"column":26},"end":{"line":113,"column":1}},"49":{"start":{"line":102,"column":14},"end":{"line":102,"column":28}},"50":{"start":{"line":103,"column":2},"end":{"line":103,"column":24}},"51":{"start":{"line":104,"column":19},"end":{"line":104,"column":34}},"52":{"start":{"line":105,"column":19},"end":{"line":105,"column":31}},"53":{"start":{"line":106,"column":2},"end":{"line":106,"column":31}},"54":{"start":{"line":107,"column":2},"end":{"line":112,"column":3}},"55":{"start":{"line":108,"column":2},"end":{"line":108,"column":84}},"56":{"start":{"line":111,"column":6},"end":{"line":111,"column":89}},"57":{"start":{"line":115,"column":32},"end":{"line":129,"column":2}},"58":{"start":{"line":116,"column":2},"end":{"line":129,"column":1}},"59":{"start":{"line":118,"column":0},"end":{"line":118,"column":28}},"60":{"start":{"line":119,"column":0},"end":{"line":119,"column":34}},"61":{"start":{"line":120,"column":18},"end":{"line":120,"column":38}},"62":{"start":{"line":121,"column":23},"end":{"line":121,"column":57}},"63":{"start":{"line":123,"column":16},"end":{"line":123,"column":99}},"64":{"start":{"line":124,"column":2},"end":{"line":124,"column":23}},"65":{"start":{"line":125,"column":2},"end":{"line":125,"column":74}},"66":{"start":{"line":128,"column":0},"end":{"line":128,"column":82}},"67":{"start":{"line":131,"column":18},"end":{"line":154,"column":1}},"68":{"start":{"line":132,"column":2},"end":{"line":153,"column":3}},"69":{"start":{"line":133,"column":26},"end":{"line":139,"column":8}},"70":{"start":{"line":141,"column":26},"end":{"line":146,"column":7}},"71":{"start":{"line":148,"column":19},"end":{"line":148,"column":58}},"72":{"start":{"line":149,"column":6},"end":{"line":149,"column":48}},"73":{"start":{"line":151,"column":6},"end":{"line":151,"column":51}},"74":{"start":{"line":152,"column":6},"end":{"line":152,"column":18}},"75":{"start":{"line":156,"column":23},"end":{"line":177,"column":1}},"76":{"start":{"line":157,"column":2},"end":{"line":176,"column":3}},"77":{"start":{"line":158,"column":19},"end":{"line":158,"column":34}},"78":{"start":{"line":159,"column":6},"end":{"line":159,"column":24}},"79":{"start":{"line":162,"column":16},"end":{"line":162,"column":94}},"80":{"start":{"line":163,"column":6},"end":{"line":163,"column":21}},"81":{"start":{"line":166,"column":6},"end":{"line":166,"column":126}},"82":{"start":{"line":169,"column":24},"end":{"line":169,"column":75}},"83":{"start":{"line":170,"column":6},"end":{"line":170,"column":29}},"84":{"start":{"line":171,"column":6},"end":{"line":171,"column":98}},"85":{"start":{"line":173,"column":6},"end":{"line":173,"column":25}},"86":{"start":{"line":175,"column":6},"end":{"line":175,"column":52}},"87":{"start":{"line":179,"column":23},"end":{"line":199,"column":1}},"88":{"start":{"line":180,"column":2},"end":{"line":198,"column":3}},"89":{"start":{"line":181,"column":19},"end":{"line":181,"column":34}},"90":{"start":{"line":184,"column":16},"end":{"line":184,"column":63}},"91":{"start":{"line":185,"column":6},"end":{"line":185,"column":21}},"92":{"start":{"line":188,"column":6},"end":{"line":188,"column":119}},"93":{"start":{"line":191,"column":24},"end":{"line":191,"column":75}},"94":{"start":{"line":192,"column":6},"end":{"line":192,"column":29}},"95":{"start":{"line":193,"column":6},"end":{"line":193,"column":98}},"96":{"start":{"line":195,"column":6},"end":{"line":195,"column":25}},"97":{"start":{"line":197,"column":6},"end":{"line":197,"column":52}},"98":{"start":{"line":201,"column":20},"end":{"line":220,"column":1}},"99":{"start":{"line":202,"column":2},"end":{"line":219,"column":3}},"100":{"start":{"line":203,"column":19},"end":{"line":203,"column":34}},"101":{"start":{"line":206,"column":16},"end":{"line":206,"column":93}},"102":{"start":{"line":209,"column":6},"end":{"line":209,"column":150}},"103":{"start":{"line":212,"column":24},"end":{"line":212,"column":75}},"104":{"start":{"line":213,"column":6},"end":{"line":213,"column":29}},"105":{"start":{"line":214,"column":6},"end":{"line":214,"column":98}},"106":{"start":{"line":216,"column":6},"end":{"line":216,"column":25}},"107":{"start":{"line":218,"column":6},"end":{"line":218,"column":52}},"108":{"start":{"line":222,"column":24},"end":{"line":222,"column":34}},"109":{"start":{"line":223,"column":23},"end":{"line":223,"column":44}},"110":{"start":{"line":226,"column":30},"end":{"line":226,"column":49}},"111":{"start":{"line":229,"column":30},"end":{"line":229,"column":51}},"112":{"start":{"line":232,"column":28},"end":{"line":232,"column":69}},"113":{"start":{"line":235,"column":4},"end":{"line":235,"column":40}},"114":{"start":{"line":237,"column":4},"end":{"line":237,"column":22}},"115":{"start":{"line":240,"column":24},"end":{"line":240,"column":34}},"116":{"start":{"line":241,"column":23},"end":{"line":241,"column":44}},"117":{"start":{"line":244,"column":22},"end":{"line":244,"column":47}},"118":{"start":{"line":245,"column":23},"end":{"line":245,"column":45}},"119":{"start":{"line":248,"column":22},"end":{"line":248,"column":38}},"120":{"start":{"line":251,"column":4},"end":{"line":254,"column":5}},"121":{"start":{"line":252,"column":8},"end":{"line":252,"column":26}},"122":{"start":{"line":253,"column":8},"end":{"line":253,"column":22}},"123":{"start":{"line":257,"column":4},"end":{"line":257,"column":53}},"124":{"start":{"line":259,"column":4},"end":{"line":259,"column":22}},"125":{"start":{"line":265,"column":33},"end":{"line":311,"column":1}},"126":{"start":{"line":266,"column":2},"end":{"line":310,"column":3}},"127":{"start":{"line":267,"column":24},"end":{"line":267,"column":43}},"128":{"start":{"line":270,"column":6},"end":{"line":283,"column":7}},"129":{"start":{"line":271,"column":10},"end":{"line":271,"column":33}},"130":{"start":{"line":272,"column":10},"end":{"line":272,"column":41}},"131":{"start":{"line":273,"column":13},"end":{"line":283,"column":7}},"132":{"start":{"line":274,"column":8},"end":{"line":274,"column":37}},"133":{"start":{"line":275,"column":13},"end":{"line":283,"column":7}},"134":{"start":{"line":276,"column":8},"end":{"line":276,"column":38}},"135":{"start":{"line":277,"column":13},"end":{"line":283,"column":7}},"136":{"start":{"line":278,"column":8},"end":{"line":278,"column":39}},"137":{"start":{"line":279,"column":13},"end":{"line":283,"column":7}},"138":{"start":{"line":280,"column":8},"end":{"line":280,"column":40}},"139":{"start":{"line":281,"column":13},"end":{"line":283,"column":7}},"140":{"start":{"line":282,"column":8},"end":{"line":282,"column":39}},"141":{"start":{"line":285,"column":24},"end":{"line":301,"column":8}},"142":{"start":{"line":303,"column":21},"end":{"line":303,"column":50}},"143":{"start":{"line":303,"column":42},"end":{"line":303,"column":49}},"144":{"start":{"line":304,"column":29},"end":{"line":304,"column":60}},"145":{"start":{"line":304,"column":50},"end":{"line":304,"column":59}},"146":{"start":{"line":306,"column":6},"end":{"line":306,"column":43}},"147":{"start":{"line":308,"column":6},"end":{"line":308,"column":56}},"148":{"start":{"line":309,"column":6},"end":{"line":309,"column":63}},"149":{"start":{"line":312,"column":0},"end":{"line":312,"column":172}}},"fnMap":{"0":{"name":"(anonymous_0)","decl":{"start":{"line":14,"column":15},"end":{"line":14,"column":16}},"loc":{"start":{"line":14,"column":31},"end":{"line":24,"column":3}},"line":14},"1":{"name":"(anonymous_1)","decl":{"start":{"line":25,"column":19},"end":{"line":25,"column":20}},"loc":{"start":{"line":25,"column":35},"end":{"line":54,"column":1}},"line":25},"2":{"name":"(anonymous_2)","decl":{"start":{"line":55,"column":19},"end":{"line":55,"column":20}},"loc":{"start":{"line":55,"column":35},"end":{"line":100,"column":1}},"line":55},"3":{"name":"(anonymous_3)","decl":{"start":{"line":82,"column":45},"end":{"line":82,"column":46}},"loc":{"start":{"line":82,"column":62},"end":{"line":88,"column":11}},"line":82},"4":{"name":"(anonymous_4)","decl":{"start":{"line":101,"column":26},"end":{"line":101,"column":27}},"loc":{"start":{"line":101,"column":37},"end":{"line":113,"column":1}},"line":101},"5":{"name":"(anonymous_5)","decl":{"start":{"line":115,"column":32},"end":{"line":115,"column":33}},"loc":{"start":{"line":115,"column":49},"end":{"line":129,"column":2}},"line":115},"6":{"name":"(anonymous_6)","decl":{"start":{"line":131,"column":18},"end":{"line":131,"column":19}},"loc":{"start":{"line":131,"column":47},"end":{"line":154,"column":1}},"line":131},"7":{"name":"(anonymous_7)","decl":{"start":{"line":156,"column":23},"end":{"line":156,"column":24}},"loc":{"start":{"line":156,"column":43},"end":{"line":177,"column":1}},"line":156},"8":{"name":"(anonymous_8)","decl":{"start":{"line":179,"column":23},"end":{"line":179,"column":24}},"loc":{"start":{"line":179,"column":43},"end":{"line":199,"column":1}},"line":179},"9":{"name":"(anonymous_9)","decl":{"start":{"line":201,"column":20},"end":{"line":201,"column":21}},"loc":{"start":{"line":201,"column":40},"end":{"line":220,"column":1}},"line":201},"10":{"name":"getDateNDaysBack","decl":{"start":{"line":221,"column":10},"end":{"line":221,"column":26}},"loc":{"start":{"line":221,"column":30},"end":{"line":238,"column":1}},"line":221},"11":{"name":"getDateNMonthsBack","decl":{"start":{"line":239,"column":9},"end":{"line":239,"column":27}},"loc":{"start":{"line":239,"column":31},"end":{"line":260,"column":1}},"line":239},"12":{"name":"(anonymous_12)","decl":{"start":{"line":265,"column":33},"end":{"line":265,"column":34}},"loc":{"start":{"line":265,"column":49},"end":{"line":311,"column":1}},"line":265},"13":{"name":"(anonymous_13)","decl":{"start":{"line":303,"column":35},"end":{"line":303,"column":36}},"loc":{"start":{"line":303,"column":42},"end":{"line":303,"column":49}},"line":303},"14":{"name":"(anonymous_14)","decl":{"start":{"line":304,"column":43},"end":{"line":304,"column":44}},"loc":{"start":{"line":304,"column":50},"end":{"line":304,"column":59}},"line":304}},"branchMap":{"0":{"loc":{"start":{"line":15,"column":4},"end":{"line":23,"column":5}},"type":"if","locations":[{"start":{"line":15,"column":4},"end":{"line":23,"column":5}},{"start":{"line":15,"column":4},"end":{"line":23,"column":5}}],"line":15},"1":{"loc":{"start":{"line":29,"column":4},"end":{"line":52,"column":5}},"type":"if","locations":[{"start":{"line":29,"column":4},"end":{"line":52,"column":5}},{"start":{"line":29,"column":4},"end":{"line":52,"column":5}}],"line":29},"2":{"loc":{"start":{"line":35,"column":8},"end":{"line":48,"column":5}},"type":"if","locations":[{"start":{"line":35,"column":8},"end":{"line":48,"column":5}},{"start":{"line":35,"column":8},"end":{"line":48,"column":5}}],"line":35},"3":{"loc":{"start":{"line":61,"column":2},"end":{"line":94,"column":3}},"type":"if","locations":[{"start":{"line":61,"column":2},"end":{"line":94,"column":3}},{"start":{"line":61,"column":2},"end":{"line":94,"column":3}}],"line":61},"4":{"loc":{"start":{"line":83,"column":18},"end":{"line":87,"column":19}},"type":"if","locations":[{"start":{"line":83,"column":18},"end":{"line":87,"column":19}},{"start":{"line":83,"column":18},"end":{"line":87,"column":19}}],"line":83},"5":{"loc":{"start":{"line":107,"column":2},"end":{"line":112,"column":3}},"type":"if","locations":[{"start":{"line":107,"column":2},"end":{"line":112,"column":3}},{"start":{"line":107,"column":2},"end":{"line":112,"column":3}}],"line":107},"6":{"loc":{"start":{"line":116,"column":2},"end":{"line":129,"column":1}},"type":"if","locations":[{"start":{"line":116,"column":2},"end":{"line":129,"column":1}},{"start":{"line":116,"column":2},"end":{"line":129,"column":1}}],"line":116},"7":{"loc":{"start":{"line":251,"column":4},"end":{"line":254,"column":5}},"type":"if","locations":[{"start":{"line":251,"column":4},"end":{"line":254,"column":5}},{"start":{"line":251,"column":4},"end":{"line":254,"column":5}}],"line":251},"8":{"loc":{"start":{"line":270,"column":6},"end":{"line":283,"column":7}},"type":"if","locations":[{"start":{"line":270,"column":6},"end":{"line":283,"column":7}},{"start":{"line":270,"column":6},"end":{"line":283,"column":7}}],"line":270},"9":{"loc":{"start":{"line":273,"column":13},"end":{"line":283,"column":7}},"type":"if","locations":[{"start":{"line":273,"column":13},"end":{"line":283,"column":7}},{"start":{"line":273,"column":13},"end":{"line":283,"column":7}}],"line":273},"10":{"loc":{"start":{"line":275,"column":13},"end":{"line":283,"column":7}},"type":"if","locations":[{"start":{"line":275,"column":13},"end":{"line":283,"column":7}},{"start":{"line":275,"column":13},"end":{"line":283,"column":7}}],"line":275},"11":{"loc":{"start":{"line":277,"column":13},"end":{"line":283,"column":7}},"type":"if","locations":[{"start":{"line":277,"column":13},"end":{"line":283,"column":7}},{"start":{"line":277,"column":13},"end":{"line":283,"column":7}}],"line":277},"12":{"loc":{"start":{"line":279,"column":13},"end":{"line":283,"column":7}},"type":"if","locations":[{"start":{"line":279,"column":13},"end":{"line":283,"column":7}},{"start":{"line":279,"column":13},"end":{"line":283,"column":7}}],"line":279},"13":{"loc":{"start":{"line":281,"column":13},"end":{"line":283,"column":7}},"type":"if","locations":[{"start":{"line":281,"column":13},"end":{"line":283,"column":7}},{"start":{"line":281,"column":13},"end":{"line":283,"column":7}}],"line":281}},"s":{"0":1,"1":1,"2":1,"3":1,"4":1,"5":1,"6":1,"7":1,"8":1,"9":1,"10":2,"11":1,"12":1,"13":1,"14":1,"15":1,"16":0,"17":0,"18":0,"19":0,"20":0,"21":0,"22":0,"23":0,"24":0,"25":0,"26":0,"27":0,"28":0,"29":0,"30":0,"31":1,"32":0,"33":0,"34":0,"35":0,"36":0,"37":0,"38":0,"39":0,"40":0,"41":0,"42":0,"43":0,"44":0,"45":0,"46":0,"47":0,"48":1,"49":2,"50":2,"51":2,"52":2,"53":2,"54":2,"55":1,"56":1,"57":1,"58":2,"59":1,"60":1,"61":1,"62":1,"63":1,"64":1,"65":1,"66":1,"67":1,"68":2,"69":2,"70":2,"71":2,"72":1,"73":1,"74":1,"75":1,"76":0,"77":0,"78":0,"79":0,"80":0,"81":0,"82":0,"83":0,"84":0,"85":0,"86":0,"87":1,"88":0,"89":0,"90":0,"91":0,"92":0,"93":0,"94":0,"95":0,"96":0,"97":0,"98":1,"99":0,"100":0,"101":0,"102":0,"103":0,"104":0,"105":0,"106":0,"107":0,"108":0,"109":0,"110":0,"111":0,"112":0,"113":0,"114":0,"115":0,"116":0,"117":0,"118":0,"119":0,"120":0,"121":0,"122":0,"123":0,"124":0,"125":1,"126":2,"127":2,"128":2,"129":2,"130":2,"131":0,"132":0,"133":0,"134":0,"135":0,"136":0,"137":0,"138":0,"139":0,"140":0,"141":2,"142":1,"143":2,"144":1,"145":2,"146":1,"147":1,"148":1,"149":1},"f":{"0":2,"1":0,"2":0,"3":0,"4":2,"5":2,"6":2,"7":0,"8":0,"9":0,"10":0,"11":0,"12":2,"13":2,"14":2},"b":{"0":[1,1],"1":[0,0],"2":[0,0],"3":[0,0],"4":[0,0],"5":[1,1],"6":[1,1],"7":[0,0],"8":[2,0],"9":[0,0],"10":[0,0],"11":[0,0],"12":[0,0],"13":[0,0]},"_coverageSchema":"1a1c01bbd47fc00a2c39e90264f33305004495a9","hash":"51619e1f8c422c66aa6981f25fea375ed405f4ca","contentHash":"246181c3188df11aa744cdce379c0e8278fdc8ba78780ecd22628a76183348c7"},"/home/deekshitha.t/jobapplicationportal2/middleware/adminprotect.js":{"path":"/home/deekshitha.t/jobapplicationportal2/middleware/adminprotect.js","statementMap":{"0":{"start":{"line":1,"column":12},"end":{"line":1,"column":35}},"1":{"start":{"line":2,"column":21},"end":{"line":2,"column":53}},"2":{"start":{"line":4,"column":21},"end":{"line":32,"column":2}},"3":{"start":{"line":6,"column":16},"end":{"line":6,"column":36}},"4":{"start":{"line":8,"column":2},"end":{"line":10,"column":3}},"5":{"start":{"line":9,"column":4},"end":{"line":9,"column":49}},"6":{"start":{"line":12,"column":2},"end":{"line":30,"column":3}},"7":{"start":{"line":13,"column":20},"end":{"line":13,"column":81}},"8":{"start":{"line":15,"column":4},"end":{"line":17,"column":5}},"9":{"start":{"line":16,"column":6},"end":{"line":16,"column":78}},"10":{"start":{"line":19,"column":4},"end":{"line":19,"column":30}},"11":{"start":{"line":20,"column":4},"end":{"line":20,"column":40}},"12":{"start":{"line":21,"column":4},"end":{"line":21,"column":35}},"13":{"start":{"line":22,"column":5},"end":{"line":22,"column":33}},"14":{"start":{"line":23,"column":5},"end":{"line":23,"column":30}},"15":{"start":{"line":24,"column":4},"end":{"line":24,"column":11}},"16":{"start":{"line":26,"column":4},"end":{"line":26,"column":48}},"17":{"start":{"line":27,"column":4},"end":{"line":29,"column":66}},"18":{"start":{"line":34,"column":0},"end":{"line":34,"column":34}}},"fnMap":{"0":{"name":"(anonymous_0)","decl":{"start":{"line":4,"column":34},"end":{"line":4,"column":35}},"loc":{"start":{"line":4,"column":60},"end":{"line":32,"column":1}},"line":4}},"branchMap":{"0":{"loc":{"start":{"line":8,"column":2},"end":{"line":10,"column":3}},"type":"if","locations":[{"start":{"line":8,"column":2},"end":{"line":10,"column":3}},{"start":{"line":8,"column":2},"end":{"line":10,"column":3}}],"line":8},"1":{"loc":{"start":{"line":15,"column":4},"end":{"line":17,"column":5}},"type":"if","locations":[{"start":{"line":15,"column":4},"end":{"line":17,"column":5}},{"start":{"line":15,"column":4},"end":{"line":17,"column":5}}],"line":15}},"s":{"0":1,"1":1,"2":1,"3":4,"4":4,"5":1,"6":3,"7":3,"8":2,"9":1,"10":1,"11":1,"12":1,"13":1,"14":1,"15":1,"16":1,"17":1,"18":1},"f":{"0":4},"b":{"0":[1,3],"1":[1,1]},"_coverageSchema":"1a1c01bbd47fc00a2c39e90264f33305004495a9","hash":"0aea617a21a12bb01c14970a81f5717c358483d8","contentHash":"34170cc0a30d748efcab0dd3e078168a6c3d6f7375f9ba1745f2cf8d8159a41f"},"/home/deekshitha.t/jobapplicationportal2/controllers/employerlogincontroller.js":{"path":"/home/deekshitha.t/jobapplicationportal2/controllers/employerlogincontroller.js","statementMap":{"0":{"start":{"line":1,"column":15},"end":{"line":1,"column":32}},"1":{"start":{"line":2,"column":14},"end":{"line":2,"column":32}},"2":{"start":{"line":4,"column":10},"end":{"line":4,"column":19}},"3":{"start":{"line":5,"column":21},"end":{"line":5,"column":45}},"4":{"start":{"line":6,"column":13},"end":{"line":6,"column":30}},"5":{"start":{"line":7,"column":17},"end":{"line":7,"column":38}},"6":{"start":{"line":8,"column":15},"end":{"line":8,"column":34}},"7":{"start":{"line":9,"column":0},"end":{"line":9,"column":27}},"8":{"start":{"line":10,"column":10},"end":{"line":10,"column":33}},"9":{"start":{"line":11,"column":19},"end":{"line":11,"column":43}},"10":{"start":{"line":12,"column":19},"end":{"line":12,"column":41}},"11":{"start":{"line":13,"column":0},"end":{"line":13,"column":51}},"12":{"start":{"line":14,"column":36},"end":{"line":14,"column":69}},"13":{"start":{"line":15,"column":26},"end":{"line":15,"column":59}},"14":{"start":{"line":16,"column":19},"end":{"line":16,"column":57}},"15":{"start":{"line":18,"column":20},"end":{"line":59,"column":1}},"16":{"start":{"line":21,"column":15},"end":{"line":21,"column":30}},"17":{"start":{"line":22,"column":14},"end":{"line":22,"column":32}},"18":{"start":{"line":23,"column":16},"end":{"line":23,"column":74}},"19":{"start":{"line":24,"column":16},"end":{"line":24,"column":81}},"20":{"start":{"line":26,"column":2},"end":{"line":56,"column":5}},"21":{"start":{"line":27,"column":2},"end":{"line":53,"column":3}},"22":{"start":{"line":29,"column":18},"end":{"line":29,"column":58}},"23":{"start":{"line":30,"column":15},"end":{"line":30,"column":37}},"24":{"start":{"line":31,"column":2},"end":{"line":31,"column":20}},"25":{"start":{"line":32,"column":2},"end":{"line":46,"column":3}},"26":{"start":{"line":34,"column":6},"end":{"line":37,"column":9}},"27":{"start":{"line":38,"column":6},"end":{"line":38,"column":66}},"28":{"start":{"line":41,"column":6},"end":{"line":41,"column":26}},"29":{"start":{"line":42,"column":6},"end":{"line":42,"column":25}},"30":{"start":{"line":43,"column":6},"end":{"line":43,"column":27}},"31":{"start":{"line":44,"column":6},"end":{"line":44,"column":27}},"32":{"start":{"line":45,"column":6},"end":{"line":45,"column":74}},"33":{"start":{"line":50,"column":6},"end":{"line":50,"column":26}},"34":{"start":{"line":51,"column":6},"end":{"line":51,"column":27}},"35":{"start":{"line":52,"column":6},"end":{"line":52,"column":82}},"36":{"start":{"line":55,"column":6},"end":{"line":55,"column":57}},"37":{"start":{"line":61,"column":27},"end":{"line":81,"column":6}},"38":{"start":{"line":63,"column":4},"end":{"line":78,"column":5}},"39":{"start":{"line":64,"column":8},"end":{"line":74,"column":9}},"40":{"start":{"line":66,"column":25},"end":{"line":66,"column":103}},"41":{"start":{"line":67,"column":4},"end":{"line":67,"column":47}},"42":{"start":{"line":68,"column":4},"end":{"line":68,"column":39}},"43":{"start":{"line":69,"column":4},"end":{"line":69,"column":29}},"44":{"start":{"line":70,"column":4},"end":{"line":70,"column":63}},"45":{"start":{"line":72,"column":8},"end":{"line":72,"column":27}},"46":{"start":{"line":73,"column":8},"end":{"line":73,"column":63}},"47":{"start":{"line":77,"column":8},"end":{"line":77,"column":26}},"48":{"start":{"line":83,"column":22},"end":{"line":127,"column":5}},"49":{"start":{"line":84,"column":8},"end":{"line":84,"column":36}},"50":{"start":{"line":86,"column":22},"end":{"line":86,"column":81}},"51":{"start":{"line":88,"column":8},"end":{"line":125,"column":5}},"52":{"start":{"line":89,"column":8},"end":{"line":121,"column":9}},"53":{"start":{"line":91,"column":19},"end":{"line":91,"column":95}},"54":{"start":{"line":92,"column":12},"end":{"line":95,"column":15}},"55":{"start":{"line":96,"column":30},"end":{"line":102,"column":22}},"56":{"start":{"line":103,"column":40},"end":{"line":108,"column":23}},"57":{"start":{"line":109,"column":17},"end":{"line":115,"column":19}},"58":{"start":{"line":110,"column":24},"end":{"line":114,"column":25}},"59":{"start":{"line":111,"column":26},"end":{"line":111,"column":71}},"60":{"start":{"line":113,"column":26},"end":{"line":113,"column":68}},"61":{"start":{"line":117,"column":12},"end":{"line":117,"column":89}},"62":{"start":{"line":120,"column":12},"end":{"line":120,"column":86}},"63":{"start":{"line":124,"column":8},"end":{"line":124,"column":27}},"64":{"start":{"line":129,"column":35},"end":{"line":141,"column":5}},"65":{"start":{"line":130,"column":20},"end":{"line":130,"column":34}},"66":{"start":{"line":131,"column":8},"end":{"line":131,"column":30}},"67":{"start":{"line":132,"column":25},"end":{"line":132,"column":40}},"68":{"start":{"line":133,"column":25},"end":{"line":133,"column":37}},"69":{"start":{"line":134,"column":8},"end":{"line":134,"column":37}},"70":{"start":{"line":135,"column":8},"end":{"line":140,"column":9}},"71":{"start":{"line":136,"column":8},"end":{"line":136,"column":93}},"72":{"start":{"line":139,"column":12},"end":{"line":139,"column":98}},"73":{"start":{"line":142,"column":35},"end":{"line":156,"column":2}},"74":{"start":{"line":143,"column":8},"end":{"line":156,"column":1}},"75":{"start":{"line":145,"column":4},"end":{"line":145,"column":32}},"76":{"start":{"line":146,"column":4},"end":{"line":146,"column":38}},"77":{"start":{"line":147,"column":22},"end":{"line":147,"column":42}},"78":{"start":{"line":148,"column":27},"end":{"line":148,"column":61}},"79":{"start":{"line":150,"column":22},"end":{"line":150,"column":105}},"80":{"start":{"line":151,"column":8},"end":{"line":151,"column":29}},"81":{"start":{"line":152,"column":8},"end":{"line":152,"column":83}},"82":{"start":{"line":155,"column":4},"end":{"line":155,"column":89}},"83":{"start":{"line":158,"column":20},"end":{"line":224,"column":4}},"84":{"start":{"line":159,"column":4},"end":{"line":222,"column":4}},"85":{"start":{"line":159,"column":16},"end":{"line":159,"column":21}},"86":{"start":{"line":160,"column":16},"end":{"line":160,"column":21}},"87":{"start":{"line":162,"column":17},"end":{"line":162,"column":33}},"88":{"start":{"line":163,"column":6},"end":{"line":207,"column":7}},"89":{"start":{"line":165,"column":7},"end":{"line":168,"column":8}},"90":{"start":{"line":167,"column":11},"end":{"line":167,"column":33}},"91":{"start":{"line":169,"column":7},"end":{"line":172,"column":8}},"92":{"start":{"line":171,"column":11},"end":{"line":171,"column":30}},"93":{"start":{"line":173,"column":7},"end":{"line":184,"column":8}},"94":{"start":{"line":175,"column":11},"end":{"line":180,"column":12}},"95":{"start":{"line":176,"column":11},"end":{"line":176,"column":144}},"96":{"start":{"line":179,"column":11},"end":{"line":179,"column":132}},"97":{"start":{"line":183,"column":10},"end":{"line":183,"column":75}},"98":{"start":{"line":187,"column":8},"end":{"line":190,"column":9}},"99":{"start":{"line":189,"column":12},"end":{"line":189,"column":34}},"100":{"start":{"line":191,"column":8},"end":{"line":194,"column":9}},"101":{"start":{"line":193,"column":12},"end":{"line":193,"column":31}},"102":{"start":{"line":195,"column":8},"end":{"line":206,"column":9}},"103":{"start":{"line":197,"column":12},"end":{"line":202,"column":13}},"104":{"start":{"line":198,"column":12},"end":{"line":198,"column":167}},"105":{"start":{"line":201,"column":12},"end":{"line":201,"column":155}},"106":{"start":{"line":205,"column":11},"end":{"line":205,"column":96}},"107":{"start":{"line":208,"column":16},"end":{"line":208,"column":32}},"108":{"start":{"line":209,"column":16},"end":{"line":209,"column":18}},"109":{"start":{"line":210,"column":10},"end":{"line":210,"column":18}},"110":{"start":{"line":211,"column":13},"end":{"line":211,"column":82}},"111":{"start":{"line":212,"column":3},"end":{"line":212,"column":22}},"112":{"start":{"line":213,"column":3},"end":{"line":213,"column":19}},"113":{"start":{"line":214,"column":3},"end":{"line":214,"column":93}},"114":{"start":{"line":215,"column":3},"end":{"line":215,"column":122}},"115":{"start":{"line":221,"column":2},"end":{"line":221,"column":33}},"116":{"start":{"line":226,"column":30},"end":{"line":270,"column":4}},"117":{"start":{"line":227,"column":4},"end":{"line":268,"column":4}},"118":{"start":{"line":227,"column":16},"end":{"line":227,"column":21}},"119":{"start":{"line":228,"column":16},"end":{"line":228,"column":21}},"120":{"start":{"line":230,"column":18},"end":{"line":230,"column":34}},"121":{"start":{"line":231,"column":19},"end":{"line":231,"column":36}},"122":{"start":{"line":232,"column":8},"end":{"line":235,"column":9}},"123":{"start":{"line":234,"column":12},"end":{"line":234,"column":35}},"124":{"start":{"line":236,"column":8},"end":{"line":239,"column":9}},"125":{"start":{"line":238,"column":12},"end":{"line":238,"column":31}},"126":{"start":{"line":240,"column":8},"end":{"line":251,"column":9}},"127":{"start":{"line":242,"column":12},"end":{"line":247,"column":13}},"128":{"start":{"line":243,"column":12},"end":{"line":243,"column":164}},"129":{"start":{"line":246,"column":12},"end":{"line":246,"column":154}},"130":{"start":{"line":250,"column":11},"end":{"line":250,"column":97}},"131":{"start":{"line":254,"column":16},"end":{"line":254,"column":32}},"132":{"start":{"line":255,"column":16},"end":{"line":255,"column":18}},"133":{"start":{"line":256,"column":10},"end":{"line":256,"column":18}},"134":{"start":{"line":257,"column":13},"end":{"line":257,"column":82}},"135":{"start":{"line":258,"column":3},"end":{"line":258,"column":22}},"136":{"start":{"line":259,"column":3},"end":{"line":259,"column":19}},"137":{"start":{"line":260,"column":3},"end":{"line":260,"column":109}},"138":{"start":{"line":261,"column":3},"end":{"line":261,"column":134}},"139":{"start":{"line":265,"column":4},"end":{"line":265,"column":21}},"140":{"start":{"line":266,"column":4},"end":{"line":266,"column":31}},"141":{"start":{"line":267,"column":4},"end":{"line":267,"column":35}},"142":{"start":{"line":273,"column":37},"end":{"line":320,"column":4}},"143":{"start":{"line":274,"column":4},"end":{"line":318,"column":4}},"144":{"start":{"line":275,"column":14},"end":{"line":275,"column":19}},"145":{"start":{"line":276,"column":16},"end":{"line":276,"column":21}},"146":{"start":{"line":278,"column":17},"end":{"line":278,"column":33}},"147":{"start":{"line":279,"column":19},"end":{"line":279,"column":36}},"148":{"start":{"line":281,"column":8},"end":{"line":284,"column":9}},"149":{"start":{"line":283,"column":12},"end":{"line":283,"column":35}},"150":{"start":{"line":285,"column":8},"end":{"line":288,"column":9}},"151":{"start":{"line":287,"column":12},"end":{"line":287,"column":31}},"152":{"start":{"line":289,"column":8},"end":{"line":289,"column":58}},"153":{"start":{"line":290,"column":8},"end":{"line":301,"column":9}},"154":{"start":{"line":292,"column":12},"end":{"line":297,"column":13}},"155":{"start":{"line":293,"column":12},"end":{"line":293,"column":163}},"156":{"start":{"line":296,"column":12},"end":{"line":296,"column":153}},"157":{"start":{"line":300,"column":11},"end":{"line":300,"column":96}},"158":{"start":{"line":304,"column":16},"end":{"line":304,"column":32}},"159":{"start":{"line":305,"column":16},"end":{"line":305,"column":18}},"160":{"start":{"line":306,"column":10},"end":{"line":306,"column":18}},"161":{"start":{"line":307,"column":13},"end":{"line":307,"column":82}},"162":{"start":{"line":308,"column":3},"end":{"line":308,"column":22}},"163":{"start":{"line":309,"column":3},"end":{"line":309,"column":19}},"164":{"start":{"line":310,"column":3},"end":{"line":310,"column":109}},"165":{"start":{"line":311,"column":3},"end":{"line":311,"column":141}},"166":{"start":{"line":315,"column":4},"end":{"line":315,"column":21}},"167":{"start":{"line":316,"column":4},"end":{"line":316,"column":31}},"168":{"start":{"line":317,"column":4},"end":{"line":317,"column":35}},"169":{"start":{"line":323,"column":21},"end":{"line":365,"column":1}},"170":{"start":{"line":325,"column":4},"end":{"line":362,"column":7}},"171":{"start":{"line":331,"column":20},"end":{"line":331,"column":34}},"172":{"start":{"line":332,"column":21},"end":{"line":332,"column":34}},"173":{"start":{"line":333,"column":21},"end":{"line":333,"column":35}},"174":{"start":{"line":334,"column":21},"end":{"line":334,"column":37}},"175":{"start":{"line":335,"column":17},"end":{"line":335,"column":35}},"176":{"start":{"line":338,"column":8},"end":{"line":350,"column":9}},"177":{"start":{"line":340,"column":12},"end":{"line":346,"column":13}},"178":{"start":{"line":341,"column":12},"end":{"line":341,"column":188}},"179":{"start":{"line":345,"column":12},"end":{"line":345,"column":176}},"180":{"start":{"line":349,"column":11},"end":{"line":349,"column":119}},"181":{"start":{"line":351,"column":8},"end":{"line":357,"column":9}},"182":{"start":{"line":352,"column":10},"end":{"line":352,"column":33}},"183":{"start":{"line":353,"column":10},"end":{"line":353,"column":30}},"184":{"start":{"line":355,"column":10},"end":{"line":355,"column":28}},"185":{"start":{"line":356,"column":10},"end":{"line":356,"column":64}},"186":{"start":{"line":359,"column":8},"end":{"line":359,"column":26}},"187":{"start":{"line":360,"column":8},"end":{"line":360,"column":35}},"188":{"start":{"line":361,"column":8},"end":{"line":361,"column":39}},"189":{"start":{"line":368,"column":26},"end":{"line":410,"column":3}},"190":{"start":{"line":370,"column":4},"end":{"line":409,"column":7}},"191":{"start":{"line":376,"column":20},"end":{"line":376,"column":34}},"192":{"start":{"line":377,"column":20},"end":{"line":377,"column":38}},"193":{"start":{"line":378,"column":21},"end":{"line":378,"column":34}},"194":{"start":{"line":379,"column":22},"end":{"line":379,"column":39}},"195":{"start":{"line":380,"column":21},"end":{"line":380,"column":37}},"196":{"start":{"line":381,"column":21},"end":{"line":381,"column":35}},"197":{"start":{"line":386,"column":8},"end":{"line":398,"column":9}},"198":{"start":{"line":388,"column":12},"end":{"line":394,"column":13}},"199":{"start":{"line":389,"column":12},"end":{"line":389,"column":208}},"200":{"start":{"line":393,"column":12},"end":{"line":393,"column":196}},"201":{"start":{"line":397,"column":11},"end":{"line":397,"column":139}},"202":{"start":{"line":399,"column":8},"end":{"line":405,"column":9}},"203":{"start":{"line":400,"column":10},"end":{"line":400,"column":30}},"204":{"start":{"line":404,"column":10},"end":{"line":404,"column":64}},"205":{"start":{"line":407,"column":8},"end":{"line":407,"column":58}},"206":{"start":{"line":408,"column":8},"end":{"line":408,"column":65}},"207":{"start":{"line":412,"column":31},"end":{"line":484,"column":3}},"208":{"start":{"line":413,"column":4},"end":{"line":483,"column":5}},"209":{"start":{"line":414,"column":19},"end":{"line":414,"column":35}},"210":{"start":{"line":415,"column":20},"end":{"line":415,"column":35}},"211":{"start":{"line":416,"column":18},"end":{"line":416,"column":36}},"212":{"start":{"line":417,"column":19},"end":{"line":417,"column":32}},"213":{"start":{"line":418,"column":20},"end":{"line":418,"column":48}},"214":{"start":{"line":420,"column":6},"end":{"line":422,"column":7}},"215":{"start":{"line":421,"column":8},"end":{"line":421,"column":28}},"216":{"start":{"line":426,"column":6},"end":{"line":470,"column":7}},"217":{"start":{"line":427,"column":8},"end":{"line":455,"column":9}},"218":{"start":{"line":428,"column":10},"end":{"line":440,"column":13}},"219":{"start":{"line":442,"column":10},"end":{"line":454,"column":13}},"220":{"start":{"line":457,"column":8},"end":{"line":469,"column":11}},"221":{"start":{"line":472,"column":6},"end":{"line":479,"column":7}},"222":{"start":{"line":473,"column":29},"end":{"line":473,"column":58}},"223":{"start":{"line":473,"column":50},"end":{"line":473,"column":57}},"224":{"start":{"line":474,"column":8},"end":{"line":474,"column":54}},"225":{"start":{"line":475,"column":8},"end":{"line":475,"column":38}},"226":{"start":{"line":477,"column":8},"end":{"line":477,"column":42}},"227":{"start":{"line":478,"column":8},"end":{"line":478,"column":28}},"228":{"start":{"line":481,"column":6},"end":{"line":481,"column":56}},"229":{"start":{"line":482,"column":6},"end":{"line":482,"column":63}},"230":{"start":{"line":486,"column":22},"end":{"line":502,"column":3}},"231":{"start":{"line":487,"column":4},"end":{"line":501,"column":5}},"232":{"start":{"line":488,"column":17},"end":{"line":488,"column":29}},"233":{"start":{"line":489,"column":18},"end":{"line":489,"column":66}},"234":{"start":{"line":491,"column":6},"end":{"line":494,"column":7}},"235":{"start":{"line":493,"column":8},"end":{"line":493,"column":58}},"236":{"start":{"line":495,"column":6},"end":{"line":495,"column":31}},"237":{"start":{"line":497,"column":6},"end":{"line":497,"column":52}},"238":{"start":{"line":499,"column":6},"end":{"line":499,"column":27}},"239":{"start":{"line":500,"column":6},"end":{"line":500,"column":52}},"240":{"start":{"line":504,"column":15},"end":{"line":529,"column":3}},"241":{"start":{"line":506,"column":4},"end":{"line":526,"column":3}},"242":{"start":{"line":514,"column":2},"end":{"line":514,"column":144}},"243":{"start":{"line":523,"column":5},"end":{"line":523,"column":25}},"244":{"start":{"line":524,"column":5},"end":{"line":524,"column":32}},"245":{"start":{"line":525,"column":6},"end":{"line":525,"column":37}},"246":{"start":{"line":531,"column":17},"end":{"line":566,"column":3}},"247":{"start":{"line":533,"column":13},"end":{"line":533,"column":24}},"248":{"start":{"line":534,"column":18},"end":{"line":534,"column":34}},"249":{"start":{"line":535,"column":15},"end":{"line":535,"column":28}},"250":{"start":{"line":536,"column":4},"end":{"line":536,"column":24}},"251":{"start":{"line":537,"column":4},"end":{"line":537,"column":31}},"252":{"start":{"line":538,"column":24},"end":{"line":544,"column":6}},"253":{"start":{"line":545,"column":4},"end":{"line":545,"column":19}},"254":{"start":{"line":547,"column":24},"end":{"line":553,"column":5}},"255":{"start":{"line":555,"column":4},"end":{"line":565,"column":7}},"256":{"start":{"line":556,"column":6},"end":{"line":564,"column":7}},"257":{"start":{"line":557,"column":8},"end":{"line":557,"column":29}},"258":{"start":{"line":558,"column":8},"end":{"line":558,"column":45}},"259":{"start":{"line":560,"column":8},"end":{"line":560,"column":52}},"260":{"start":{"line":561,"column":15},"end":{"line":561,"column":171}},"261":{"start":{"line":562,"column":8},"end":{"line":562,"column":23}},"262":{"start":{"line":563,"column":7},"end":{"line":563,"column":50}},"263":{"start":{"line":568,"column":16},"end":{"line":580,"column":3}},"264":{"start":{"line":569,"column":4},"end":{"line":579,"column":3}},"265":{"start":{"line":571,"column":21},"end":{"line":571,"column":99}},"266":{"start":{"line":572,"column":2},"end":{"line":572,"column":45}},"267":{"start":{"line":573,"column":2},"end":{"line":573,"column":37}},"268":{"start":{"line":574,"column":2},"end":{"line":574,"column":27}},"269":{"start":{"line":575,"column":2},"end":{"line":575,"column":78}},"270":{"start":{"line":578,"column":4},"end":{"line":578,"column":44}},"271":{"start":{"line":582,"column":16},"end":{"line":601,"column":3}},"272":{"start":{"line":583,"column":4},"end":{"line":583,"column":26}},"273":{"start":{"line":584,"column":4},"end":{"line":584,"column":26}},"274":{"start":{"line":585,"column":20},"end":{"line":585,"column":69}},"275":{"start":{"line":586,"column":12},"end":{"line":598,"column":4}},"276":{"start":{"line":599,"column":4},"end":{"line":599,"column":21}},"277":{"start":{"line":600,"column":4},"end":{"line":600,"column":22}},"278":{"start":{"line":603,"column":20},"end":{"line":619,"column":2}},"279":{"start":{"line":604,"column":4},"end":{"line":618,"column":5}},"280":{"start":{"line":606,"column":21},"end":{"line":606,"column":99}},"281":{"start":{"line":607,"column":2},"end":{"line":607,"column":45}},"282":{"start":{"line":608,"column":2},"end":{"line":608,"column":37}},"283":{"start":{"line":609,"column":2},"end":{"line":609,"column":28}},"284":{"start":{"line":610,"column":15},"end":{"line":610,"column":67}},"285":{"start":{"line":611,"column":11},"end":{"line":611,"column":59}},"286":{"start":{"line":613,"column":2},"end":{"line":613,"column":95}},"287":{"start":{"line":617,"column":6},"end":{"line":617,"column":75}},"288":{"start":{"line":620,"column":17},"end":{"line":630,"column":1}},"289":{"start":{"line":622,"column":15},"end":{"line":622,"column":33}},"290":{"start":{"line":623,"column":13},"end":{"line":623,"column":25}},"291":{"start":{"line":624,"column":18},"end":{"line":624,"column":53}},"292":{"start":{"line"
[...]
},"end":{"line":566,"column":3}},"line":531},"16":{"name":"(anonymous_16)","decl":{"start":{"line":555,"column":38},"end":{"line":555,"column":39}},"loc":{"start":{"line":555,"column":60},"end":{"line":565,"column":5}},"line":555},"17":{"name":"(anonymous_17)","decl":{"start":{"line":568,"column":16},"end":{"line":568,"column":17}},"loc":{"start":{"line":568,"column":27},"end":{"line":580,"column":3}},"line":568},"18":{"name":"(anonymous_18)","decl":{"start":{"line":582,"column":16},"end":{"line":582,"column":17}},"loc":{"start":{"line":582,"column":32},"end":{"line":601,"column":3}},"line":582},"19":{"name":"(anonymous_19)","decl":{"start":{"line":603,"column":20},"end":{"line":603,"column":21}},"loc":{"start":{"line":603,"column":36},"end":{"line":619,"column":2}},"line":603},"20":{"name":"(anonymous_20)","decl":{"start":{"line":620,"column":17},"end":{"line":620,"column":18}},"loc":{"start":{"line":621,"column":0},"end":{"line":630,"column":1}},"line":621}},"branchMap":{"0":{"loc":{"start":{"line":27,"column":2},"end":{"line":53,"column":3}},"type":"if","locations":[{"start":{"line":27,"column":2},"end":{"line":53,"column":3}},{"start":{"line":27,"column":2},"end":{"line":53,"column":3}}],"line":27},"1":{"loc":{"start":{"line":32,"column":2},"end":{"line":46,"column":3}},"type":"if","locations":[{"start":{"line":32,"column":2},"end":{"line":46,"column":3}},{"start":{"line":32,"column":2},"end":{"line":46,"column":3}}],"line":32},"2":{"loc":{"start":{"line":64,"column":8},"end":{"line":74,"column":9}},"type":"if","locations":[{"start":{"line":64,"column":8},"end":{"line":74,"column":9}},{"start":{"line":64,"column":8},"end":{"line":74,"column":9}}],"line":64},"3":{"loc":{"start":{"line":89,"column":8},"end":{"line":121,"column":9}},"type":"if","locations":[{"start":{"line":89,"column":8},"end":{"line":121,"column":9}},{"start":{"line":89,"column":8},"end":{"line":121,"column":9}}],"line":89},"4":{"loc":{"start":{"line":110,"column":24},"end":{"line":114,"column":25}},"type":"if","locations":[{"start":{"line":110,"column":24},"end":{"line":114,"column":25}},{"start":{"line":110,"column":24},"end":{"line":114,"column":25}}],"line":110},"5":{"loc":{"start":{"line":135,"column":8},"end":{"line":140,"column":9}},"type":"if","locations":[{"start":{"line":135,"column":8},"end":{"line":140,"column":9}},{"start":{"line":135,"column":8},"end":{"line":140,"column":9}}],"line":135},"6":{"loc":{"start":{"line":143,"column":8},"end":{"line":156,"column":1}},"type":"if","locations":[{"start":{"line":143,"column":8},"end":{"line":156,"column":1}},{"start":{"line":143,"column":8},"end":{"line":156,"column":1}}],"line":143},"7":{"loc":{"start":{"line":163,"column":6},"end":{"line":207,"column":7}},"type":"if","locations":[{"start":{"line":163,"column":6},"end":{"line":207,"column":7}},{"start":{"line":163,"column":6},"end":{"line":207,"column":7}}],"line":163},"8":{"loc":{"start":{"line":165,"column":7},"end":{"line":168,"column":8}},"type":"if","locations":[{"start":{"line":165,"column":7},"end":{"line":168,"column":8}},{"start":{"line":165,"column":7},"end":{"line":168,"column":8}}],"line":165},"9":{"loc":{"start":{"line":169,"column":7},"end":{"line":172,"column":8}},"type":"if","locations":[{"start":{"line":169,"column":7},"end":{"line":172,"column":8}},{"start":{"line":169,"column":7},"end":{"line":172,"column":8}}],"line":169},"10":{"loc":{"start":{"line":173,"column":7},"end":{"line":184,"column":8}},"type":"if","locations":[{"start":{"line":173,"column":7},"end":{"line":184,"column":8}},{"start":{"line":173,"column":7},"end":{"line":184,"column":8}}],"line":173},"11":{"loc":{"start":{"line":175,"column":11},"end":{"line":180,"column":12}},"type":"if","locations":[{"start":{"line":175,"column":11},"end":{"line":180,"column":12}},{"start":{"line":175,"column":11},"end":{"line":180,"column":12}}],"line":175},"12":{"loc":{"start":{"line":187,"column":8},"end":{"line":190,"column":9}},"type":"if","locations":[{"start":{"line":187,"column":8},"end":{"line":190,"column":9}},{"start":{"line":187,"column":8},"end":{"line":190,"column":9}}],"line":187},"13":{"loc":{"start":{"line":191,"column":8},"end":{"line":194,"column":9}},"type":"if","locations":[{"start":{"line":191,"column":8},"end":{"line":194,"column":9}},{"start":{"line":191,"column":8},"end":{"line":194,"column":9}}],"line":191},"14":{"loc":{"start":{"line":195,"column":8},"end":{"line":206,"column":9}},"type":"if","locations":[{"start":{"line":195,"column":8},"end":{"line":206,"column":9}},{"start":{"line":195,"column":8},"end":{"line":206,"column":9}}],"line":195},"15":{"loc":{"start":{"line":197,"column":12},"end":{"line":202,"column":13}},"type":"if","locations":[{"start":{"line":197,"column":12},"end":{"line":202,"column":13}},{"start":{"line":197,"column":12},"end":{"line":202,"column":13}}],"line":197},"16":{"loc":{"start":{"line":211,"column":13},"end":{"line":211,"column":82}},"type":"cond-expr","locations":[{"start":{"line":211,"column":23},"end":{"line":211,"column":54}},{"start":{"line":211,"column":57},"end":{"line":211,"column":82}}],"line":211},"17":{"loc":{"start":{"line":232,"column":8},"end":{"line":235,"column":9}},"type":"if","locations":[{"start":{"line":232,"column":8},"end":{"line":235,"column":9}},{"start":{"line":232,"column":8},"end":{"line":235,"column":9}}],"line":232},"18":{"loc":{"start":{"line":236,"column":8},"end":{"line":239,"column":9}},"type":"if","locations":[{"start":{"line":236,"column":8},"end":{"line":239,"column":9}},{"start":{"line":236,"column":8},"end":{"line":239,"column":9}}],"line":236},"19":{"loc":{"start":{"line":240,"column":8},"end":{"line":251,"column":9}},"type":"if","locations":[{"start":{"line":240,"column":8},"end":{"line":251,"column":9}},{"start":{"line":240,"column":8},"end":{"line":251,"column":9}}],"line":240},"20":{"loc":{"start":{"line":242,"column":12},"end":{"line":247,"column":13}},"type":"if","locations":[{"start":{"line":242,"column":12},"end":{"line":247,"column":13}},{"start":{"line":242,"column":12},"end":{"line":247,"column":13}}],"line":242},"21":{"loc":{"start":{"line":257,"column":13},"end":{"line":257,"column":82}},"type":"cond-expr","locations":[{"start":{"line":257,"column":23},"end":{"line":257,"column":54}},{"start":{"line":257,"column":57},"end":{"line":257,"column":82}}],"line":257},"22":{"loc":{"start":{"line":281,"column":8},"end":{"line":284,"column":9}},"type":"if","locations":[{"start":{"line":281,"column":8},"end":{"line":284,"column":9}},{"start":{"line":281,"column":8},"end":{"line":284,"column":9}}],"line":281},"23":{"loc":{"start":{"line":285,"column":8},"end":{"line":288,"column":9}},"type":"if","locations":[{"start":{"line":285,"column":8},"end":{"line":288,"column":9}},{"start":{"line":285,"column":8},"end":{"line":288,"column":9}}],"line":285},"24":{"loc":{"start":{"line":290,"column":8},"end":{"line":301,"column":9}},"type":"if","locations":[{"start":{"line":290,"column":8},"end":{"line":301,"column":9}},{"start":{"line":290,"column":8},"end":{"line":301,"column":9}}],"line":290},"25":{"loc":{"start":{"line":292,"column":12},"end":{"line":297,"column":13}},"type":"if","locations":[{"start":{"line":292,"column":12},"end":{"line":297,"column":13}},{"start":{"line":292,"column":12},"end":{"line":297,"column":13}}],"line":292},"26":{"loc":{"start":{"line":307,"column":13},"end":{"line":307,"column":82}},"type":"cond-expr","locations":[{"start":{"line":307,"column":23},"end":{"line":307,"column":54}},{"start":{"line":307,"column":57},"end":{"line":307,"column":82}}],"line":307},"27":{"loc":{"start":{"line":338,"column":8},"end":{"line":350,"column":9}},"type":"if","locations":[{"start":{"line":338,"column":8},"end":{"line":350,"column":9}},{"start":{"line":338,"column":8},"end":{"line":350,"column":9}}],"line":338},"28":{"loc":{"start":{"line":340,"column":12},"end":{"line":346,"column":13}},"type":"if","locations":[{"start":{"line":340,"column":12},"end":{"line":346,"column":13}},{"start":{"line":340,"column":12},"end":{"line":346,"column":13}}],"line":340},"29":{"loc":{"start":{"line":351,"column":8},"end":{"line":357,"column":9}},"type":"if","locations":[{"start":{"line":351,"column":8},"end":{"line":357,"column":9}},{"start":{"line":351,"column":8},"end":{"line":357,"column":9}}],"line":351},"30":{"loc":{"start":{"line":351,"column":12},"end":{"line":351,"column":45}},"type":"binary-expr","locations":[{"start":{"line":351,"column":12},"end":{"line":351,"column":21}},{"start":{"line":351,"column":25},"end":{"line":351,"column":45}}],"line":351},"31":{"loc":{"start":{"line":386,"column":8},"end":{"line":398,"column":9}},"type":"if","locations":[{"start":{"line":386,"column":8},"end":{"line":398,"column":9}},{"start":{"line":386,"column":8},"end":{"line":398,"column":9}}],"line":386},"32":{"loc":{"start":{"line":388,"column":12},"end":{"line":394,"column":13}},"type":"if","locations":[{"start":{"line":388,"column":12},"end":{"line":394,"column":13}},{"start":{"line":388,"column":12},"end":{"line":394,"column":13}}],"line":388},"33":{"loc":{"start":{"line":399,"column":8},"end":{"line":405,"column":9}},"type":"if","locations":[{"start":{"line":399,"column":8},"end":{"line":405,"column":9}},{"start":{"line":399,"column":8},"end":{"line":405,"column":9}}],"line":399},"34":{"loc":{"start":{"line":399,"column":12},"end":{"line":399,"column":45}},"type":"binary-expr","locations":[{"start":{"line":399,"column":12},"end":{"line":399,"column":21}},{"start":{"line":399,"column":25},"end":{"line":399,"column":45}}],"line":399},"35":{"loc":{"start":{"line":420,"column":6},"end":{"line":422,"column":7}},"type":"if","locations":[{"start":{"line":420,"column":6},"end":{"line":422,"column":7}},{"start":{"line":420,"column":6},"end":{"line":422,"column":7}}],"line":420},"36":{"loc":{"start":{"line":426,"column":6},"end":{"line":470,"column":7}},"type":"if","locations":[{"start":{"line":426,"column":6},"end":{"line":470,"column":7}},{"start":{"line":426,"column":6},"end":{"line":470,"column":7}}],"line":426},"37":{"loc":{"start":{"line":427,"column":8},"end":{"line":455,"column":9}},"type":"if","locations":[{"start":{"line":427,"column":8},"end":{"line":455,"column":9}},{"start":{"line":427,"column":8},"end":{"line":455,"column":9}}],"line":427},"38":{"loc":{"start":{"line":472,"column":6},"end":{"line":479,"column":7}},"type":"if","locations":[{"start":{"line":472,"column":6},"end":{"line":479,"column":7}},{"start":{"line":472,"column":6},"end":{"line":479,"column":7}}],"line":472},"39":{"loc":{"start":{"line":472,"column":10},"end":{"line":472,"column":43}},"type":"binary-expr","locations":[{"start":{"line":472,"column":10},"end":{"line":472,"column":19}},{"start":{"line":472,"column":23},"end":{"line":472,"column":43}}],"line":472},"40":{"loc":{"start":{"line":491,"column":6},"end":{"line":494,"column":7}},"type":"if","locations":[{"start":{"line":491,"column":6},"end":{"line":494,"column":7}},{"start":{"line":491,"column":6},"end":{"line":494,"column":7}}],"line":491},"41":{"loc":{"start":{"line":552,"column":19},"end":{"line":552,"column":98}},"type":"cond-expr","locations":[{"start":{"line":552,"column":30},"end":{"line":552,"column":93}},{"start":{"line":552,"column":96},"end":{"line":552,"column":98}}],"line":552},"42":{"loc":{"start":{"line":556,"column":6},"end":{"line":564,"column":7}},"type":"if","locations":[{"start":{"line":556,"column":6},"end":{"line":564,"column":7}},{"start":{"line":556,"column":6},"end":{"line":564,"column":7}}],"line":556},"43":{"loc":{"start":{"line":569,"column":4},"end":{"line":579,"column":3}},"type":"if","locations":[{"start":{"line":569,"column":4},"end":{"line":579,"column":3}},{"start":{"line":569,"column":4},"end":{"line":579,"column":3}}],"line":569},"44":{"loc":{"start":{"line":604,"column":4},"end":{"line":618,"column":5}},"type":"if","locations":[{"start":{"line":604,"column":4},"end":{"line":618,"column":5}},{"start":{"line":604,"column":4},"end":{"line":618,"column":5}}],"line":604}},"s":{"0":1,"1":1,"2":1,"3":1,"4":1,"5":1,"6":1,"7":1,"8":1,"9":1,"10":1,"11":1,"12":1,"13":1,"14":1,"15":1,"16":0,"17":0,"18":0,"19":0,"20":0,"21":0,"22":0,"23":0,"24":0,"25":0,"26":0,"27":0,"28":0,"29":0,"30":0,"31":0,"32":0,"33":0,"34":0,"35":0,"36":0,"37":1,"38":3,"39":3,"40":2,"41":1,"42":1,"43":1,"44":1,"45":1,"46":1,"47":1,"48":1,"49":0,"50":0,"51":0,"52":0,"53":0,"54":0,"55":0,"56":0,"57":0,"58":0,"59":0,"60":0,"61":0,"62":0,"63":0,"64":1,"65":2,"66":2,"67":2,"68":2,"69":2,"70":2,"71":1,"72":1,"73":1,"74":0,"75":0,"76":0,"77":0,"78":0,"79":0,"80":0,"81":0,"82":0,"83":1,"84":0,"85":0,"86":0,"87":0,"88":0,"89":0,"90":0,"91":0,"92":0,"93":0,"94":0,"95":0,"96":0,"97":0,"98":0,"99":0,"100":0,"101":0,"102":0,"103":0,"104":0,"105":0,"106":0,"107":0,"108":0,"109":0,"110":0,"111":0,"112":0,"113":0,"114":0,"115":0,"116":1,"117":5,"118":5,"119":5,"120":5,"121":5,"122":5,"123":2,"124":5,"125":2,"126":5,"127":2,"128":2,"129":0,"130":3,"131":2,"132":2,"133":2,"134":2,"135":2,"136":2,"137":2,"138":2,"139":3,"140":3,"141":3,"142":1,"143":1,"144":1,"145":1,"146":1,"147":1,"148":1,"149":1,"150":1,"151":1,"152":1,"153":1,"154":1,"155":1,"156":0,"157":0,"158":1,"159":1,"160":1,"161":1,"162":1,"163":1,"164":1,"165":1,"166":0,"167":0,"168":0,"169":1,"170":3,"171":3,"172":3,"173":3,"174":3,"175":3,"176":3,"177":3,"178":3,"179":0,"180":0,"181":0,"182":0,"183":0,"184":0,"185":0,"186":3,"187":3,"188":3,"189":1,"190":0,"191":0,"192":0,"193":0,"194":0,"195":0,"196":0,"197":0,"198":0,"199":0,"200":0,"201":0,"202":0,"203":0,"204":0,"205":0,"206":0,"207":1,"208":0,"209":0,"210":0,"211":0,"212":0,"213":0,"214":0,"215":0,"216":0,"217":0,"218":0,"219":0,"220":0,"221":0,"222":0,"223":0,"224":0,"225":0,"226":0,"227":0,"228":0,"229":0,"230":1,"231":3,"232":3,"233":3,"234":2,"235":1,"236":1,"237":1,"238":1,"239":1,"240":1,"241":2,"242":2,"243":1,"244":1,"245":1,"246":1,"247":0,"248":0,"249":0,"250":0,"251":0,"252":0,"253":0,"254":0,"255":0,"256":0,"257":0,"258":0,"259":0,"260":0,"261":0,"262":0,"263":1,"264":2,"265":1,"266":1,"267":1,"268":1,"269":1,"270":1,"271":1,"272":1,"273":1,"274":1,"275":1,"276":1,"277":1,"278":1,"279":0,"280":0,"281":0,"282":0,"283":0,"284":0,"285":0,"286":0,"287":0,"288":1,"289":0,"290":0,"291":0,"292":0,"293":0,"294":0,"295":0,"296":1},"f":{"0":0,"1":3,"2":0,"3":0,"4":2,"5":0,"6":0,"7":5,"8":1,"9":3,"10":0,"11":0,"12":0,"13":3,"14":2,"15":0,"16":0,"17":2,"18":1,"19":0,"20":0},"b":{"0":[0,0],"1":[0,0],"2":[2,1],"3":[0,0],"4":[0,0],"5":[1,1],"6":[0,0],"7":[0,0],"8":[0,0],"9":[0,0],"10":[0,0],"11":[0,0],"12":[0,0],"13":[0,0],"14":[0,0],"15":[0,0],"16":[0,0],"17":[2,3],"18":[2,3],"19":[2,3],"20":[2,0],"21":[2,0],"22":[1,0],"23":[1,0],"24":[1,0],"25":[1,0],"26":[1,0],"27":[3,0],"28":[3,0],"29":[0,0],"30":[0,0],"31":[0,0],"32":[0,0],"33":[0,0],"34":[0,0],"35":[0,0],"36":[0,0],"37":[0,0],"38":[0,0],"39":[0,0],"40":[1,1],"41":[0,0],"42":[0,0],"43":[1,1],"44":[0,0]},"_coverageSchema":"1a1c01bbd47fc00a2c39e90264f33305004495a9","hash":"d7905c8343f75295be505b1e31b8da0e58af9945","contentHash":"f17029abc6df4854bac5f129377d877a1144bcd384dbd77aeef274fcfae2d060"},"/home/deekshitha.t/jobapplicationportal2/middleware/employerprotect.js":{"path":"/home/deekshitha.t/jobapplicationportal2/middleware/employerprotect.js","statementMap":{"0":{"start":{"line":1,"column":12},"end":{"line":1,"column":35}},"1":{"start":{"line":2,"column":21},"end":{"line":2,"column":53}},"2":{"start":{"line":4,"column":24},"end":{"line":32,"column":2}},"3":{"start":{"line":6,"column":16},"end":{"line":6,"column":39}},"4":{"start":{"line":8,"column":2},"end":{"line":10,"column":3}},"5":{"start":{"line":9,"column":4},"end":{"line":9,"column":58}},"6":{"start":{"line":12,"column":2},"end":{"line":30,"column":3}},"7":{"start":{"line":13,"column":20},"end":{"line":13,"column":81}},"8":{"start":{"line":15,"column":4},"end":{"line":17,"column":5}},"9":{"start":{"line":16,"column":6},"end":{"line":16,"column":78}},"10":{"start":{"line":19,"column":4},"end":{"line":19,"column":30}},"11":{"start":{"line":20,"column":4},"end":{"line":20,"column":40}},"12":{"start":{"line":21,"column":4},"end":{"line":21,"column":35}},"13":{"start":{"line":22,"column":5},"end":{"line":22,"column":33}},"14":{"start":{"line":23,"column":5},"end":{"line":23,"column":30}},"15":{"start":{"line":24,"column":4},"end":{"line":24,"column":11}},"16":{"start":{"line":26,"column":4},"end":{"line":26,"column":48}},"17":{"start":{"line":27,"column":4},"end":{"line":29,"column":66}},"18":{"start":{"line":34,"column":0},"end":{"line":34,"column":37}}},"fnMap":{"0":{"name":"(anonymous_0)","decl":{"start":{"line":4,"column":37},"end":{"line":4,"column":38}},"loc":{"start":{"line":4,"column":63},"end":{"line":32,"column":1}},"line":4}},"branchMap":{"0":{"loc":{"start":{"line":8,"column":2},"end":{"line":10,"column":3}},"type":"if","locations":[{"start":{"line":8,"column":2},"end":{"line":10,"column":3}},{"start":{"line":8,"column":2},"end":{"line":10,"column":3}}],"line":8},"1":{"loc":{"start":{"line":15,"column":4},"end":{"line":17,"column":5}},"type":"if","locations":[{"start":{"line":15,"column":4},"end":{"line":17,"column":5}},{"start":{"line":15,"column":4},"end":{"line":17,"column":5}}],"line":15}},"s":{"0":1,"1":1,"2":1,"3":4,"4":4,"5":1,"6":4,"7":4,"8":2,"9":1,"10":1,"11":1,"12":1,"13":1,"14":1,"15":1,"16":2,"17":2,"18":1},"f":{"0":4},"b":{"0":[1,3],"1":[1,1]},"_coverageSchema":"1a1c01bbd47fc00a2c39e90264f33305004495a9","hash":"127866fb7b300e43d7cdb4508c42ff806671bc03","contentHash":"3080edd1ed98b5f15da1ffeaad370e3d93b7d67f53307e75d696a13a323e162f"},"/home/deekshitha.t/jobapplicationportal2/middleware/protect.js":{"path":"/home/deekshitha.t/jobapplicationportal2/middleware/protect.js","statementMap":{"0":{"start":{"line":1,"column":12},"end":{"line":1,"column":35}},"1":{"start":{"line":2,"column":21},"end":{"line":2,"column":53}},"2":{"start":{"line":4,"column":16},"end":{"line":32,"column":2}},"3":{"start":{"line":6,"column":16},"end":{"line":6,"column":31}},"4":{"start":{"line":8,"column":2},"end":{"line":10,"column":3}},"5":{"start":{"line":9,"column":4},"end":{"line":9,"column":51}},"6":{"start":{"line":12,"column":2},"end":{"line":30,"column":3}},"7":{"start":{"line":13,"column":20},"end":{"line":13,"column":81}},"8":{"start":{"line":15,"column":4},"end":{"line":17,"column":5}},"9":{"start":{"line":16,"column":6},"end":{"line":16,"column":78}},"10":{"start":{"line":19,"column":4},"end":{"line":19,"column":30}},"11":{"start":{"line":20,"column":4},"end":{"line":20,"column":40}},"12":{"start":{"line":21,"column":4},"end":{"line":21,"column":35}},"13":{"start":{"line":22,"column":5},"end":{"line":22,"column":33}},"14":{"start":{"line":23,"column":5},"end":{"line":23,"column":30}},"15":{"start":{"line":24,"column":4},"end":{"line":24,"column":11}},"16":{"start":{"line":26,"column":4},"end":{"line":26,"column":48}},"17":{"start":{"line":27,"column":4},"end":{"line":29,"column":66}},"18":{"start":{"line":34,"column":0},"end":{"line":34,"column":29}}},"fnMap":{"0":{"name":"(anonymous_0)","decl":{"start":{"line":4,"column":29},"end":{"line":4,"column":30}},"loc":{"start":{"line":4,"column":55},"end":{"line":32,"column":1}},"line":4}},"branchMap":{"0":{"loc":{"start":{"line":8,"column":2},"end":{"line":10,"column":3}},"type":"if","locations":[{"start":{"line":8,"column":2},"end":{"line":10,"column":3}},{"start":{"line":8,"column":2},"end":{"line":10,"column":3}}],"line":8},"1":{"loc":{"start":{"line":15,"column":4},"end":{"line":17,"column":5}},"type":"if","locations":[{"start":{"line":15,"column":4},"end":{"line":17,"column":5}},{"start":{"line":15,"column":4},"end":{"line":17,"column":5}}],"line":15}},"s":{"0":1,"1":1,"2":1,"3":4,"4":4,"5":1,"6":4,"7":4,"8":2,"9":1,"10":1,"11":1,"12":1,"13":1,"14":1,"15":1,"16":2,"17":2,"18":1},"f":{"0":4},"b":{"0":[1,3],"1":[1,1]},"_coverageSchema":"1a1c01bbd47fc00a2c39e90264f33305004495a9","hash":"0e6894b54f6892fbd374aeea03704592a9220425","contentHash":"9cc9ad4b5aeac572e3b2771939020dc0e9e645abb5a94d13be0f68a3d6d36e62"}}